2025-11-07 21:10:53,256 [INFO] Activator:176 - 


2025-11-07 21:10:53,265 [INFO] Activator:177 - !SESSION log4j initialized
2025-11-07 21:11:10,228 [INFO] LogOutputStream:77 - [STDOUT_REDIRECT] 
2025-11-07 21:11:21,856 [INFO] ApplicationProperties:184 - Using Application install path: C:\ST\STM32CubeIDE_1.19.0\STM32CubeIDE\plugins\com.st.stm32cube.common.mx_6.15.0.202507011659
2025-11-07 21:11:21,888 [INFO] DbMcusXml:78 - Set database path to: C:\ST\STM32CubeIDE_1.19.0\STM32CubeIDE\plugins\com.st.stm32cube.common.mx_6.15.0.202507011659\\db\/mcu/
2025-11-07 21:11:21,889 [INFO] ApiDb:274 - Set plugin database path to: C:\ST\STM32CubeIDE_1.19.0\STM32CubeIDE\plugins\com.st.stm32cube.common.mx_6.15.0.202507011659\\db\/plugins/boardmanager/
2025-11-07 21:11:21,890 [WARN] ApiDb:259 - Overriding images path with different value:  => C:\ST\STM32CubeIDE_1.19.0\STM32CubeIDE\plugins\com.st.stm32cube.common.mx_6.15.0.202507011659\\db\/plugins/mcufinder/images/
2025-11-07 21:11:21,907 [INFO] ApiDb:250 - Set database path to: C:\Users\jvmen\.stmcufinder\plugins\mcufinder//mcu/
2025-11-07 21:11:21,909 [INFO] DbMcusAds:125 - Set database path to: C:\Users\jvmen\.stmcufinder\plugins\mcufinder//mcu/
2025-11-07 21:11:21,956 [INFO] CrossReferenceDbSqlite:203 - Set database path to: C:\Users\jvmen\.stmcufinder\plugins\mcufinder//mcu/cs/
2025-11-07 21:11:22,168 [INFO] RulesReader:64 - Compatibility file has been processed (317 Rules)
2025-11-07 21:11:22,333 [INFO] DbMcusXml:78 - Set database path to: C:\ST\STM32CubeIDE_1.19.0\STM32CubeIDE\plugins\com.st.stm32cube.common.mx_6.15.0.202507011659\\db\/mcu/
2025-11-07 21:11:22,333 [INFO] ApiDb:274 - Set plugin database path to: C:\ST\STM32CubeIDE_1.19.0\STM32CubeIDE\plugins\com.st.stm32cube.common.mx_6.15.0.202507011659\\db\/plugins/boardmanager/
2025-11-07 21:11:22,333 [INFO] ApiDb:261 - Set plugin images path to: C:\ST\STM32CubeIDE_1.19.0\STM32CubeIDE\plugins\com.st.stm32cube.common.mx_6.15.0.202507011659\\db\/plugins/mcufinder/images/
2025-11-07 21:11:22,334 [WARN] DbFile:41 - Overriding database path with different value: C:\Users\jvmen\.stmcufinder\plugins\mcufinder/ => C:\Users\jvmen\.stmcufinder\plugins\mcufinder
2025-11-07 21:11:22,334 [INFO] ApiDb:250 - Set database path to: C:\Users\jvmen\.stmcufinder\plugins\mcufinder//mcu/
2025-11-07 21:11:22,334 [WARN] DbFile:41 - Overriding database path with different value: C:\Users\jvmen\.stmcufinder\plugins\mcufinder/ => C:\Users\jvmen\.stmcufinder\plugins\mcufinder
2025-11-07 21:11:22,334 [INFO] DbMcusAds:125 - Set database path to: C:\Users\jvmen\.stmcufinder\plugins\mcufinder//mcu/
2025-11-07 21:11:22,334 [WARN] DbFile:41 - Overriding database path with different value: C:\Users\jvmen\.stmcufinder\plugins\mcufinder/ => C:\Users\jvmen\.stmcufinder\plugins\mcufinder
2025-11-07 21:11:22,334 [WARN] DbFile:41 - Overriding database path with different value: C:\Users\jvmen\.stmcufinder\plugins\mcufinder/ => C:\Users\jvmen\.stmcufinder\plugins\mcufinder
2025-11-07 21:11:22,334 [INFO] CrossReferenceDbSqlite:203 - Set database path to: C:\Users\jvmen\.stmcufinder\plugins\mcufinder//mcu/cs/
2025-11-07 21:11:22,450 [INFO] MainPanel:274 - HeapMemory: 268435456
2025-11-07 21:11:22,673 [INFO] DbMcusXml:78 - Set database path to: C:\ST\STM32CubeIDE_1.19.0\STM32CubeIDE\plugins\com.st.stm32cube.common.mx_6.15.0.202507011659\\db\/mcu/
2025-11-07 21:11:22,674 [INFO] ApiDb:274 - Set plugin database path to: C:\ST\STM32CubeIDE_1.19.0\STM32CubeIDE\plugins\com.st.stm32cube.common.mx_6.15.0.202507011659\\db\/plugins/boardmanager/
2025-11-07 21:11:22,674 [INFO] ApiDb:261 - Set plugin images path to: C:\ST\STM32CubeIDE_1.19.0\STM32CubeIDE\plugins\com.st.stm32cube.common.mx_6.15.0.202507011659\\db\/plugins/mcufinder/images/
2025-11-07 21:11:22,675 [WARN] DbFile:41 - Overriding database path with different value: C:\Users\jvmen\.stmcufinder\plugins\mcufinder/ => C:\Users\jvmen\.stmcufinder\plugins\mcufinder
2025-11-07 21:11:22,675 [INFO] ApiDb:250 - Set database path to: C:\Users\jvmen\.stmcufinder\plugins\mcufinder//mcu/
2025-11-07 21:11:22,675 [WARN] DbFile:41 - Overriding database path with different value: C:\Users\jvmen\.stmcufinder\plugins\mcufinder/ => C:\Users\jvmen\.stmcufinder\plugins\mcufinder
2025-11-07 21:11:22,675 [INFO] DbMcusAds:125 - Set database path to: C:\Users\jvmen\.stmcufinder\plugins\mcufinder//mcu/
2025-11-07 21:11:22,675 [WARN] DbFile:41 - Overriding database path with different value: C:\Users\jvmen\.stmcufinder\plugins\mcufinder/ => C:\Users\jvmen\.stmcufinder\plugins\mcufinder
2025-11-07 21:11:22,675 [WARN] DbFile:41 - Overriding database path with different value: C:\Users\jvmen\.stmcufinder\plugins\mcufinder/ => C:\Users\jvmen\.stmcufinder\plugins\mcufinder
2025-11-07 21:11:22,676 [INFO] CrossReferenceDbSqlite:203 - Set database path to: C:\Users\jvmen\.stmcufinder\plugins\mcufinder//mcu/cs/
2025-11-07 21:11:22,706 [INFO] ApplicationProperties:184 - Using Application install path: C:\ST\STM32CubeIDE_1.19.0\STM32CubeIDE\plugins\com.st.stm32cube.common.mx_6.15.0.202507011659
2025-11-07 21:11:22,708 [INFO] PluginManage:196 - Search for loadable plugins [exclusion list=, ]
2025-11-07 21:11:22,710 [INFO] PluginManage:310 - Check plugin analytics
2025-11-07 21:11:23,090 [INFO] AnalyticsPlugin:253 - Accepted Software Licenses: 
2025-11-07 21:11:23,090 [INFO] AnalyticsPlugin:255 - Accepted CMSIS Pack Licenses: 
2025-11-07 21:11:23,090 [INFO] AnalyticsPlugin:257 - Accepted Firmware Licenses: 
2025-11-07 21:11:23,098 [INFO] PluginManage:359 - Loaded plugin analytics (category:tool,tabindex:-1)
2025-11-07 21:11:23,098 [INFO] PluginManage:310 - Check plugin cadmodel
2025-11-07 21:11:23,126 [INFO] CADModel:105 - Init CAD model plugin
2025-11-07 21:11:23,126 [INFO] PluginManage:359 - Loaded plugin cadmodel (category:power,tabindex:5)
2025-11-07 21:11:23,126 [INFO] PluginManage:310 - Check plugin clock
2025-11-07 21:11:23,154 [INFO] PluginManage:359 - Loaded plugin clock (category:base,tabindex:2)
2025-11-07 21:11:23,155 [INFO] PluginManage:310 - Check plugin ddr
2025-11-07 21:11:23,159 [INFO] PluginManage:359 - Loaded plugin ddr (category:tool,tabindex:6)
2025-11-07 21:11:23,159 [INFO] PluginManage:310 - Check plugin filemanager
2025-11-07 21:11:23,433 [INFO] PluginManage:359 - Loaded plugin filemanager (category:base,tabindex:10)
2025-11-07 21:11:23,433 [INFO] PluginManage:310 - Check plugin ipmanager
2025-11-07 21:11:23,443 [INFO] PluginManage:359 - Loaded plugin ipmanager (category:base,tabindex:5)
2025-11-07 21:11:23,443 [INFO] PluginManage:310 - Check plugin lpbam
2025-11-07 21:11:23,489 [INFO] PluginManage:359 - Loaded plugin lpbam (category:base,tabindex:0)
2025-11-07 21:11:23,489 [INFO] PluginManage:310 - Check plugin memorymap
2025-11-07 21:11:23,549 [INFO] PluginManage:359 - Loaded plugin memorymap (category:base,tabindex:4)
2025-11-07 21:11:23,550 [INFO] PluginManage:310 - Check plugin pinoutandconfiguration
2025-11-07 21:11:23,595 [INFO] PluginManage:359 - Loaded plugin pinoutandconfiguration (category:base,tabindex:1)
2025-11-07 21:11:23,596 [INFO] PluginManage:310 - Check plugin pinoutconfig
2025-11-07 21:11:23,811 [WARN] SupportedApi:132 - Cannot load RTOS API schema: s4s-elt-must-match.1: The content of 'definitions' must match (annotation?, (simpleType | complexType)?, (unique | key | keyref)*)). A problem was found starting at: attribute.
2025-11-07 21:11:24,057 [INFO] PluginManage:359 - Loaded plugin pinoutconfig (category:base,tabindex:0)
2025-11-07 21:11:24,057 [INFO] PluginManage:310 - Check plugin power
2025-11-07 21:11:24,085 [INFO] PluginManage:359 - Loaded plugin power (category:power,tabindex:4)
2025-11-07 21:11:24,086 [INFO] PluginManage:310 - Check plugin projectmanager
2025-11-07 21:11:24,117 [INFO] PluginManage:359 - Loaded plugin projectmanager (category:projectmanager,tabindex:4)
2025-11-07 21:11:24,118 [INFO] PluginManage:310 - Check plugin rif
2025-11-07 21:11:24,149 [INFO] PluginManage:359 - Loaded plugin rif (category:base,tabindex:3)
2025-11-07 21:11:24,150 [INFO] PluginManage:310 - Check plugin thirdparty
2025-11-07 21:11:24,993 [INFO] PluginManage:359 - Loaded plugin thirdparty (category:base,tabindex:-1)
2025-11-07 21:11:24,993 [WARN] IntegrityCheckThread:84 - waiting for thirdparty lock release [integrity check]
2025-11-07 21:11:24,993 [INFO] PluginManage:310 - Check plugin tools
2025-11-07 21:11:24,993 [INFO] IntegrityCheckThread:86 - entering critical section [integrity check]
2025-11-07 21:11:24,994 [INFO] ThirdPartyUpdaterWithRetryManager:70 - Updater plugin not ready yet. [1/15]
2025-11-07 21:11:25,094 [INFO] PluginManage:359 - Loaded plugin tools (category:base,tabindex:7)
2025-11-07 21:11:25,095 [INFO] PluginManage:310 - Check plugin tutovideos
2025-11-07 21:11:25,697 [INFO] PluginManage:359 - Loaded plugin tutovideos (category:base,tabindex:-1)
2025-11-07 21:11:25,698 [INFO] PluginManage:310 - Check plugin updater
2025-11-07 21:11:25,736 [INFO] PluginManage:359 - Loaded plugin updater (category:base,tabindex:12)
2025-11-07 21:11:25,736 [INFO] PluginManage:310 - Check plugin userauth
2025-11-07 21:11:25,742 [INFO] UserAuth:118 - Init User Auth plugin
2025-11-07 21:11:25,744 [INFO] PluginManage:359 - Loaded plugin userauth (category:base,tabindex:14)
2025-11-07 21:11:25,744 [INFO] PluginManage:283 - PluginManage : Loaded plugins [18]
2025-11-07 21:11:26,145 [INFO] PinOutPanel:1589 - setPackage(No Configuration,No Configuration)
2025-11-07 21:11:26,298 [INFO] CADModel:165 - CPN selected for project level
2025-11-07 21:11:26,299 [INFO] CADModel:114 - Register for checkConnection events
2025-11-07 21:11:26,344 [INFO] IPUIPlugin:80 - create IPUIPlugin
2025-11-07 21:11:26,344 [INFO] PluginManager:220 - loadIPPluginJar : add adc
2025-11-07 21:11:26,402 [INFO] IPUIPlugin:80 - create IPUIPlugin
2025-11-07 21:11:26,402 [INFO] PluginManager:220 - loadIPPluginJar : add aes
2025-11-07 21:11:26,473 [INFO] IPUIPlugin:80 - create IPUIPlugin
2025-11-07 21:11:26,474 [INFO] PluginManager:220 - loadIPPluginJar : add can
2025-11-07 21:11:26,539 [INFO] IPUIPlugin:80 - create IPUIPlugin
2025-11-07 21:11:26,540 [INFO] PluginManager:220 - loadIPPluginJar : add comp
2025-11-07 21:11:26,647 [INFO] IPUIPlugin:80 - create IPUIPlugin
2025-11-07 21:11:26,647 [INFO] PluginManager:220 - loadIPPluginJar : add cryp
2025-11-07 21:11:26,668 [INFO] IPUIPlugin:80 - create IPUIPlugin
2025-11-07 21:11:26,668 [INFO] PluginManager:220 - loadIPPluginJar : add ddr_ctrl_phy
2025-11-07 21:11:26,753 [INFO] IPUIPlugin:80 - create IPUIPlugin
2025-11-07 21:11:26,754 [INFO] PluginManager:220 - loadIPPluginJar : add dfsdm
2025-11-07 21:11:26,802 [INFO] IPUIPlugin:80 - create IPUIPlugin
2025-11-07 21:11:26,803 [INFO] PluginManager:220 - loadIPPluginJar : add dma
2025-11-07 21:11:26,967 [INFO] IPUIPlugin:80 - create IPUIPlugin
2025-11-07 21:11:26,967 [INFO] PluginManager:220 - loadIPPluginJar : add dma3
2025-11-07 21:11:27,072 [INFO] IPUIPlugin:80 - create IPUIPlugin
2025-11-07 21:11:27,074 [INFO] PluginManager:220 - loadIPPluginJar : add extmemmanager
2025-11-07 21:11:27,144 [INFO] IPUIPlugin:80 - create IPUIPlugin
2025-11-07 21:11:27,144 [INFO] PluginManager:220 - loadIPPluginJar : add fatfs
2025-11-07 21:11:27,275 [INFO] IPUIPlugin:80 - create IPUIPlugin
2025-11-07 21:11:27,276 [INFO] PluginManager:220 - loadIPPluginJar : add fmc
2025-11-07 21:11:27,319 [INFO] IPUIPlugin:80 - create IPUIPlugin
2025-11-07 21:11:27,320 [INFO] PluginManager:220 - loadIPPluginJar : add freertos
2025-11-07 21:11:27,363 [INFO] IPUIPlugin:80 - create IPUIPlugin
2025-11-07 21:11:27,363 [INFO] PluginManager:220 - loadIPPluginJar : add genericplugin
2025-11-07 21:11:27,665 [INFO] IPUIPlugin:80 - create IPUIPlugin
2025-11-07 21:11:27,666 [INFO] PluginManager:220 - loadIPPluginJar : add gfxmmu
2025-11-07 21:11:28,005 [INFO] ThirdPartyUpdaterWithRetryManager:70 - Updater plugin not ready yet. [2/15]
2025-11-07 21:11:28,140 [INFO] IPUIPlugin:80 - create IPUIPlugin
2025-11-07 21:11:28,140 [INFO] PluginManager:220 - loadIPPluginJar : add gic
2025-11-07 21:11:28,172 [INFO] IPUIPlugin:80 - create IPUIPlugin
2025-11-07 21:11:28,173 [INFO] PluginManager:220 - loadIPPluginJar : add gpio
2025-11-07 21:11:28,455 [INFO] IPUIPlugin:80 - create IPUIPlugin
2025-11-07 21:11:28,456 [INFO] PluginManager:220 - loadIPPluginJar : add gtzc
2025-11-07 21:11:28,549 [INFO] IPUIPlugin:80 - create IPUIPlugin
2025-11-07 21:11:28,549 [INFO] PluginManager:220 - loadIPPluginJar : add hash
2025-11-07 21:11:28,699 [INFO] IPUIPlugin:80 - create IPUIPlugin
2025-11-07 21:11:28,699 [INFO] PluginManager:220 - loadIPPluginJar : add i2c
2025-11-07 21:11:28,796 [INFO] IPUIPlugin:80 - create IPUIPlugin
2025-11-07 21:11:28,796 [INFO] PluginManager:220 - loadIPPluginJar : add i2s
2025-11-07 21:11:28,891 [INFO] IPUIPlugin:80 - create IPUIPlugin
2025-11-07 21:11:28,891 [INFO] PluginManager:220 - loadIPPluginJar : add i3c
2025-11-07 21:11:29,161 [INFO] IPUIPlugin:80 - create IPUIPlugin
2025-11-07 21:11:29,162 [INFO] PluginManager:220 - loadIPPluginJar : add ipddr
2025-11-07 21:11:29,413 [INFO] IPUIPlugin:80 - create IPUIPlugin
2025-11-07 21:11:29,413 [INFO] PluginManager:220 - loadIPPluginJar : add linkedlist
2025-11-07 21:11:29,489 [INFO] IPUIPlugin:80 - create IPUIPlugin
2025-11-07 21:11:29,489 [INFO] PluginManager:220 - loadIPPluginJar : add lorawan
2025-11-07 21:11:29,602 [INFO] IPUIPlugin:80 - create IPUIPlugin
2025-11-07 21:11:29,603 [INFO] PluginManager:220 - loadIPPluginJar : add ltdc
2025-11-07 21:11:29,639 [INFO] IPUIPlugin:80 - create IPUIPlugin
2025-11-07 21:11:29,639 [INFO] PluginManager:220 - loadIPPluginJar : add mdma
2025-11-07 21:11:29,668 [INFO] IPUIPlugin:80 - create IPUIPlugin
2025-11-07 21:11:29,668 [INFO] PluginManager:220 - loadIPPluginJar : add nvic
2025-11-07 21:11:29,754 [INFO] IPUIPlugin:80 - create IPUIPlugin
2025-11-07 21:11:29,754 [INFO] PluginManager:220 - loadIPPluginJar : add opamp
2025-11-07 21:11:29,889 [INFO] IPUIPlugin:80 - create IPUIPlugin
2025-11-07 21:11:29,889 [INFO] PluginManager:220 - loadIPPluginJar : add openamp
2025-11-07 21:11:30,006 [INFO] IPUIPlugin:80 - create IPUIPlugin
2025-11-07 21:11:30,006 [INFO] PluginManager:220 - loadIPPluginJar : add pdm2pcm
2025-11-07 21:11:30,057 [INFO] IPUIPlugin:80 - create IPUIPlugin
2025-11-07 21:11:30,067 [INFO] PluginManager:220 - loadIPPluginJar : add plateformsettings
2025-11-07 21:11:30,144 [INFO] IPUIPlugin:80 - create IPUIPlugin
2025-11-07 21:11:30,145 [INFO] PluginManager:220 - loadIPPluginJar : add quadspi
2025-11-07 21:11:30,218 [INFO] IPUIPlugin:80 - create IPUIPlugin
2025-11-07 21:11:30,219 [INFO] PluginManager:220 - loadIPPluginJar : add radio
2025-11-07 21:11:30,247 [INFO] IPUIPlugin:80 - create IPUIPlugin
2025-11-07 21:11:30,247 [INFO] PluginManager:220 - loadIPPluginJar : add resmgrutility
2025-11-07 21:11:30,358 [INFO] IPUIPlugin:80 - create IPUIPlugin
2025-11-07 21:11:30,359 [INFO] PluginManager:220 - loadIPPluginJar : add sai
2025-11-07 21:11:30,474 [INFO] IPUIPlugin:80 - create IPUIPlugin
2025-11-07 21:11:30,474 [INFO] PluginManager:220 - loadIPPluginJar : add spi
2025-11-07 21:11:30,621 [INFO] IPUIPlugin:80 - create IPUIPlugin
2025-11-07 21:11:30,621 [INFO] PluginManager:220 - loadIPPluginJar : add stm32_wpan
2025-11-07 21:11:30,669 [INFO] IPUIPlugin:80 - create IPUIPlugin
2025-11-07 21:11:30,669 [INFO] PluginManager:220 - loadIPPluginJar : add tim
2025-11-07 21:11:30,844 [INFO] IPUIPlugin:80 - create IPUIPlugin
2025-11-07 21:11:30,845 [INFO] PluginManager:220 - loadIPPluginJar : add touchsensing
2025-11-07 21:11:30,902 [INFO] IPUIPlugin:80 - create IPUIPlugin
2025-11-07 21:11:30,902 [INFO] PluginManager:220 - loadIPPluginJar : add tracer_emb
2025-11-07 21:11:30,933 [INFO] IPUIPlugin:80 - create IPUIPlugin
2025-11-07 21:11:30,933 [INFO] PluginManager:220 - loadIPPluginJar : add ts
2025-11-07 21:11:30,996 [INFO] IPUIPlugin:80 - create IPUIPlugin
2025-11-07 21:11:30,996 [INFO] PluginManager:220 - loadIPPluginJar : add tsc
2025-11-07 21:11:31,019 [INFO] ThirdPartyUpdaterWithRetryManager:70 - Updater plugin not ready yet. [3/15]
2025-11-07 21:11:31,081 [INFO] IPUIPlugin:80 - create IPUIPlugin
2025-11-07 21:11:31,082 [INFO] PluginManager:220 - loadIPPluginJar : add ucpd
2025-11-07 21:11:31,199 [INFO] IPUIPlugin:80 - create IPUIPlugin
2025-11-07 21:11:31,200 [INFO] PluginManager:220 - loadIPPluginJar : add usart
2025-11-07 21:11:31,289 [INFO] IPUIPlugin:80 - create IPUIPlugin
2025-11-07 21:11:31,289 [INFO] PluginManager:220 - loadIPPluginJar : add usbx
2025-11-07 21:11:31,477 [FATAL] Updater:351 - Updater called before beeing initialized
2025-11-07 21:11:31,535 [INFO] RulesReader:64 - Compatibility file has been processed (317 Rules)
2025-11-07 21:11:31,568 [INFO] RulesReader:64 - Compatibility file has been processed (317 Rules)
2025-11-07 21:11:31,594 [INFO] CADModel:165 - CPN selected for project level
2025-11-07 21:11:31,594 [INFO] CADModel:114 - Register for checkConnection events
2025-11-07 21:11:31,594 [FATAL] Updater:351 - Updater called before beeing initialized
2025-11-07 21:11:31,595 [ERROR] CADModel:125 - Updater not yet initialized, retry later 
2025-11-07 21:11:31,921 [FATAL] Updater:351 - Updater called before beeing initialized
2025-11-07 21:11:31,923 [INFO] CADModel:165 - CPN selected for project level
2025-11-07 21:11:31,924 [INFO] CADModel:114 - Register for checkConnection events
2025-11-07 21:11:31,924 [FATAL] Updater:351 - Updater called before beeing initialized
2025-11-07 21:11:31,924 [ERROR] CADModel:125 - Updater not yet initialized, retry later 
2025-11-07 21:11:31,930 [FATAL] Updater:351 - Updater called before beeing initialized
2025-11-07 21:11:32,166 [FATAL] Updater:351 - Updater called before beeing initialized
2025-11-07 21:11:32,190 [INFO] DbMcusAds:53 - JSON generation date=Thu Oct 02 06:36:05 BRT 2025 (1759397765645)
2025-11-07 21:11:32,190 [FATAL] Updater:351 - Updater called before beeing initialized
2025-11-07 21:11:32,267 [WARN] DetailPanel:346 - Failed to get advertising image, set to default
2025-11-07 21:11:32,431 [FATAL] Updater:351 - Updater called before beeing initialized
2025-11-07 21:11:32,435 [FATAL] Updater:351 - Updater called before beeing initialized
2025-11-07 21:11:32,435 [FATAL] Updater:351 - Updater called before beeing initialized
2025-11-07 21:11:32,435 [WARN] DetailPanel:346 - Failed to get advertising image, set to default
2025-11-07 21:11:32,438 [FATAL] Updater:351 - Updater called before beeing initialized
2025-11-07 21:11:32,590 [ERROR] Updater:1198 - MainUpdater not yet initialized. External WinMGr cannot be set.
2025-11-07 21:11:32,621 [INFO] Updater:1134 - Updater Version found : 6.15.0
2025-11-07 21:11:32,655 [INFO] ApplicationProperties:184 - Using Application install path: C:\ST\STM32CubeIDE_1.19.0\STM32CubeIDE\plugins\com.st.stm32cube.common.mx_6.15.0.202507011659
2025-11-07 21:11:34,024 [INFO] ThirdPartyUpdaterWithRetryManager:70 - Updater plugin not ready yet. [4/15]
2025-11-07 21:11:34,289 [ERROR] LogOutputStream:75 - [STDERR_REDIRECT] Nov 07, 2025 9:11:34 PM java.util.prefs.WindowsPreferences <init>
2025-11-07 21:11:34,292 [ERROR] LogOutputStream:75 - [STDERR_REDIRECT] WARNING: Could not open/create prefs root node Software\JavaSoft\Prefs at root 0xffffffff80000002. Windows RegCreateKeyEx(...) returned error code 5.
2025-11-07 21:11:34,293 [ERROR] LogOutputStream:75 - [STDERR_REDIRECT] 
2025-11-07 21:11:35,000 [INFO] MainUpdater:2872 - connection check result : 10
2025-11-07 21:11:35,001 [INFO] MainUpdater:289 - Updater Check For Update Now.
2025-11-07 21:11:35,001 [INFO] MicroXplorer:498 - Change Database Version : DB.6.0.150
2025-11-07 21:11:35,038 [INFO] McuFinderGlobals:63 - Set McuFinder mode to 2 (CubeIDE integrated)
2025-11-07 21:11:35,056 [INFO] UserAuth:487 - Internet connection configuration mode: 1
2025-11-07 21:11:35,145 [INFO] JxBrowserEngine:152 - Initiate JxBrowser Engine with user profile folder
2025-11-07 21:11:35,361 [INFO] CheckServerUpdateThread:120 - End of CheckServer Thread
2025-11-07 21:11:37,479 [INFO] WebApp:169 - Instantiating new browser for Auth
2025-11-07 21:11:37,697 [WARN] PackLoader:240 - Cannot read IP mode file for STMicroelectronics.FP-SNS-MOTENVWB1.1.4.0
2025-11-07 21:11:37,724 [WARN] PackLoader:240 - Cannot read IP mode file for STMicroelectronics.FP-ATR-ASTRA1.2.0.2
2025-11-07 21:11:37,741 [WARN] PackLoader:240 - Cannot read IP mode file for STMicroelectronics.FP-ATR-ASTRA1.2.0.1
2025-11-07 21:11:37,773 [WARN] PackLoader:240 - Cannot read IP mode file for STMicroelectronics.X-CUBE-SMBUS.2.1.0
2025-11-07 21:11:37,802 [WARN] PackLoader:240 - Cannot read IP mode file for STMicroelectronics.X-CUBE-WB05N.1.1.0
2025-11-07 21:11:37,824 [WARN] PackLoader:240 - Cannot read IP mode file for STMicroelectronics.X-CUBE-ST60.1.0.0
2025-11-07 21:11:37,845 [WARN] PackLoader:240 - Cannot read IP mode file for STMicroelectronics.X-CUBE-TOUCHGFX.4.23.1
2025-11-07 21:11:37,874 [WARN] PackLoader:240 - Cannot read IP mode file for STMicroelectronics.X-CUBE-TOUCHGFX.4.23.0
2025-11-07 21:11:37,902 [WARN] PackLoader:240 - Cannot read IP mode file for STMicroelectronics.X-CUBE-TOUCHGFX.4.23.2
2025-11-07 21:11:37,984 [WARN] PackLoader:240 - Cannot read IP mode file for STMicroelectronics.X-CUBE-AZRTOS-F7.1.1.0
2025-11-07 21:11:38,018 [WARN] PackLoader:240 - Cannot read IP mode file for STMicroelectronics.FP-SNS-MOTENV1.4.3.2
2025-11-07 21:11:38,167 [WARN] PackLoader:240 - Cannot read IP mode file for STMicroelectronics.X-CUBE-MEMS1.11.0.0
2025-11-07 21:11:38,416 [WARN] PackLoader:240 - Cannot read IP mode file for STMicroelectronics.FP-SNS-MOTENV1.5.1.0
2025-11-07 21:11:38,440 [WARN] PackLoader:240 - Cannot read IP mode file for STMicroelectronics.FP-SNS-FLIGHT1.5.0.2
2025-11-07 21:11:38,490 [WARN] PackLoader:240 - Cannot read IP mode file for STMicroelectronics.X-CUBE-AZRTOS-H7.3.4.0
2025-11-07 21:11:38,520 [WARN] PackLoader:240 - Cannot read IP mode file for STMicroelectronics.X-CUBE-DISPLAY.3.0.0
2025-11-07 21:11:38,545 [WARN] PackLoader:240 - Cannot read IP mode file for STMicroelectronics.X-CUBE-BLE1.7.0.0
2025-11-07 21:11:38,565 [WARN] PackLoader:240 - Cannot read IP mode file for STMicroelectronics.X-CUBE-NFC10.1.0.0
2025-11-07 21:11:38,589 [WARN] PackLoader:240 - Cannot read IP mode file for STMicroelectronics.X-CUBE-BLEMGR.4.0.0
2025-11-07 21:11:38,607 [WARN] PackLoader:240 - Cannot read IP mode file for STMicroelectronics.X-CUBE-ST60.1.1.0
2025-11-07 21:11:38,628 [WARN] PackLoader:240 - Cannot read IP mode file for emotas.I-CUBE-CANOPEN.1.3.0
2025-11-07 21:11:38,648 [WARN] PackLoader:240 - Cannot read IP mode file for STMicroelectronics.X-CUBE-GNSS1.7.1.0
2025-11-07 21:11:38,702 [WARN] PackLoader:240 - Cannot read IP mode file for STMicroelectronics.X-CUBE-BLEMGR.3.1.0
2025-11-07 21:11:38,734 [WARN] PackLoader:240 - Cannot read IP mode file for STMicroelectronics.X-CUBE-AI.10.0.0
2025-11-07 21:11:38,773 [WARN] PackLoader:240 - Cannot read IP mode file for STMicroelectronics.FP-SNS-STBOX1.2.1.0
2025-11-07 21:11:38,799 [WARN] PackLoader:240 - Cannot read IP mode file for STMicroelectronics.FP-SNS-SMARTAG2.1.2.0
2025-11-07 21:11:38,819 [WARN] PackLoader:240 - Cannot read IP mode file for STMicroelectronics.FP-SNS-FLIGHT1.5.1.0
2025-11-07 21:11:38,997 [WARN] PackLoader:240 - Cannot read IP mode file for STMicroelectronics.X-CUBE-MEMS1.11.1.0
2025-11-07 21:11:39,188 [INFO] WebApp:463 - Apply proxy settings
2025-11-07 21:11:39,190 [INFO] WebApp:548 - Chromium requires no authentication
2025-11-07 21:11:39,212 [INFO] WebApp:491 - Direct internet connection detected
2025-11-07 21:11:39,354 [INFO] WebApp:900 - Register for checkConnection events
2025-11-07 21:11:39,354 [INFO] WebApp:463 - Apply proxy settings
2025-11-07 21:11:39,354 [INFO] WebApp:548 - Chromium requires no authentication
2025-11-07 21:11:39,355 [INFO] WebApp:491 - Direct internet connection detected
2025-11-07 21:11:39,388 [INFO] LogOutputStream:77 - [STDOUT_REDIRECT] 1 : Invalid condition id : UX_CORESTACK_Condition cause : null
2025-11-07 21:11:39,391 [INFO] LogOutputStream:77 - [STDOUT_REDIRECT] 1 : Invalid condition id : UX_CORESTACK_Condition cause : null
2025-11-07 21:11:39,394 [INFO] LogOutputStream:77 - [STDOUT_REDIRECT] 1 : Invalid condition id : UX_CORESTACK_Condition cause : null
2025-11-07 21:11:39,399 [INFO] LogOutputStream:77 - [STDOUT_REDIRECT] 1 : Invalid condition id : UX_CORESTACK_Condition cause : null
2025-11-07 21:11:39,402 [INFO] LogOutputStream:77 - [STDOUT_REDIRECT] 1 : Invalid condition id : UX_CORESTACK_Condition cause : null
2025-11-07 21:11:39,411 [WARN] PackLoader:240 - Cannot read IP mode file for STMicroelectronics.X-CUBE-AZRTOS-WL.2.0.0
2025-11-07 21:11:39,444 [WARN] PackLoader:240 - Cannot read IP mode file for STMicroelectronics.FP-SNS-MOTENV1.5.0.0
2025-11-07 21:11:39,467 [WARN] PackLoader:240 - Cannot read IP mode file for wolfSSL.I-CUBE-wolfMQTT.1.19.0
2025-11-07 21:11:39,498 [WARN] PackLoader:240 - Cannot read IP mode file for WES.I-CUBE-Cesium.1.3.0
2025-11-07 21:11:39,522 [WARN] PackLoader:240 - Cannot read IP mode file for STMicroelectronics.X-CUBE-BLE2.3.3.0
2025-11-07 21:11:39,552 [WARN] PackLoader:240 - Cannot read IP mode file for STMicroelectronics.X-CUBE-NFC9.1.0.0
2025-11-07 21:11:39,574 [WARN] PackLoader:240 - Cannot read IP mode file for STMicroelectronics.X-CUBE-BLE1.7.1.0
2025-11-07 21:11:39,618 [WARN] PackLoader:240 - Cannot read IP mode file for STMicroelectronics.X-CUBE-TCPP.4.1.0
2025-11-07 21:11:39,639 [INFO] WebApp:191 - Connection restablished
2025-11-07 21:11:39,656 [WARN] PackLoader:240 - Cannot read IP mode file for STMicroelectronics.X-CUBE-EEPRMA1.5.2.0
2025-11-07 21:11:39,685 [WARN] PackLoader:240 - Cannot read IP mode file for STMicroelectronics.X-CUBE-ST67W61.1.1.0
2025-11-07 21:11:39,708 [WARN] PackLoader:240 - Cannot read IP mode file for STMicroelectronics.X-CUBE-AI.10.1.0
2025-11-07 21:11:39,739 [WARN] PackLoader:240 - Cannot read IP mode file for STMicroelectronics.X-CUBE-ALGOBUILD.1.3.0
2025-11-07 21:11:39,783 [WARN] PackLoader:240 - Cannot read IP mode file for STMicroelectronics.X-CUBE-AZRTOS-G0.1.1.0
2025-11-07 21:11:39,820 [WARN] PackLoader:240 - Cannot read IP mode file for STMicroelectronics.X-CUBE-SAFEA1.1.2.2
2025-11-07 21:11:39,847 [WARN] PackLoader:240 - Cannot read IP mode file for STMicroelectronics.X-CUBE-NFC4.3.0.0
2025-11-07 21:11:39,881 [WARN] PackLoader:240 - Cannot read IP mode file for EmbeddedOffice.I-CUBE-FS-RTOS.1.0.1
2025-11-07 21:11:39,908 [WARN] PackLoader:240 - Cannot read IP mode file for STMicroelectronics.X-CUBE-WB05N.2.0.0
2025-11-07 21:11:39,935 [WARN] PackLoader:240 - Cannot read IP mode file for STMicroelectronics.X-CUBE-TCPP.4.2.0
2025-11-07 21:11:39,965 [WARN] PackLoader:240 - Cannot read IP mode file for RealThread.X-CUBE-RT-Thread_Nano.4.1.1
2025-11-07 21:11:39,972 [INFO] WebApp:225 - Starting web application
2025-11-07 21:11:39,972 [INFO] WebApp:593 - Web application path used C:\ST\STM32CubeIDE_1.19.0\STM32CubeIDE\plugins\com.st.stm32cube.common.mx_6.15.0.202507011659\db\plugins\mcufinder\reactClient1\index.html
2025-11-07 21:11:39,987 [WARN] PackLoader:240 - Cannot read IP mode file for STMicroelectronics.FP-ATR-SIGFOX1.3.2.0
2025-11-07 21:11:40,018 [WARN] ConditionMgr:438 - getConditionDescription Invalid condition id : Cortex-A Device cause : null
2025-11-07 21:11:40,083 [WARN] ConditionMgr:1044 - genDependencies : Invalid condition id : Cortex-A Device cause : null
2025-11-07 21:11:40,083 [WARN] ConditionMgr:1044 - genDependencies : Invalid condition id : Cortex-A Device cause : null
2025-11-07 21:11:40,083 [WARN] ConditionMgr:1044 - genDependencies : Invalid condition id : Cortex-A Device cause : null
2025-11-07 21:11:40,124 [WARN] PackLoader:240 - Cannot read IP mode file for STMicroelectronics.X-CUBE-EEPRMA1.5.1.0
2025-11-07 21:11:40,189 [WARN] PackLoader:240 - Cannot read IP mode file for STMicroelectronics.X-CUBE-ST67W61.1.0.0
2025-11-07 21:11:40,260 [WARN] PackLoader:240 - Cannot read IP mode file for STMicroelectronics.X-CUBE-AI.10.2.0
2025-11-07 21:11:40,300 [INFO] UserAuth:487 - Internet connection configuration mode: 1
2025-11-07 21:11:40,430 [WARN] PackLoader:240 - Cannot read IP mode file for SEGGER.I-CUBE-embOS.1.3.1
2025-11-07 21:11:40,496 [WARN] PackLoader:240 - Cannot read IP mode file for STMicroelectronics.X-CUBE-ALGOBUILD.1.4.0
2025-11-07 21:11:40,682 [WARN] PackLoader:240 - Cannot read IP mode file for STMicroelectronics.X-CUBE-MEMS1.11.3.0
2025-11-07 21:11:40,840 [WARN] PackLoader:240 - Cannot read IP mode file for STMicroelectronics.X-CUBE-AI.9.1.0
2025-11-07 21:11:40,871 [WARN] PackLoader:240 - Cannot read IP mode file for STMicroelectronics.X-CUBE-PM33A1.1.0.0
2025-11-07 21:11:40,897 [WARN] PackLoader:240 - Cannot read IP mode file for STMicroelectronics.X-CUBE-GNSS1.6.0.0
2025-11-07 21:11:40,940 [WARN] PackLoader:240 - Cannot read IP mode file for STMicroelectronics.X-CUBE-AZRTOS-F4.1.1.0
2025-11-07 21:11:40,971 [WARN] PackLoader:240 - Cannot read IP mode file for Avnet-IotConnect.X-CUBE-IoTC-DA16k-PMOD.1.0.0
2025-11-07 21:11:40,990 [WARN] PackLoader:240 - Cannot read IP mode file for STMicroelectronics.X-CUBE-ISPU.2.1.0
2025-11-07 21:11:41,057 [WARN] PackLoader:240 - Cannot read IP mode file for STMicroelectronics.X-CUBE-IPS.3.2.0
2025-11-07 21:11:41,100 [WARN] PackLoader:240 - Cannot read IP mode file for STMicroelectronics.X-CUBE-FREERTOS.1.2.0
2025-11-07 21:11:41,128 [WARN] PackLoader:240 - Cannot read IP mode file for wolfSSL.I-CUBE-wolfSSL.5.6.6
2025-11-07 21:11:41,161 [WARN] PackLoader:240 - Cannot read IP mode file for STMicroelectronics.X-CUBE-NFC12.1.0.0
2025-11-07 21:11:41,210 [WARN] PackLoader:240 - Cannot read IP mode file for STMicroelectronics.X-CUBE-AZRTOS-L5.2.0.0
2025-11-07 21:11:41,246 [WARN] PackLoader:240 - Cannot read IP mode file for STMicroelectronics.X-CUBE-NFC6.3.1.0
2025-11-07 21:11:41,291 [WARN] PackLoader:240 - Cannot read IP mode file for ITTIA_DB.I-CUBE-ITTIADB.8.8.0
2025-11-07 21:11:41,321 [WARN] PackLoader:240 - Cannot read IP mode file for STMicroelectronics.X-CUBE-DPower.1.2.0
2025-11-07 21:11:41,344 [WARN] PackLoader:240 - Cannot read IP mode file for STMicroelectronics.X-CUBE-AI.9.0.0
2025-11-07 21:11:41,365 [WARN] PackLoader:240 - Cannot read IP mode file for STMicroelectronics.X-CUBE-FREERTOS.1.3.1
2025-11-07 21:11:41,395 [WARN] PackLoader:240 - Cannot read IP mode file for STMicroelectronics.X-CUBE-FREERTOS.1.3.0
2025-11-07 21:11:41,423 [WARN] PackLoader:240 - Cannot read IP mode file for STMicroelectronics.X-CUBE-NFC7.1.0.1
2025-11-07 21:11:41,454 [WARN] PackLoader:240 - Cannot read IP mode file for STMicroelectronics.X-CUBE-TOUCHGFX.4.26.0
2025-11-07 21:11:41,481 [WARN] PackLoader:240 - Cannot read IP mode file for STMicroelectronics.X-CUBE-NFC6.3.0.0
2025-11-07 21:11:41,515 [WARN] PackLoader:240 - Cannot read IP mode file for STMicroelectronics.FP-SNS-STAIOTCFT.1.0.0
2025-11-07 21:11:41,545 [WARN] PackLoader:240 - Cannot read IP mode file for STMicroelectronics.X-CUBE-DPower.1.3.0
2025-11-07 21:11:41,572 [WARN] PackLoader:240 - Cannot read IP mode file for STMicroelectronics.X-CUBE-AI.8.1.0
2025-11-07 21:11:41,628 [WARN] ConditionMgr:438 - getConditionDescription Invalid condition id : LAN8742 Phy interface Condition cause : null
2025-11-07 21:11:41,628 [WARN] PackLoader:240 - Cannot read IP mode file for STMicroelectronics.X-CUBE-AZRTOS-L4.2.0.0
2025-11-07 21:11:41,629 [WARN] ConditionMgr:1044 - genDependencies : Invalid condition id : LAN8742 Phy interface Condition cause : null
2025-11-07 21:11:41,629 [WARN] ConditionMgr:1044 - genDependencies : Invalid condition id : LAN8742 Phy interface Condition cause : null
2025-11-07 21:11:41,630 [WARN] ConditionMgr:1044 - genDependencies : Invalid condition id : LAN8742 Phy interface Condition cause : null
2025-11-07 21:11:41,666 [WARN] PackLoader:240 - Cannot read IP mode file for STMicroelectronics.X-CUBE-SFXS2LP1.4.0.0
2025-11-07 21:11:41,713 [WARN] PackLoader:240 - Cannot read IP mode file for STMicroelectronics.X-CUBE-AZRTOS-H7.3.3.0
2025-11-07 21:11:41,745 [WARN] PackLoader:240 - Cannot read IP mode file for STMicroelectronics.X-CUBE-BLEMGR.4.1.0
2025-11-07 21:11:41,789 [WARN] PackLoader:240 - Cannot read IP mode file for STMicroelectronics.X-CUBE-IPS.3.0.0
2025-11-07 21:11:41,831 [WARN] ConditionMgr:438 - getConditionDescription Invalid condition id : UX DEVICE CLASS RTOS Condition cause : null
2025-11-07 21:11:41,831 [WARN] ConditionMgr:438 - getConditionDescription Invalid condition id : UX DEVICE CLASS RTOS Condition cause : null
2025-11-07 21:11:41,833 [WARN] PackLoader:240 - Cannot read IP mode file for STMicroelectronics.X-CUBE-AZRTOS-WB.2.0.0
2025-11-07 21:11:41,833 [WARN] ConditionMgr:1044 - genDependencies : Invalid condition id : UX DEVICE CLASS RTOS Condition cause : null
2025-11-07 21:11:41,833 [WARN] ConditionMgr:1044 - genDependencies : Invalid condition id : UX DEVICE CLASS RTOS Condition cause : null
2025-11-07 21:11:41,834 [WARN] ConditionMgr:1044 - genDependencies : Invalid condition id : UX DEVICE CLASS RTOS Condition cause : null
2025-11-07 21:11:41,835 [WARN] ConditionMgr:1044 - genDependencies : Invalid condition id : UX DEVICE CLASS RTOS Condition cause : null
2025-11-07 21:11:41,835 [WARN] ConditionMgr:1044 - genDependencies : Invalid condition id : UX DEVICE CLASS RTOS Condition cause : null
2025-11-07 21:11:41,857 [WARN] PackLoader:240 - Cannot read IP mode file for STMicroelectronics.X-CUBE-GNSS1.7.0.0
2025-11-07 21:11:41,887 [WARN] PackLoader:240 - Cannot read IP mode file for STMicroelectronics.X-CUBE-GNSS1.7.0.1
2025-11-07 21:11:41,914 [WARN] PackLoader:240 - Cannot read IP mode file for STMicroelectronics.X-CUBE-TOUCHGFX.4.25.0
2025-11-07 21:11:41,937 [WARN] PackLoader:240 - Cannot read IP mode file for STMicroelectronics.FP-SNS-STBOX1.2.0.0
2025-11-07 21:11:41,968 [WARN] PackLoader:240 - Cannot read IP mode file for STMicroelectronics.X-CUBE-SUBG2.5.0.0
2025-11-07 21:11:42,031 [WARN] PackLoader:240 - Cannot read IP mode file for STMicroelectronics.X-CUBE-AZRTOS-H7RS.1.1.0
2025-11-07 21:11:42,063 [WARN] PackLoader:240 - Cannot read IP mode file for STMicroelectronics.X-CUBE-AZRTOS-G4.2.0.0
2025-11-07 21:11:42,103 [WARN] PackLoader:240 - Cannot read IP mode file for Infineon.AIROC-Wi-Fi-Bluetooth-STM32.1.5.1
2025-11-07 21:11:42,128 [WARN] PackLoader:240 - Cannot read IP mode file for STMicroelectronics.X-CUBE-NFC7.2.0.0
2025-11-07 21:11:42,149 [WARN] PackLoader:240 - Cannot read IP mode file for STMicroelectronics.FP-SNS-MOTENVWB1.1.3.1
2025-11-07 21:11:42,172 [WARN] PackLoader:240 - Cannot read IP mode file for STMicroelectronics.X-CUBE-ISPU.2.0.0
2025-11-07 21:11:42,195 [WARN] PackLoader:240 - Cannot read IP mode file for STMicroelectronics.X-CUBE-IPS.3.1.0
2025-11-07 21:11:42,222 [WARN] PackLoader:240 - Cannot read IP mode file for STMicroelectronics.X-CUBE-ALS.1.0.2
2025-11-07 21:11:42,275 [WARN] PackLoader:240 - Cannot read IP mode file for STMicroelectronics.X-CUBE-MEMS1.10.0.0
2025-11-07 21:11:42,481 [WARN] PackLoader:240 - Cannot read IP mode file for STMicroelectronics.X-CUBE-FREERTOS.1.1.0
2025-11-07 21:11:42,504 [WARN] PackLoader:240 - Cannot read IP mode file for STMicroelectronics.X-CUBE-TOUCHGFX.4.24.0
2025-11-07 21:11:42,526 [WARN] PackLoader:240 - Cannot read IP mode file for STMicroelectronics.X-CUBE-TOUCHGFX.4.24.1
2025-11-07 21:11:42,549 [WARN] PackLoader:240 - Cannot read IP mode file for STMicroelectronics.X-CUBE-STSE01.1.0.0
2025-11-07 21:11:42,569 [WARN] PackLoader:240 - Cannot read IP mode file for wolfSSL.I-CUBE-wolfTPM.3.4.0
2025-11-07 21:11:42,587 [WARN] PackLoader:240 - Cannot read IP mode file for portGmbH.I-Cube-SoM-uGOAL.1.1.0
2025-11-07 21:11:42,608 [WARN] PackLoader:240 - Cannot read IP mode file for STMicroelectronics.X-CUBE-ALS.1.0.1
2025-11-07 21:11:42,652 [WARN] PackLoader:240 - Cannot read IP mode file for STMicroelectronics.X-CUBE-AZRTOS-H7RS.1.0.0
2025-11-07 21:11:42,676 [WARN] PackLoader:240 - Cannot read IP mode file for STMicroelectronics.FP-ATR-ASTRA1.2.0.0
2025-11-07 21:11:42,707 [WARN] PackLoader:240 - Cannot read IP mode file for STMicroelectronics.X-CUBE-TOF1.3.4.2
2025-11-07 21:11:42,748 [WARN] PackLoader:240 - Cannot read IP mode file for STMicroelectronics.X-CUBE-TOF1.3.4.3
2025-11-07 21:11:42,791 [WARN] PackLoader:240 - Cannot read IP mode file for STMicroelectronics.X-CUBE-TOF1.3.4.1
2025-11-07 21:11:42,839 [WARN] PackLoader:240 - Cannot read IP mode file for STMicroelectronics.X-CUBE-AZRTOS-H7.3.2.0
2025-11-07 21:11:42,865 [WARN] PackLoader:240 - Cannot read IP mode file for wolfSSL.I-CUBE-wolfSSH.1.4.17
2025-11-07 21:11:42,865 [INFO] ThirdParty:978 - Integrity check success = true
2025-11-07 21:11:42,866 [INFO] IntegrityCheckThread:100 - exiting critical section [integrity check]
2025-11-07 21:11:42,866 [INFO] IntegrityCheckThread:103 - End integrity checks thread
