2025-10-12 13:21:24,495 [ERROR] ConfigurationRetriever:142 - IOException on connection: Read timed out
2025-10-12 13:21:26,535 [ERROR] ConfigurationRetriever:142 - IOException on connection: Connect timed out
2025-10-12 13:21:27,972 [INFO] WebApp:194 - Connection lost
2025-10-12 13:21:28,550 [ERROR] ConfigurationRetriever:142 - IOException on connection: Connect timed out
2025-10-12 13:21:29,239 [INFO] WebApp:191 - Connection restablished
2025-10-12 13:21:33,131 [INFO] WebApp:194 - Connection lost
2025-10-12 13:21:33,398 [INFO] WebApp:191 - Connection restablished
2025-10-12 13:21:46,604 [INFO] WebApp:194 - Connection lost
2025-10-12 13:21:46,887 [INFO] WebApp:191 - Connection restablished
2025-10-12 13:21:50,563 [INFO] WebApp:194 - Connection lost
2025-10-12 13:21:50,845 [INFO] WebApp:191 - Connection restablished
2025-10-12 13:22:07,397 [INFO] WebApp:194 - Connection lost
2025-10-12 13:22:10,717 [INFO] WebApp:191 - Connection restablished
2025-10-12 13:22:14,072 [INFO] WebApp:194 - Connection lost
2025-10-12 13:22:14,352 [INFO] WebApp:191 - Connection restablished
2025-10-12 13:22:35,539 [INFO] WebApp:194 - Connection lost
2025-10-12 13:22:35,811 [INFO] WebApp:191 - Connection restablished
2025-10-12 13:22:39,626 [INFO] WebApp:194 - Connection lost
2025-10-12 13:22:39,888 [INFO] WebApp:191 - Connection restablished
2025-10-12 13:22:43,578 [INFO] WebApp:194 - Connection lost
2025-10-12 13:22:43,828 [INFO] WebApp:191 - Connection restablished
2025-10-12 13:22:57,431 [INFO] WebApp:194 - Connection lost
2025-10-12 13:22:59,084 [INFO] WebApp:191 - Connection restablished
2025-10-12 13:23:02,571 [INFO] WebApp:194 - Connection lost
2025-10-12 13:23:02,833 [INFO] WebApp:191 - Connection restablished
2025-10-12 13:52:42,825 [INFO] WebApp:194 - Connection lost
2025-10-12 13:52:44,406 [INFO] WebApp:191 - Connection restablished
2025-10-12 13:52:47,577 [INFO] WebApp:194 - Connection lost
2025-10-12 13:52:47,736 [INFO] WebApp:191 - Connection restablished
2025-10-12 13:53:05,596 [INFO] WebApp:194 - Connection lost
2025-10-12 13:53:05,756 [INFO] WebApp:191 - Connection restablished
2025-10-12 13:53:15,092 [INFO] WebApp:194 - Connection lost
2025-10-12 13:53:15,279 [INFO] WebApp:191 - Connection restablished
2025-10-12 13:53:22,673 [INFO] WebApp:194 - Connection lost
2025-10-12 13:53:23,684 [INFO] WebApp:191 - Connection restablished
2025-10-12 13:53:27,076 [INFO] WebApp:194 - Connection lost
2025-10-12 13:53:27,266 [INFO] WebApp:191 - Connection restablished
2025-10-12 13:53:37,128 [INFO] WebApp:194 - Connection lost
2025-10-12 13:53:43,398 [INFO] WebApp:191 - Connection restablished
2025-10-12 13:53:48,084 [INFO] WebApp:194 - Connection lost
2025-10-12 13:53:48,358 [INFO] WebApp:191 - Connection restablished
2025-10-12 13:54:03,124 [INFO] WebApp:194 - Connection lost
2025-10-12 13:54:33,356 [INFO] WebApp:191 - Connection restablished
2025-10-12 14:11:49,302 [INFO] WebApp:194 - Connection lost
2025-10-12 14:11:49,721 [INFO] WebApp:191 - Connection restablished
2025-10-12 14:17:48,699 [INFO] WebApp:194 - Connection lost
2025-10-12 14:17:48,948 [INFO] WebApp:191 - Connection restablished
2025-10-12 14:26:32,202 [INFO] WebApp:194 - Connection lost
2025-10-12 14:26:32,668 [INFO] WebApp:191 - Connection restablished
2025-10-12 14:32:50,112 [INFO] WebApp:194 - Connection lost
2025-10-12 14:32:50,320 [INFO] WebApp:191 - Connection restablished
2025-10-12 14:39:28,643 [INFO] WebApp:194 - Connection lost
2025-10-12 14:39:28,859 [INFO] WebApp:191 - Connection restablished
2025-10-12 14:48:01,675 [INFO] WebApp:194 - Connection lost
2025-10-12 14:48:01,932 [INFO] WebApp:191 - Connection restablished
2025-10-12 14:48:07,161 [INFO] WebApp:194 - Connection lost
2025-10-12 14:48:07,343 [INFO] WebApp:191 - Connection restablished
2025-10-12 14:55:52,140 [INFO] WebApp:194 - Connection lost
2025-10-12 14:55:52,523 [INFO] WebApp:191 - Connection restablished
2025-10-12 14:56:15,104 [INFO] WebApp:194 - Connection lost
2025-10-12 14:56:15,283 [INFO] WebApp:191 - Connection restablished
2025-10-12 15:02:01,642 [INFO] WebApp:194 - Connection lost
2025-10-12 15:02:01,870 [INFO] WebApp:191 - Connection restablished
2025-10-12 15:11:02,703 [INFO] WebApp:194 - Connection lost
2025-10-12 15:11:02,959 [INFO] WebApp:191 - Connection restablished
2025-10-12 15:11:10,161 [INFO] WebApp:194 - Connection lost
2025-10-12 15:11:10,363 [INFO] WebApp:191 - Connection restablished
2025-10-12 15:17:02,698 [INFO] WebApp:194 - Connection lost
2025-10-12 15:17:02,927 [INFO] WebApp:191 - Connection restablished
2025-10-12 15:22:20,692 [INFO] WebApp:194 - Connection lost
2025-10-12 15:22:20,947 [INFO] WebApp:191 - Connection restablished
2025-10-12 15:30:12,170 [INFO] WebApp:194 - Connection lost
2025-10-12 15:30:12,378 [INFO] WebApp:191 - Connection restablished
2025-10-12 15:35:47,191 [INFO] WebApp:194 - Connection lost
2025-10-12 15:35:47,428 [INFO] WebApp:191 - Connection restablished
2025-10-12 15:41:03,228 [INFO] WebApp:194 - Connection lost
2025-10-12 15:41:03,453 [INFO] WebApp:191 - Connection restablished
2025-10-12 15:46:10,736 [INFO] WebApp:194 - Connection lost
2025-10-12 15:46:10,982 [INFO] WebApp:191 - Connection restablished
2025-10-12 15:51:51,633 [INFO] WebApp:194 - Connection lost
2025-10-12 15:51:51,848 [INFO] WebApp:191 - Connection restablished
2025-10-12 15:58:03,733 [INFO] WebApp:194 - Connection lost
2025-10-12 15:58:03,950 [INFO] WebApp:191 - Connection restablished
2025-10-12 15:58:07,131 [INFO] WebApp:194 - Connection lost
2025-10-12 15:58:07,320 [INFO] WebApp:191 - Connection restablished
2025-10-12 16:04:32,247 [INFO] WebApp:194 - Connection lost
2025-10-12 16:04:32,479 [INFO] WebApp:191 - Connection restablished
2025-10-12 16:10:52,175 [INFO] WebApp:194 - Connection lost
2025-10-12 16:10:52,401 [INFO] WebApp:191 - Connection restablished
2025-10-12 16:16:51,148 [INFO] WebApp:194 - Connection lost
2025-10-12 16:16:51,373 [INFO] WebApp:191 - Connection restablished
2025-10-12 16:24:45,592 [INFO] WebApp:194 - Connection lost
2025-10-12 16:24:48,934 [INFO] WebApp:191 - Connection restablished
2025-10-12 16:24:49,173 [INFO] WebApp:194 - Connection lost
2025-10-12 16:24:49,336 [INFO] WebApp:191 - Connection restablished
2025-10-12 16:24:52,607 [INFO] WebApp:194 - Connection lost
2025-10-12 16:24:52,768 [INFO] WebApp:191 - Connection restablished
2025-10-12 16:27:55,131 [INFO] WebApp:194 - Connection lost
2025-10-12 16:27:55,377 [INFO] WebApp:191 - Connection restablished
2025-10-12 16:36:53,125 [INFO] WebApp:194 - Connection lost
2025-10-12 16:36:53,365 [INFO] WebApp:191 - Connection restablished
2025-10-12 16:42:54,187 [INFO] WebApp:194 - Connection lost
2025-10-12 16:42:54,407 [INFO] WebApp:191 - Connection restablished
2025-10-12 16:49:04,642 [INFO] WebApp:194 - Connection lost
2025-10-12 16:49:04,882 [INFO] WebApp:191 - Connection restablished
2025-10-12 17:58:23,712 [INFO] WebApp:194 - Connection lost
2025-10-12 17:58:23,997 [INFO] WebApp:191 - Connection restablished
2025-10-12 18:05:11,726 [INFO] WebApp:194 - Connection lost
2025-10-12 18:05:11,938 [INFO] WebApp:191 - Connection restablished
2025-10-12 22:11:14,732 [INFO] WebApp:194 - Connection lost
2025-10-12 22:11:23,982 [INFO] WebApp:191 - Connection restablished
2025-10-12 22:11:25,227 [INFO] WebApp:194 - Connection lost
2025-10-12 22:11:25,410 [INFO] WebApp:191 - Connection restablished
2025-10-12 22:13:14,054 [INFO] WebApp:194 - Connection lost
2025-10-12 22:13:14,338 [INFO] WebApp:191 - Connection restablished
2025-10-12 22:53:16,263 [INFO] WebApp:194 - Connection lost
2025-10-12 22:55:45,344 [INFO] WebApp:191 - Connection restablished
2025-10-12 22:56:41,150 [INFO] WebApp:194 - Connection lost
2025-10-12 22:56:43,746 [INFO] WebApp:191 - Connection restablished
2025-10-12 22:56:46,042 [INFO] WebApp:194 - Connection lost
2025-10-12 22:56:46,214 [INFO] WebApp:191 - Connection restablished
2025-10-12 23:48:40,332 [INFO] WebApp:403 - JxBrowser engine has been closed 
2025-10-12 23:48:40,338 [INFO] WebAppUi:504 - JxBrowser engine has been closed 
2025-10-12 23:48:40,339 [INFO] WebAppUi:541 - Close the Jxbrowser engine manually
2025-10-12 23:48:55,998 [ERROR] LogOutputStream:75 - [STDERR_REDIRECT] 
2025-10-12 23:48:56,006 [ERROR] LogOutputStream:75 - [STDERR_REDIRECT] 
