2025-10-10 15:53:44,467 [INFO] WebApp:194 - Connection lost
2025-10-10 15:53:47,698 [INFO] WebApp:191 - Connection restablished
2025-10-10 15:53:49,345 [INFO] WebApp:194 - Connection lost
2025-10-10 15:53:49,761 [INFO] WebApp:191 - Connection restablished
2025-10-10 15:53:56,539 [INFO] WebApp:194 - Connection lost
2025-10-10 15:53:56,704 [INFO] WebApp:191 - Connection restablished
2025-10-10 15:55:37,571 [INFO] WebApp:194 - Connection lost
2025-10-10 15:55:37,958 [INFO] WebApp:191 - Connection restablished
2025-10-10 20:48:55,620 [INFO] Mcu:1682 - InternalPropertyChange: try BijectiveRequest:Asynchronous
2025-10-10 20:52:22,294 [INFO] UtilMem:75 - End SaveConfig() Used Memory: 941573912 Bytes (1073741824)
2025-10-10 20:52:22,498 [INFO] UtilMem:75 - End SaveConfig() Used Memory: 966739736 Bytes (1073741824)
2025-10-10 20:52:24,131 [INFO] UtilMem:75 - End SaveConfig() Used Memory: 434002088 Bytes (1073741824)
2025-10-10 20:52:24,420 [INFO] BlockDiagram:2775 - set Specific Code input for plugin: SYS
2025-10-10 20:52:24,421 [INFO] BlockDiagram:2775 - set Specific Code input for plugin: RCC
2025-10-10 20:52:24,421 [INFO] BlockDiagram:2775 - set Specific Code input for plugin: NVIC
2025-10-10 20:52:24,421 [INFO] BlockDiagram:2775 - set Specific Code input for plugin: USART
2025-10-10 20:52:24,422 [INFO] BlockDiagram:2775 - set Specific Code input for plugin: GPIO
2025-10-10 20:52:24,425 [INFO] CodeGenerator:892 - code generatio: config db path: C:\ST\STM32CubeIDE_1.19.0\STM32CubeIDE\plugins\com.st.stm32cube.common.mx_6.15.0.202507011659\\db\
2025-10-10 20:52:24,533 [INFO] CodeEngine:265 - oldGeneratedFile, C:\Users\jvmen\Documents\TG\code\AutoLogger\fatFsTest\MXTmpFiles\license.tmp_save
2025-10-10 20:52:24,938 [INFO] CodeEngine:289 - Generated code: C:\Users\jvmen\Documents\TG\code\AutoLogger\fatFsTest\MXTmpFiles\license.tmp
2025-10-10 20:52:25,033 [INFO] CodeEngine:265 - oldGeneratedFile, C:\Users\jvmen\Documents\TG\code\AutoLogger\fatFsTest\MXTmpFiles\gpio.tmp_save
2025-10-10 20:52:25,248 [INFO] CodeEngine:289 - Generated code: C:\Users\jvmen\Documents\TG\code\AutoLogger\fatFsTest\MXTmpFiles\gpio.tmp
2025-10-10 20:52:25,539 [INFO] CodeEngine:265 - oldGeneratedFile, C:\Users\jvmen\Documents\TG\code\AutoLogger\fatFsTest\Core\Src\stm32g4xx_it.c_save
2025-10-10 20:52:25,898 [INFO] CodeEngine:289 - Generated code: C:\Users\jvmen\Documents\TG\code\AutoLogger\fatFsTest\Core\Src\stm32g4xx_it.c
2025-10-10 20:52:25,912 [INFO] CodeEngine:265 - oldGeneratedFile, C:\Users\jvmen\Documents\TG\code\AutoLogger\fatFsTest\Core\Inc\stm32g4xx_it.h_save
2025-10-10 20:52:26,040 [INFO] CodeEngine:289 - Generated code: C:\Users\jvmen\Documents\TG\code\AutoLogger\fatFsTest\Core\Inc\stm32g4xx_it.h
2025-10-10 20:52:26,065 [INFO] CodeEngine:265 - oldGeneratedFile, C:\Users\jvmen\Documents\TG\code\AutoLogger\fatFsTest\Core\Src\stm32g4xx_hal_msp.c_save
2025-10-10 20:52:26,328 [INFO] CodeEngine:289 - Generated code: C:\Users\jvmen\Documents\TG\code\AutoLogger\fatFsTest\Core\Src\stm32g4xx_hal_msp.c
2025-10-10 20:52:26,333 [INFO] CodeEngine:265 - oldGeneratedFile, C:\Users\jvmen\Documents\TG\code\AutoLogger\fatFsTest\MXTmpFiles\system.tmp_save
2025-10-10 20:52:26,418 [INFO] CodeEngine:289 - Generated code: C:\Users\jvmen\Documents\TG\code\AutoLogger\fatFsTest\MXTmpFiles\system.tmp
2025-10-10 20:52:26,446 [INFO] CodeEngine:321 - oldGeneratedFile, C:\Users\jvmen\Documents\TG\code\AutoLogger\fatFsTest\Core\Inc\stm32g4xx_hal_conf.h_save
2025-10-10 20:52:26,620 [INFO] CodeEngine:345 - Generated code: C:\Users\jvmen\Documents\TG\code\AutoLogger\fatFsTest\Core\Inc\stm32g4xx_hal_conf.h
2025-10-10 20:52:26,654 [WARN] IPConfigManager:3238 - Warning: the RefConfig RCC_CommonPeriphClockConfig is not available in your config.xml file
2025-10-10 20:52:26,670 [INFO] ApiDbMcu:532 - Load IP Config File for USART2
2025-10-10 20:52:26,690 [INFO] CodeEngine:265 - oldGeneratedFile, C:\Users\jvmen\Documents\TG\code\AutoLogger\fatFsTest\Core\Inc\main.h_save
2025-10-10 20:52:26,897 [INFO] CodeEngine:289 - Generated code: C:\Users\jvmen\Documents\TG\code\AutoLogger\fatFsTest\Core\Inc\main.h
2025-10-10 20:52:26,911 [INFO] CodeEngine:265 - oldGeneratedFile, C:\Users\jvmen\Documents\TG\code\AutoLogger\fatFsTest\Core\Src\main.c_save
2025-10-10 20:52:27,065 [INFO] CodeEngine:289 - Generated code: C:\Users\jvmen\Documents\TG\code\AutoLogger\fatFsTest\Core\Src\main.c
2025-10-10 20:52:27,605 [INFO] ProjectBuilder:3606 - Time for Copy HAL[1] : 344mS.
2025-10-10 20:52:27,611 [INFO] ProjectBuilder:5216 - Project Generator version: 4.7.0-B52
2025-10-10 20:52:27,718 [INFO] ConfigFileManager:1595 - The Die is : DIE469
2025-10-10 20:52:29,037 [INFO] ProjectBuilder:5496 - Time for Generating toolchain IDE Files: 1423mS.
2025-10-10 20:52:29,038 [INFO] ProjectBuilder:3463 - Time for Copy CMSIS : 1mS.
2025-10-10 20:52:29,041 [INFO] ProjectBuilder:3463 - Time for Copy CMSIS : 0mS.
2025-10-10 20:52:29,768 [INFO] MainUpdater:2872 - connection check result : 10
2025-10-10 20:52:29,768 [INFO] MainUpdater:2872 - connection check result : 10
2025-10-10 20:52:29,836 [INFO] MicroXplorer:468 - Change Database Path : 
2025-10-10 20:52:29,836 [INFO] MicroXplorer:498 - Change Database Version : DB.6.0.150
2025-10-10 20:52:29,890 [ERROR] ProjectManagerView:395 - 
java.lang.NullPointerException: Cannot invoke "javax.swing.JTextField.getText()" because the return value of "java.util.List.get(int)" is null
	at com.st.microxplorer.plugins.projectmanager.gui.ProjectChoiceTab$9.caretUpdate(ProjectChoiceTab.java:2706) ~[filemanager.jar:?]
	at javax.swing.text.JTextComponent.fireCaretUpdate(JTextComponent.java:408) ~[?:?]
	at javax.swing.text.JTextComponent$MutableCaretEvent.fire(JTextComponent.java:4484) ~[?:?]
	at javax.swing.text.JTextComponent$MutableCaretEvent.stateChanged(JTextComponent.java:4506) ~[?:?]
	at javax.swing.text.DefaultCaret.fireStateChanged(DefaultCaret.java:857) ~[?:?]
	at javax.swing.text.DefaultCaret.changeCaretPosition(DefaultCaret.java:1343) ~[?:?]
	at javax.swing.text.DefaultCaret.handleSetDot(DefaultCaret.java:1242) ~[?:?]
	at javax.swing.text.DefaultCaret.setDot(DefaultCaret.java:1223) ~[?:?]
	at javax.swing.text.DefaultCaret$Handler.insertUpdate(DefaultCaret.java:1819) ~[?:?]
	at javax.swing.text.AbstractDocument.fireInsertUpdate(AbstractDocument.java:227) ~[?:?]
	at javax.swing.text.AbstractDocument.handleInsertString(AbstractDocument.java:781) ~[?:?]
	at javax.swing.text.AbstractDocument.insertString(AbstractDocument.java:740) ~[?:?]
	at javax.swing.text.PlainDocument.insertString(PlainDocument.java:131) ~[?:?]
	at javax.swing.text.AbstractDocument.replace(AbstractDocument.java:699) ~[?:?]
	at javax.swing.text.JTextComponent.setText(JTextComponent.java:1725) ~[?:?]
	at com.st.microxplorer.plugins.projectmanager.gui.ProjectChoiceTab.createHeapStackFields(ProjectChoiceTab.java:993) ~[filemanager.jar:?]
	at com.st.microxplorer.plugins.projectmanager.gui.ProjectChoiceTab.buildLinkSettingsPanel(ProjectChoiceTab.java:3813) ~[filemanager.jar:?]
	at com.st.microxplorer.plugins.projectmanager.gui.ProjectChoiceTab.defineWindowsFields(ProjectChoiceTab.java:1987) ~[filemanager.jar:?]
	at com.st.microxplorer.plugins.projectmanager.gui.ProjectChoiceTab.updateSettings(ProjectChoiceTab.java:558) ~[filemanager.jar:?]
	at com.st.microxplorer.plugins.projectmanager.gui.ProjectSettingsPanel.UpdateDialog(ProjectSettingsPanel.java:247) ~[filemanager.jar:?]
	at com.st.microxplorer.plugins.projectmanager.ProjectManagerView.propertyChange(ProjectManagerView.java:392) ~[filemanager.jar:?]
	at java.beans.PropertyChangeSupport.fire(PropertyChangeSupport.java:343) ~[?:?]
	at java.beans.PropertyChangeSupport.firePropertyChange(PropertyChangeSupport.java:335) ~[?:?]
	at java.beans.PropertyChangeSupport.firePropertyChange(PropertyChangeSupport.java:268) ~[?:?]
	at com.st.microxplorer.util.MXPropertyChangeSupport.firePropertyChange(MXPropertyChangeSupport.java:54) ~[STM32CubeMX.jar:?]
	at com.st.microxplorer.mxsystem.MxSystem.closeConfig(MxSystem.java:899) ~[STM32CubeMX.jar:?]
	at com.st.microxplorer.maingui.MainPanel.closeConfig(MainPanel.java:792) ~[STM32CubeMX.jar:?]
	at com.st.microxplorer.plugins.filemanager.engine.OpenFileManager.loadConfigurationFile(OpenFileManager.java:288) ~[filemanager.jar:?]
	at com.st.microxplorer.plugins.filemanager.engine.MainFileManager.userLoadConfig(MainFileManager.java:364) ~[filemanager.jar:?]
	at com.st.microxplorer.plugins.filemanager.engine.MainFileManager.userLoadConfig(MainFileManager.java:342) ~[filemanager.jar:?]
	at com.st.microxplorer.plugins.filemanager.FileManagerView.getSpecificTask(FileManagerView.java:264) ~[filemanager.jar:?]
	at com.st.stm32cube.common.mx.editor.CubeMxEditor.getMxTabbedPaneInstance(CubeMxEditor.java:1198) ~[com.st.stm32cube.common.mx_6.15.0.202507011659/:?]
	at com.st.stm32cube.common.mx.editor.CubeMxEditor$12$1.createSwingComponent(CubeMxEditor.java:1068) ~[com.st.stm32cube.common.mx_6.15.0.202507011659/:?]
	at com.st.stm32cube.common.mx.oss.core.awtswtbridge.EmbeddedSwingComposite.doComponentCreation(EmbeddedSwingComposite.java:492) ~[com.st.stm32cube.common.mx.oss_6.15.0.202507011659/:?]
	at com.st.stm32cube.common.mx.oss.core.awtswtbridge.EmbeddedSwingComposite$4.run(EmbeddedSwingComposite.java:291) ~[com.st.stm32cube.common.mx.oss_6.15.0.202507011659/:?]
	at com.st.stm32cube.common.mx.oss.core.awtswtbridge.AwtEnvironment$2.run(AwtEnvironment.java:166) ~[com.st.stm32cube.common.mx.oss_6.15.0.202507011659/:?]
	at java.awt.event.InvocationEvent.dispatch(InvocationEvent.java:318) ~[?:?]
	at java.awt.EventQueue.dispatchEventImpl(EventQueue.java:773) ~[?:?]
	at java.awt.EventQueue$4.run(EventQueue.java:720) ~[?:?]
	at java.awt.EventQueue$4.run(EventQueue.java:714) ~[?:?]
	at java.security.AccessController.doPrivileged(AccessController.java:400) ~[?:?]
	at java.security.ProtectionDomain$JavaSecurityAccessImpl.doIntersectionPrivilege(ProtectionDomain.java:87) ~[?:?]
	at java.awt.EventQueue.dispatchEvent(EventQueue.java:742) ~[?:?]
	at java.awt.EventDispatchThread.pumpOneEventForFilters(EventDispatchThread.java:203) ~[?:?]
	at java.awt.EventDispatchThread.pumpEventsForFilter(EventDispatchThread.java:124) ~[?:?]
	at java.awt.EventDispatchThread.pumpEventsForHierarchy(EventDispatchThread.java:113) ~[?:?]
	at java.awt.EventDispatchThread.pumpEvents(EventDispatchThread.java:109) ~[?:?]
	at java.awt.EventDispatchThread.pumpEvents(EventDispatchThread.java:101) ~[?:?]
	at java.awt.EventDispatchThread.run(EventDispatchThread.java:90) ~[?:?]
2025-10-10 20:52:29,894 [WARN] ThirdParty:871 - waiting for thirdparty lock release [close project]
2025-10-10 20:52:29,895 [INFO] ThirdParty:873 - entering critical section [close project]
2025-10-10 20:52:29,895 [INFO] ThirdParty:883 - exiting critical section [close project]
2025-10-10 20:52:29,898 [INFO] PinOutPanel:1589 - setPackage(No Configuration,No Configuration)
2025-10-10 20:52:29,910 [INFO] UtilMem:75 - Begin LoadConfig() Used Memory: 555341320 Bytes (1073741824)
2025-10-10 20:52:29,911 [INFO] MicroXplorer:468 - Change Database Path : 
2025-10-10 20:52:29,911 [INFO] MicroXplorer:498 - Change Database Version : DB.6.0.150
2025-10-10 20:52:29,912 [INFO] OpenFileManager:355 - Change cursor
2025-10-10 20:52:29,962 [INFO] RulesReader:64 - Compatibility file has been processed (317 Rules)
2025-10-10 20:52:29,981 [INFO] Mcu:2029 - Initializing MCU STM32G474R(B-C-E)Tx STM32G474RETx STM32G474RET6
2025-10-10 20:52:36,133 [INFO] Context:786 - Trying to add GPIOservice into a context  which must be forbidden
2025-10-10 20:52:37,903 [INFO] ApiDbMcu:532 - Load IP Config File for NUCLEO-G474RE
2025-10-10 20:52:38,058 [INFO] ImportTextPane:234 - (OptionalMessage_ERROR) Pin20 (VP_RIF_VS_RIF1) cannot be retrieved for this MCU
2025-10-10 20:52:38,060 [INFO] ImportTextPane:234 - (OptionalMessage_ERROR) Unable to find key (Mcu.IP7) in loaded IOC file
2025-10-10 20:52:38,060 [INFO] ImportTextPane:234 - (OptionalMessage_ERROR) Unknown IP (dummy)
2025-10-10 20:52:38,242 [INFO] RtosManager:558 - Registered RTOS mode: class=CMSIS, group=RTOS, mode=CMSIS_V1, owner=FREERTOS
2025-10-10 20:52:38,243 [INFO] RtosManager:558 - Registered RTOS mode: class=CMSIS, group=RTOS2, mode=CMSIS_V2, owner=FREERTOS
2025-10-10 20:52:38,243 [INFO] RtosManager:558 - Registered RTOS mode: class=RTOS, group=Core, mode=CMSIS_V1, owner=FREERTOS
2025-10-10 20:52:38,243 [INFO] RtosManager:558 - Registered RTOS mode: class=RTOS, group=Core, mode=CMSIS_V2, owner=FREERTOS
2025-10-10 20:52:38,243 [WARN] ModelIntegratedComponent:184 - Missing modes for component STMicroelectronics:FreeRTOS:0.0.1:STMicroelectronics:RTOS:FreeRTOS:Core:::10.2.0:
2025-10-10 20:52:38,246 [WARN] ModelIntegratedComponent:63 - No mode defined for component null
2025-10-10 20:52:38,246 [WARN] ModelIntegratedComponent:63 - No mode defined for component null
2025-10-10 20:52:38,246 [WARN] ModelIntegratedComponent:63 - No mode defined for component null
2025-10-10 20:52:38,246 [WARN] ModelIntegratedComponent:63 - No mode defined for component null
2025-10-10 20:52:38,246 [WARN] ModelIntegratedComponent:63 - No mode defined for component null
2025-10-10 20:52:38,246 [WARN] ModelIntegratedComponent:63 - No mode defined for component null
2025-10-10 20:52:38,246 [WARN] ModelIntegratedComponent:63 - No mode defined for component null
2025-10-10 20:52:38,246 [WARN] ModelIntegratedComponent:63 - No mode defined for component null
2025-10-10 20:52:38,246 [WARN] ModelIntegratedComponent:63 - No mode defined for component null
2025-10-10 20:52:38,246 [WARN] ModelIntegratedComponent:63 - No mode defined for component null
2025-10-10 20:52:38,246 [WARN] ModelIntegratedComponent:63 - No mode defined for component null
2025-10-10 20:52:38,246 [WARN] ModelIntegratedComponent:63 - No mode defined for component null
2025-10-10 20:52:38,246 [WARN] ModelIntegratedComponent:63 - No mode defined for component null
2025-10-10 20:52:38,246 [WARN] ModelIntegratedComponent:63 - No mode defined for component null
2025-10-10 20:52:38,246 [WARN] ModelIntegratedComponent:63 - No mode defined for component null
2025-10-10 20:52:38,246 [WARN] ModelIntegratedComponent:63 - No mode defined for component null
2025-10-10 20:52:38,246 [WARN] ModelIntegratedComponent:63 - No mode defined for component null
2025-10-10 20:52:38,246 [WARN] ModelIntegratedComponent:63 - No mode defined for component null
2025-10-10 20:52:38,246 [WARN] ModelIntegratedComponent:63 - No mode defined for component null
2025-10-10 20:52:38,246 [WARN] ModelIntegratedComponent:63 - No mode defined for component null
2025-10-10 20:52:38,246 [WARN] ModelIntegratedComponent:63 - No mode defined for component null
2025-10-10 20:52:38,246 [WARN] ModelIntegratedComponent:63 - No mode defined for component null
2025-10-10 20:52:38,246 [WARN] ModelIntegratedComponent:63 - No mode defined for component null
2025-10-10 20:52:38,246 [WARN] ModelIntegratedComponent:63 - No mode defined for component null
2025-10-10 20:52:38,246 [WARN] ModelIntegratedComponent:63 - No mode defined for component null
2025-10-10 20:52:38,246 [WARN] ModelIntegratedComponent:63 - No mode defined for component null
2025-10-10 20:52:38,247 [WARN] ModelIntegratedComponent:63 - No mode defined for component null
2025-10-10 20:52:38,247 [WARN] ModelIntegratedComponent:63 - No mode defined for component null
2025-10-10 20:52:38,247 [WARN] ModelIntegratedComponent:63 - No mode defined for component null
2025-10-10 20:52:38,247 [WARN] ModelIntegratedComponent:63 - No mode defined for component null
2025-10-10 20:52:38,247 [WARN] ModelIntegratedComponent:63 - No mode defined for component null
2025-10-10 20:52:38,247 [WARN] ModelIntegratedComponent:63 - No mode defined for component null
2025-10-10 20:52:38,247 [WARN] ModelIntegratedComponent:63 - No mode defined for component null
2025-10-10 20:52:38,247 [WARN] ModelIntegratedComponent:63 - No mode defined for component null
2025-10-10 20:52:38,247 [WARN] ModelIntegratedComponent:63 - No mode defined for component null
2025-10-10 20:52:38,247 [WARN] ModelPack:524 - Component already loaded: STMicroelectronics:HAL Drivers:0.0.0:STMicroelectronics:Device:STMicro_Driver:XSPI:HAL::0.0.1:HAL_XSPI
2025-10-10 20:52:38,470 [INFO] ThirdPartyModel:298 - Start build external matchings
2025-10-10 20:52:40,607 [INFO] ThirdPartyModel:316 - End build external matchings
2025-10-10 20:52:41,537 [INFO] UtilMem:75 - End LoadConfig() Used Memory: 455828024 Bytes (1073741824)
2025-10-10 20:52:41,702 [WARN] ThirdParty:833 - waiting for thirdparty lock release [change project]
2025-10-10 20:52:41,702 [INFO] ThirdParty:835 - entering critical section [change project]
2025-10-10 20:52:41,702 [INFO] ThirdParty:1030 - CMSIS Pack Vendor :STMicroelectronics X-CUBE-PM33A1 1.0.0
2025-10-10 20:52:41,702 [INFO] ThirdParty:1030 - CMSIS Pack Vendor :STMicroelectronics USBPD 4.1
2025-10-10 20:52:41,702 [INFO] ThirdParty:1030 - CMSIS Pack Vendor :STMicroelectronics X-CUBE-GNSS1 6.0.0
2025-10-10 20:52:41,702 [INFO] ThirdParty:1030 - CMSIS Pack Vendor :STMicroelectronics USB_HOST 2.0.0
2025-10-10 20:52:41,702 [INFO] ThirdParty:1030 - CMSIS Pack Vendor :STMicroelectronics FP-SNS-MOTENVWB1 1.4.0
2025-10-10 20:52:41,702 [INFO] ThirdParty:1030 - CMSIS Pack Vendor :STMicroelectronics X-CUBE-AZRTOS-F4 1.1.0
2025-10-10 20:52:41,702 [INFO] ThirdParty:1030 - CMSIS Pack Vendor :STMicroelectronics LIBJPEG 8.0.0
2025-10-10 20:52:41,702 [INFO] ThirdParty:1030 - CMSIS Pack Vendor :STMicroelectronics FP-ATR-ASTRA1 2.0.2
2025-10-10 20:52:41,702 [INFO] ThirdParty:1030 - CMSIS Pack Vendor :STMicroelectronics FP-ATR-ASTRA1 2.0.1
2025-10-10 20:52:41,702 [INFO] ThirdParty:1030 - CMSIS Pack Vendor :Avnet-IotConnect X-CUBE-IoTC-DA16k-PMOD 1.0.0
2025-10-10 20:52:41,703 [INFO] ThirdParty:1030 - CMSIS Pack Vendor :STMicroelectronics X-CUBE-SMBUS 2.1.0
2025-10-10 20:52:41,703 [INFO] ThirdParty:1030 - CMSIS Pack Vendor :STMicroelectronics X-CUBE-WB05N 1.1.0
2025-10-10 20:52:41,703 [INFO] ThirdParty:1030 - CMSIS Pack Vendor :STMicroelectronics X-CUBE-ISPU 2.1.0
2025-10-10 20:52:41,703 [INFO] ThirdParty:1030 - CMSIS Pack Vendor :STMicroelectronics X-CUBE-FREERTOS 1.2.0
2025-10-10 20:52:41,703 [INFO] ThirdParty:1030 - CMSIS Pack Vendor :wolfSSL I-CUBE-wolfSSL 5.6.6
2025-10-10 20:52:41,703 [INFO] ThirdParty:1030 - CMSIS Pack Vendor :STMicroelectronics X-CUBE-ST60 1.0.0
2025-10-10 20:52:41,703 [INFO] ThirdParty:1030 - CMSIS Pack Vendor :STMicroelectronics X-CUBE-TOUCHGFX 4.23.1
2025-10-10 20:52:41,703 [INFO] ThirdParty:1030 - CMSIS Pack Vendor :STMicroelectronics X-CUBE-TOUCHGFX 4.23.0
2025-10-10 20:52:41,703 [INFO] ThirdParty:1030 - CMSIS Pack Vendor :STMicroelectronics X-CUBE-NFC12 1.0.0
2025-10-10 20:52:41,703 [INFO] ThirdParty:1030 - CMSIS Pack Vendor :STMicroelectronics X-CUBE-TOUCHGFX 4.23.2
2025-10-10 20:52:41,703 [INFO] ThirdParty:1030 - CMSIS Pack Vendor :STMicroelectronics X-CUBE-AZRTOS-F7 1.1.0
2025-10-10 20:52:41,703 [INFO] ThirdParty:1030 - CMSIS Pack Vendor :STMicroelectronics X-CUBE-AZRTOS-L5 2.0.0
2025-10-10 20:52:41,703 [INFO] ThirdParty:1030 - CMSIS Pack Vendor :STMicroelectronics USB_DEVICE 2.0.0
2025-10-10 20:52:41,703 [INFO] ThirdParty:1030 - CMSIS Pack Vendor :STMicroelectronics X-CUBE-NFC6 3.1.0
2025-10-10 20:52:41,703 [INFO] ThirdParty:1030 - CMSIS Pack Vendor :ITTIA_DB I-CUBE-ITTIADB 8.8.0
2025-10-10 20:52:41,703 [INFO] ThirdParty:1030 - CMSIS Pack Vendor :STMicroelectronics FP-SNS-MOTENV1 4.3.2
2025-10-10 20:52:41,703 [INFO] ThirdParty:1030 - CMSIS Pack Vendor :STMicroelectronics X-CUBE-MEMS1 11.0.0
2025-10-10 20:52:41,703 [INFO] ThirdParty:1030 - CMSIS Pack Vendor :STMicroelectronics FreeRTOS 0.0.1
2025-10-10 20:52:41,703 [INFO] ThirdParty:1030 - CMSIS Pack Vendor :STMicroelectronics X-CUBE-DPower 1.2.0
2025-10-10 20:52:41,703 [INFO] ThirdParty:1030 - CMSIS Pack Vendor :STMicroelectronics FP-SNS-FLIGHT1 5.0.2
2025-10-10 20:52:41,703 [INFO] ThirdParty:1030 - CMSIS Pack Vendor :STMicroelectronics X-CUBE-AI 9.0.0
2025-10-10 20:52:41,703 [INFO] ThirdParty:1030 - CMSIS Pack Vendor :STMicroelectronics PDM2PCM 3.3.0
2025-10-10 20:52:41,703 [INFO] ThirdParty:1030 - CMSIS Pack Vendor :STMicroelectronics X-CUBE-AZRTOS-H7 3.4.0
2025-10-10 20:52:41,703 [INFO] ThirdParty:1030 - CMSIS Pack Vendor :STMicroelectronics X-CUBE-DISPLAY 3.0.0
2025-10-10 20:52:41,703 [INFO] ThirdParty:1030 - CMSIS Pack Vendor :STMicroelectronics X-CUBE-BLE1 7.0.0
2025-10-10 20:52:41,703 [INFO] ThirdParty:1030 - CMSIS Pack Vendor :STMicroelectronics X-CUBE-NFC10 1.0.0
2025-10-10 20:52:41,703 [INFO] ThirdParty:1030 - CMSIS Pack Vendor :STMicroelectronics X-CUBE-BLEMGR 4.0.0
2025-10-10 20:52:41,703 [INFO] ThirdParty:1030 - CMSIS Pack Vendor :STMicroelectronics X-CUBE-FREERTOS 1.3.1
2025-10-10 20:52:41,703 [INFO] ThirdParty:1030 - CMSIS Pack Vendor :STMicroelectronics HAL Drivers 0.0.0
2025-10-10 20:52:41,703 [INFO] ThirdParty:1030 - CMSIS Pack Vendor :emotas I-CUBE-CANOPEN 1.3.0
2025-10-10 20:52:41,703 [INFO] ThirdParty:1030 - CMSIS Pack Vendor :STMicroelectronics X-CUBE-FREERTOS 1.3.0
2025-10-10 20:52:41,703 [INFO] ThirdParty:1030 - CMSIS Pack Vendor :STMicroelectronics X-CUBE-NFC7 1.0.1
2025-10-10 20:52:41,703 [INFO] ThirdParty:1030 - CMSIS Pack Vendor :STMicroelectronics MBEDTLS 2.14.1
2025-10-10 20:52:41,703 [INFO] ThirdParty:1030 - CMSIS Pack Vendor :STMicroelectronics X-CUBE-TOUCHGFX 4.26.0
2025-10-10 20:52:41,703 [INFO] ThirdParty:1030 - CMSIS Pack Vendor :STMicroelectronics X-CUBE-NFC6 3.0.0
2025-10-10 20:52:41,703 [INFO] ThirdParty:1030 - CMSIS Pack Vendor :STMicroelectronics X-CUBE-BLEMGR 3.1.0
2025-10-10 20:52:41,703 [INFO] ThirdParty:1030 - CMSIS Pack Vendor :STMicroelectronics X-CUBE-AI 10.0.0
2025-10-10 20:52:41,703 [INFO] ThirdParty:1030 - CMSIS Pack Vendor :STMicroelectronics FP-SNS-STBOX1 2.1.0
2025-10-10 20:52:41,703 [INFO] ThirdParty:1030 - CMSIS Pack Vendor :STMicroelectronics FP-SNS-STAIOTCFT 1.0.0
2025-10-10 20:52:41,703 [INFO] ThirdParty:1030 - CMSIS Pack Vendor :STMicroelectronics FP-SNS-SMARTAG2 1.2.0
2025-10-10 20:52:41,703 [INFO] ThirdParty:1030 - CMSIS Pack Vendor :STMicroelectronics FP-SNS-FLIGHT1 5.1.0
2025-10-10 20:52:41,703 [INFO] ThirdParty:1030 - CMSIS Pack Vendor :STMicroelectronics X-CUBE-MEMS1 11.1.0
2025-10-10 20:52:41,703 [INFO] ThirdParty:1030 - CMSIS Pack Vendor :STMicroelectronics X-CUBE-AZRTOS-WL 2.0.0
2025-10-10 20:52:41,703 [INFO] ThirdParty:1030 - CMSIS Pack Vendor :STMicroelectronics X-CUBE-DPower 1.3.0
2025-10-10 20:52:41,703 [INFO] ThirdParty:1030 - CMSIS Pack Vendor :STMicroelectronics FP-SNS-MOTENV1 5.0.0
2025-10-10 20:52:41,703 [INFO] ThirdParty:1030 - CMSIS Pack Vendor :STMicroelectronics USB_DEVICE 1.0.0
2025-10-10 20:52:41,704 [INFO] ThirdParty:1030 - CMSIS Pack Vendor :STMicroelectronics X-CUBE-AI 8.1.0
2025-10-10 20:52:41,704 [INFO] ThirdParty:1030 - CMSIS Pack Vendor :wolfSSL I-CUBE-wolfMQTT 1.19.0
2025-10-10 20:52:41,704 [INFO] ThirdParty:1030 - CMSIS Pack Vendor :STMicroelectronics X-CUBE-AZRTOS-L4 2.0.0
2025-10-10 20:52:41,704 [INFO] ThirdParty:1030 - CMSIS Pack Vendor :STMicroelectronics ThreadX 0.0.2
2025-10-10 20:52:41,704 [INFO] ThirdParty:1030 - CMSIS Pack Vendor :WES I-CUBE-Cesium 1.3.0
2025-10-10 20:52:41,704 [INFO] ThirdParty:1030 - CMSIS Pack Vendor :STMicroelectronics lwIP 2.1.2
2025-10-10 20:52:41,704 [INFO] ThirdParty:1030 - CMSIS Pack Vendor :STMicroelectronics X-CUBE-SFXS2LP1 4.0.0
2025-10-10 20:52:41,704 [INFO] ThirdParty:1030 - CMSIS Pack Vendor :STMicroelectronics X-CUBE-BLE2 3.3.0
2025-10-10 20:52:41,704 [INFO] ThirdParty:1030 - CMSIS Pack Vendor :STMicroelectronics PDM2PCM 3.2.0
2025-10-10 20:52:41,704 [INFO] ThirdParty:1030 - CMSIS Pack Vendor :STMicroelectronics X-CUBE-AZRTOS-H7 3.3.0
2025-10-10 20:52:41,704 [INFO] ThirdParty:1030 - CMSIS Pack Vendor :STMicroelectronics X-CUBE-NFC9 1.0.0
2025-10-10 20:52:41,704 [INFO] ThirdParty:1030 - CMSIS Pack Vendor :STMicroelectronics X-CUBE-BLE1 7.1.0
2025-10-10 20:52:41,704 [INFO] ThirdParty:1030 - CMSIS Pack Vendor :STMicroelectronics USB_DEVICE 3.0.0
2025-10-10 20:52:41,704 [INFO] ThirdParty:1030 - CMSIS Pack Vendor :STMicroelectronics X-CUBE-TCPP 4.1.0
2025-10-10 20:52:41,704 [INFO] ThirdParty:1030 - CMSIS Pack Vendor :STMicroelectronics X-CUBE-EEPRMA1 5.2.0
2025-10-10 20:52:41,704 [INFO] ThirdParty:1030 - CMSIS Pack Vendor :STMicroelectronics X-CUBE-BLEMGR 4.1.0
2025-10-10 20:52:41,704 [INFO] ThirdParty:1030 - CMSIS Pack Vendor :STMicroelectronics X-CUBE-IPS 3.0.0
2025-10-10 20:52:41,704 [INFO] ThirdParty:1030 - CMSIS Pack Vendor :STMicroelectronics X-CUBE-AZRTOS-WB 2.0.0
2025-10-10 20:52:41,704 [INFO] ThirdParty:1030 - CMSIS Pack Vendor :STMicroelectronics X-CUBE-GNSS1 7.0.0
2025-10-10 20:52:41,704 [INFO] ThirdParty:1030 - CMSIS Pack Vendor :STMicroelectronics X-CUBE-GNSS1 7.0.1
2025-10-10 20:52:41,704 [INFO] ThirdParty:1030 - CMSIS Pack Vendor :STMicroelectronics X-CUBE-TOUCHGFX 4.25.0
2025-10-10 20:52:41,704 [INFO] ThirdParty:1030 - CMSIS Pack Vendor :STMicroelectronics X-CUBE-AI 10.1.0
2025-10-10 20:52:41,704 [INFO] ThirdParty:1030 - CMSIS Pack Vendor :STMicroelectronics FP-SNS-STBOX1 2.0.0
2025-10-10 20:52:41,704 [INFO] ThirdParty:1030 - CMSIS Pack Vendor :STMicroelectronics X-CUBE-ALGOBUILD 1.3.0
2025-10-10 20:52:41,704 [INFO] ThirdParty:1030 - CMSIS Pack Vendor :STMicroelectronics X-CUBE-AZRTOS-G0 1.1.0
2025-10-10 20:52:41,704 [INFO] ThirdParty:1030 - CMSIS Pack Vendor :STMicroelectronics X-CUBE-SAFEA1 1.2.2
2025-10-10 20:52:41,704 [INFO] ThirdParty:1030 - CMSIS Pack Vendor :STMicroelectronics X-CUBE-NFC4 3.0.0
2025-10-10 20:52:41,704 [INFO] ThirdParty:1030 - CMSIS Pack Vendor :STMicroelectronics X-CUBE-SUBG2 5.0.0
2025-10-10 20:52:41,704 [INFO] ThirdParty:1030 - CMSIS Pack Vendor :STMicroelectronics X-CUBE-AZRTOS-H7RS 1.1.0
2025-10-10 20:52:41,704 [INFO] ThirdParty:1030 - CMSIS Pack Vendor :STMicroelectronics STM32_WPAN 1.0.0
2025-10-10 20:52:41,704 [INFO] ThirdParty:1030 - CMSIS Pack Vendor :EmbeddedOffice I-CUBE-FS-RTOS 1.0.1
2025-10-10 20:52:41,704 [INFO] ThirdParty:1030 - CMSIS Pack Vendor :STMicroelectronics lwIP 2.0.3
2025-10-10 20:52:41,704 [INFO] ThirdParty:1030 - CMSIS Pack Vendor :STMicroelectronics USB_HOST 1.0.0
2025-10-10 20:52:41,704 [INFO] ThirdParty:1030 - CMSIS Pack Vendor :STMicroelectronics X-CUBE-AZRTOS-G4 2.0.0
2025-10-10 20:52:41,704 [INFO] ThirdParty:1030 - CMSIS Pack Vendor :STMicroelectronics X-CUBE-WB05N 2.0.0
2025-10-10 20:52:41,704 [INFO] ThirdParty:1030 - CMSIS Pack Vendor :STMicroelectronics PDM2PCM 3.1.0
2025-10-10 20:52:41,704 [INFO] ThirdParty:1030 - CMSIS Pack Vendor :Infineon AIROC-Wi-Fi-Bluetooth-STM32 1.5.1
2025-10-10 20:52:41,704 [INFO] ThirdParty:1030 - CMSIS Pack Vendor :STMicroelectronics X-CUBE-NFC7 2.0.0
2025-10-10 20:52:41,704 [INFO] ThirdParty:1030 - CMSIS Pack Vendor :STMicroelectronics X-CUBE-TCPP 4.2.0
2025-10-10 20:52:41,704 [INFO] ThirdParty:1030 - CMSIS Pack Vendor :RealThread X-CUBE-RT-Thread_Nano 4.1.1
2025-10-10 20:52:41,704 [INFO] ThirdParty:1030 - CMSIS Pack Vendor :STMicroelectronics FP-SNS-MOTENVWB1 1.3.1
2025-10-10 20:52:41,704 [INFO] ThirdParty:1030 - CMSIS Pack Vendor :STMicroelectronics FP-ATR-SIGFOX1 3.2.0
2025-10-10 20:52:41,704 [INFO] ThirdParty:1030 - CMSIS Pack Vendor :quantropi X-CUBE-qispace-sdk-base 1.9.3
2025-10-10 20:52:41,704 [INFO] ThirdParty:1030 - CMSIS Pack Vendor :STMicroelectronics X-CUBE-ISPU 2.0.0
2025-10-10 20:52:41,704 [INFO] ThirdParty:1030 - CMSIS Pack Vendor :STMicroelectronics X-CUBE-EEPRMA1 5.1.0
2025-10-10 20:52:41,704 [INFO] ThirdParty:1030 - CMSIS Pack Vendor :STMicroelectronics MBEDTLS 2.16.2
2025-10-10 20:52:41,704 [INFO] ThirdParty:1030 - CMSIS Pack Vendor :STMicroelectronics X-CUBE-IPS 3.1.0
2025-10-10 20:52:41,704 [INFO] ThirdParty:1030 - CMSIS Pack Vendor :STMicroelectronics X-CUBE-ALS 1.0.2
2025-10-10 20:52:41,704 [INFO] ThirdParty:1030 - CMSIS Pack Vendor :STMicroelectronics X-CUBE-MEMS1 10.0.0
2025-10-10 20:52:41,704 [INFO] ThirdParty:1030 - CMSIS Pack Vendor :STMicroelectronics X-CUBE-FREERTOS 1.1.0
2025-10-10 20:52:41,704 [INFO] ThirdParty:1030 - CMSIS Pack Vendor :STMicroelectronics X-CUBE-TOUCHGFX 4.24.0
2025-10-10 20:52:41,705 [INFO] ThirdParty:1030 - CMSIS Pack Vendor :STMicroelectronics X-CUBE-TOUCHGFX 4.24.1
2025-10-10 20:52:41,705 [INFO] ThirdParty:1030 - CMSIS Pack Vendor :STMicroelectronics X-CUBE-STSE01 1.0.0
2025-10-10 20:52:41,705 [INFO] ThirdParty:1030 - CMSIS Pack Vendor :wolfSSL I-CUBE-wolfTPM 3.4.0
2025-10-10 20:52:41,705 [INFO] ThirdParty:1030 - CMSIS Pack Vendor :portGmbH I-Cube-SoM-uGOAL 1.1.0
2025-10-10 20:52:41,705 [INFO] ThirdParty:1030 - CMSIS Pack Vendor :STMicroelectronics X-CUBE-ALS 1.0.1
2025-10-10 20:52:41,705 [INFO] ThirdParty:1030 - CMSIS Pack Vendor :STMicroelectronics X-CUBE-ST67W61 1.0.0
2025-10-10 20:52:41,705 [INFO] ThirdParty:1030 - CMSIS Pack Vendor :STMicroelectronics X-CUBE-AI 10.2.0
2025-10-10 20:52:41,705 [INFO] ThirdParty:1030 - CMSIS Pack Vendor :STMicroelectronics ThreadX 1.0.0
2025-10-10 20:52:41,705 [INFO] ThirdParty:1030 - CMSIS Pack Vendor :SEGGER I-CUBE-embOS 1.3.1
2025-10-10 20:52:41,705 [INFO] ThirdParty:1030 - CMSIS Pack Vendor :STMicroelectronics X-CUBE-ALGOBUILD 1.4.0
2025-10-10 20:52:41,705 [INFO] ThirdParty:1030 - CMSIS Pack Vendor :STMicroelectronics X-CUBE-MEMS1 11.3.0
2025-10-10 20:52:41,705 [INFO] ThirdParty:1030 - CMSIS Pack Vendor :STMicroelectronics X-CUBE-AZRTOS-H7RS 1.0.0
2025-10-10 20:52:41,705 [INFO] ThirdParty:1030 - CMSIS Pack Vendor :STMicroelectronics FP-ATR-ASTRA1 2.0.0
2025-10-10 20:52:41,705 [INFO] ThirdParty:1030 - CMSIS Pack Vendor :STMicroelectronics X-CUBE-TOF1 3.4.2
2025-10-10 20:52:41,705 [INFO] ThirdParty:1030 - CMSIS Pack Vendor :STMicroelectronics X-CUBE-TOF1 3.4.3
2025-10-10 20:52:41,705 [INFO] ThirdParty:1030 - CMSIS Pack Vendor :STMicroelectronics X-CUBE-AI 9.1.0
2025-10-10 20:52:41,705 [INFO] ThirdParty:1030 - CMSIS Pack Vendor :STMicroelectronics X-CUBE-TOF1 3.4.1
2025-10-10 20:52:41,705 [INFO] ThirdParty:1030 - CMSIS Pack Vendor :STMicroelectronics X-CUBE-AZRTOS-H7 3.2.0
2025-10-10 20:52:41,705 [INFO] ThirdParty:1030 - CMSIS Pack Vendor :wolfSSL I-CUBE-wolfSSH 1.4.17
2025-10-10 20:52:41,705 [INFO] ThirdParty:841 - exiting critical section [change project]
2025-10-10 20:52:42,375 [INFO] PinOutPanel:1589 - setPackage(No Configuration,No Configuration)
2025-10-10 20:52:42,377 [INFO] PinOutPanel:1589 - setPackage(STM32G474RETx,LQFP64)
2025-10-10 20:52:42,753 [INFO] UtilMem:75 - Before build in PCC Used Memory: 720758648 Bytes (1073741824)
2025-10-10 20:52:43,602 [INFO] UtilMem:75 - After build in PCC Used Memory: 828768136 Bytes (1073741824)
2025-10-10 20:52:43,637 [INFO] IPUIPlugin:80 - create IPUIPlugin
2025-10-10 20:52:43,637 [INFO] IPUIPlugin:80 - create IPUIPlugin
2025-10-10 20:52:43,637 [INFO] IPUIPlugin:80 - create IPUIPlugin
2025-10-10 20:52:43,637 [INFO] IPUIPlugin:80 - create IPUIPlugin
2025-10-10 20:52:43,637 [INFO] IPUIPlugin:80 - create IPUIPlugin
2025-10-10 20:52:43,637 [INFO] IPUIPlugin:80 - create IPUIPlugin
2025-10-10 20:52:43,637 [INFO] IPUIPlugin:80 - create IPUIPlugin
2025-10-10 20:52:43,637 [INFO] IPUIPlugin:80 - create IPUIPlugin
2025-10-10 20:52:43,637 [INFO] IPUIPlugin:80 - create IPUIPlugin
2025-10-10 20:52:43,637 [INFO] IPUIPlugin:80 - create IPUIPlugin
2025-10-10 20:52:43,637 [INFO] IPUIPlugin:80 - create IPUIPlugin
2025-10-10 20:52:43,637 [INFO] IPUIPlugin:80 - create IPUIPlugin
2025-10-10 20:52:43,637 [INFO] IPUIPlugin:80 - create IPUIPlugin
2025-10-10 20:52:43,637 [INFO] IPUIPlugin:80 - create IPUIPlugin
2025-10-10 20:52:43,637 [INFO] IPUIPlugin:80 - create IPUIPlugin
2025-10-10 20:52:43,637 [INFO] IPUIPlugin:80 - create IPUIPlugin
2025-10-10 20:52:43,637 [INFO] IPUIPlugin:80 - create IPUIPlugin
2025-10-10 20:52:43,637 [INFO] IPUIPlugin:80 - create IPUIPlugin
2025-10-10 20:52:43,637 [INFO] IPUIPlugin:80 - create IPUIPlugin
2025-10-10 20:52:43,637 [INFO] IPUIPlugin:80 - create IPUIPlugin
2025-10-10 20:52:43,637 [INFO] IPUIPlugin:80 - create IPUIPlugin
2025-10-10 20:52:43,637 [INFO] IPUIPlugin:80 - create IPUIPlugin
2025-10-10 20:52:43,637 [INFO] IPUIPlugin:80 - create IPUIPlugin
2025-10-10 20:52:43,639 [INFO] IPUIPlugin:80 - create IPUIPlugin
2025-10-10 20:52:43,639 [INFO] IPUIPlugin:80 - create IPUIPlugin
2025-10-10 20:52:43,640 [INFO] IPUIPlugin:80 - create IPUIPlugin
2025-10-10 20:52:43,640 [INFO] IPUIPlugin:80 - create IPUIPlugin
2025-10-10 20:52:43,640 [INFO] IPUIPlugin:80 - create IPUIPlugin
2025-10-10 20:52:43,641 [INFO] IPUIPlugin:80 - create IPUIPlugin
2025-10-10 20:52:43,641 [INFO] IPUIPlugin:80 - create IPUIPlugin
2025-10-10 20:52:43,641 [INFO] IPUIPlugin:80 - create IPUIPlugin
2025-10-10 20:52:43,641 [INFO] IPUIPlugin:80 - create IPUIPlugin
2025-10-10 20:52:43,641 [INFO] IPUIPlugin:80 - create IPUIPlugin
2025-10-10 20:52:43,641 [INFO] IPUIPlugin:80 - create IPUIPlugin
2025-10-10 20:52:43,641 [INFO] IPUIPlugin:80 - create IPUIPlugin
2025-10-10 20:52:43,642 [INFO] IPUIPlugin:80 - create IPUIPlugin
2025-10-10 20:52:43,642 [INFO] IPUIPlugin:80 - create IPUIPlugin
2025-10-10 20:52:43,642 [INFO] IPUIPlugin:80 - create IPUIPlugin
2025-10-10 20:52:43,642 [INFO] IPUIPlugin:80 - create IPUIPlugin
2025-10-10 20:52:43,642 [INFO] IPUIPlugin:80 - create IPUIPlugin
2025-10-10 20:52:43,643 [INFO] IPUIPlugin:80 - create IPUIPlugin
2025-10-10 20:52:43,643 [INFO] IPUIPlugin:80 - create IPUIPlugin
2025-10-10 20:52:43,643 [INFO] IPUIPlugin:80 - create IPUIPlugin
2025-10-10 20:52:43,643 [INFO] IPUIPlugin:80 - create IPUIPlugin
2025-10-10 20:52:43,643 [INFO] IPUIPlugin:80 - create IPUIPlugin
2025-10-10 20:52:43,643 [INFO] IPUIPlugin:80 - create IPUIPlugin
2025-10-10 20:52:43,644 [INFO] IPUIPlugin:80 - create IPUIPlugin
2025-10-10 20:52:43,644 [INFO] IPUIPlugin:80 - create IPUIPlugin
2025-10-10 20:52:43,644 [INFO] IPUIPlugin:80 - create IPUIPlugin
2025-10-10 20:52:43,644 [INFO] IPUIPlugin:80 - create IPUIPlugin
2025-10-10 20:52:43,644 [INFO] IPUIPlugin:80 - create IPUIPlugin
2025-10-10 20:52:43,644 [INFO] IPUIPlugin:80 - create IPUIPlugin
2025-10-10 20:52:43,645 [INFO] IPUIPlugin:80 - create IPUIPlugin
2025-10-10 20:52:43,645 [INFO] IPUIPlugin:80 - create IPUIPlugin
2025-10-10 20:52:43,645 [INFO] IPUIPlugin:80 - create IPUIPlugin
2025-10-10 20:52:43,645 [INFO] IPUIPlugin:80 - create IPUIPlugin
2025-10-10 20:52:43,645 [INFO] IPUIPlugin:80 - create IPUIPlugin
2025-10-10 20:52:43,646 [INFO] IPUIPlugin:80 - create IPUIPlugin
2025-10-10 20:52:43,646 [INFO] IPUIPlugin:80 - create IPUIPlugin
2025-10-10 20:52:43,646 [INFO] IPUIPlugin:80 - create IPUIPlugin
2025-10-10 20:52:43,646 [INFO] IPUIPlugin:80 - create IPUIPlugin
2025-10-10 20:52:43,646 [INFO] IPUIPlugin:80 - create IPUIPlugin
2025-10-10 20:52:43,646 [INFO] IPUIPlugin:80 - create IPUIPlugin
2025-10-10 20:52:43,646 [INFO] IPUIPlugin:80 - create IPUIPlugin
2025-10-10 20:52:43,647 [INFO] IPUIPlugin:80 - create IPUIPlugin
2025-10-10 20:52:43,647 [INFO] IPUIPlugin:80 - create IPUIPlugin
2025-10-10 20:52:43,647 [INFO] IPUIPlugin:80 - create IPUIPlugin
2025-10-10 20:52:43,647 [INFO] IPUIPlugin:80 - create IPUIPlugin
2025-10-10 20:52:43,647 [INFO] IPUIPlugin:80 - create IPUIPlugin
2025-10-10 20:52:43,647 [INFO] IPUIPlugin:80 - create IPUIPlugin
2025-10-10 20:52:43,649 [INFO] IPUIPlugin:80 - create IPUIPlugin
2025-10-10 20:52:43,649 [INFO] IPUIPlugin:80 - create IPUIPlugin
2025-10-10 20:52:43,649 [INFO] IPUIPlugin:80 - create IPUIPlugin
2025-10-10 20:52:43,649 [INFO] IPUIPlugin:80 - create IPUIPlugin
2025-10-10 20:52:43,650 [INFO] IPUIPlugin:80 - create IPUIPlugin
2025-10-10 20:52:43,650 [INFO] IPUIPlugin:80 - create IPUIPlugin
2025-10-10 20:52:43,650 [INFO] IPUIPlugin:80 - create IPUIPlugin
2025-10-10 20:52:43,651 [INFO] IPUIPlugin:80 - create IPUIPlugin
2025-10-10 20:52:43,744 [INFO] CADModel:165 - CPN selected for project levelSTM32G474RET6
2025-10-10 20:52:43,744 [INFO] CADModel:114 - Register for checkConnection events
2025-10-10 20:52:43,846 [INFO] OpenFileManager:386 - Restore cursor
2025-10-10 20:53:15,320 [INFO] MainUpdater:2872 - connection check result : 10
2025-10-10 20:53:15,320 [INFO] MainUpdater:2872 - connection check result : 10
2025-10-10 20:53:15,340 [ERROR] IocParser:95 - Exception caught: null
2025-10-10 20:53:16,095 [INFO] I2cTimingTraitement:330 - 0x40B285C2
2025-10-10 20:53:16,103 [INFO] MicroXplorer:468 - Change Database Path : 
2025-10-10 20:53:16,104 [INFO] MicroXplorer:498 - Change Database Version : DB.6.0.150
2025-10-10 20:53:16,129 [ERROR] ProjectManagerView:395 - 
java.lang.NullPointerException: Cannot invoke "javax.swing.JTextField.getText()" because the return value of "java.util.List.get(int)" is null
	at com.st.microxplorer.plugins.projectmanager.gui.ProjectChoiceTab$9.caretUpdate(ProjectChoiceTab.java:2706) ~[filemanager.jar:?]
	at javax.swing.text.JTextComponent.fireCaretUpdate(JTextComponent.java:408) ~[?:?]
	at javax.swing.text.JTextComponent$MutableCaretEvent.fire(JTextComponent.java:4484) ~[?:?]
	at javax.swing.text.JTextComponent$MutableCaretEvent.stateChanged(JTextComponent.java:4506) ~[?:?]
	at javax.swing.text.DefaultCaret.fireStateChanged(DefaultCaret.java:857) ~[?:?]
	at javax.swing.text.DefaultCaret.changeCaretPosition(DefaultCaret.java:1343) ~[?:?]
	at javax.swing.text.DefaultCaret.handleSetDot(DefaultCaret.java:1242) ~[?:?]
	at javax.swing.text.DefaultCaret.setDot(DefaultCaret.java:1223) ~[?:?]
	at javax.swing.text.DefaultCaret$Handler.insertUpdate(DefaultCaret.java:1819) ~[?:?]
	at javax.swing.text.AbstractDocument.fireInsertUpdate(AbstractDocument.java:227) ~[?:?]
	at javax.swing.text.AbstractDocument.handleInsertString(AbstractDocument.java:781) ~[?:?]
	at javax.swing.text.AbstractDocument.insertString(AbstractDocument.java:740) ~[?:?]
	at javax.swing.text.PlainDocument.insertString(PlainDocument.java:131) ~[?:?]
	at javax.swing.text.AbstractDocument.replace(AbstractDocument.java:699) ~[?:?]
	at javax.swing.text.JTextComponent.setText(JTextComponent.java:1725) ~[?:?]
	at com.st.microxplorer.plugins.projectmanager.gui.ProjectChoiceTab.createHeapStackFields(ProjectChoiceTab.java:993) ~[filemanager.jar:?]
	at com.st.microxplorer.plugins.projectmanager.gui.ProjectChoiceTab.buildLinkSettingsPanel(ProjectChoiceTab.java:3813) ~[filemanager.jar:?]
	at com.st.microxplorer.plugins.projectmanager.gui.ProjectChoiceTab.defineWindowsFields(ProjectChoiceTab.java:1987) ~[filemanager.jar:?]
	at com.st.microxplorer.plugins.projectmanager.gui.ProjectChoiceTab.updateSettings(ProjectChoiceTab.java:558) ~[filemanager.jar:?]
	at com.st.microxplorer.plugins.projectmanager.gui.ProjectSettingsPanel.UpdateDialog(ProjectSettingsPanel.java:247) ~[filemanager.jar:?]
	at com.st.microxplorer.plugins.projectmanager.ProjectManagerView.propertyChange(ProjectManagerView.java:392) ~[filemanager.jar:?]
	at java.beans.PropertyChangeSupport.fire(PropertyChangeSupport.java:343) ~[?:?]
	at java.beans.PropertyChangeSupport.firePropertyChange(PropertyChangeSupport.java:335) ~[?:?]
	at java.beans.PropertyChangeSupport.firePropertyChange(PropertyChangeSupport.java:268) ~[?:?]
	at com.st.microxplorer.util.MXPropertyChangeSupport.firePropertyChange(MXPropertyChangeSupport.java:54) ~[STM32CubeMX.jar:?]
	at com.st.microxplorer.mxsystem.MxSystem.closeConfig(MxSystem.java:899) ~[STM32CubeMX.jar:?]
	at com.st.microxplorer.maingui.MainPanel.closeConfig(MainPanel.java:792) ~[STM32CubeMX.jar:?]
	at com.st.microxplorer.plugins.filemanager.engine.OpenFileManager.loadConfigurationFile(OpenFileManager.java:288) ~[filemanager.jar:?]
	at com.st.microxplorer.plugins.filemanager.engine.MainFileManager.userLoadConfig(MainFileManager.java:364) ~[filemanager.jar:?]
	at com.st.microxplorer.plugins.filemanager.engine.MainFileManager.userLoadConfig(MainFileManager.java:342) ~[filemanager.jar:?]
	at com.st.microxplorer.plugins.filemanager.FileManagerView.getSpecificTask(FileManagerView.java:264) ~[filemanager.jar:?]
	at com.st.stm32cube.common.mx.editor.CubeMxEditor.getMxTabbedPaneInstance(CubeMxEditor.java:1198) ~[com.st.stm32cube.common.mx_6.15.0.202507011659/:?]
	at com.st.stm32cube.common.mx.editor.CubeMxEditor$12$1.createSwingComponent(CubeMxEditor.java:1068) ~[com.st.stm32cube.common.mx_6.15.0.202507011659/:?]
	at com.st.stm32cube.common.mx.oss.core.awtswtbridge.EmbeddedSwingComposite.doComponentCreation(EmbeddedSwingComposite.java:492) ~[com.st.stm32cube.common.mx.oss_6.15.0.202507011659/:?]
	at com.st.stm32cube.common.mx.oss.core.awtswtbridge.EmbeddedSwingComposite$4.run(EmbeddedSwingComposite.java:291) ~[com.st.stm32cube.common.mx.oss_6.15.0.202507011659/:?]
	at com.st.stm32cube.common.mx.oss.core.awtswtbridge.AwtEnvironment$2.run(AwtEnvironment.java:166) ~[com.st.stm32cube.common.mx.oss_6.15.0.202507011659/:?]
	at java.awt.event.InvocationEvent.dispatch(InvocationEvent.java:318) ~[?:?]
	at java.awt.EventQueue.dispatchEventImpl(EventQueue.java:773) ~[?:?]
	at java.awt.EventQueue$4.run(EventQueue.java:720) ~[?:?]
	at java.awt.EventQueue$4.run(EventQueue.java:714) ~[?:?]
	at java.security.AccessController.doPrivileged(AccessController.java:400) ~[?:?]
	at java.security.ProtectionDomain$JavaSecurityAccessImpl.doIntersectionPrivilege(ProtectionDomain.java:87) ~[?:?]
	at java.awt.EventQueue.dispatchEvent(EventQueue.java:742) ~[?:?]
	at java.awt.EventDispatchThread.pumpOneEventForFilters(EventDispatchThread.java:203) ~[?:?]
	at java.awt.EventDispatchThread.pumpEventsForFilter(EventDispatchThread.java:124) ~[?:?]
	at java.awt.EventDispatchThread.pumpEventsForHierarchy(EventDispatchThread.java:113) ~[?:?]
	at java.awt.EventDispatchThread.pumpEvents(EventDispatchThread.java:109) ~[?:?]
	at java.awt.EventDispatchThread.pumpEvents(EventDispatchThread.java:101) ~[?:?]
	at java.awt.EventDispatchThread.run(EventDispatchThread.java:90) ~[?:?]
2025-10-10 20:53:16,131 [WARN] ThirdParty:871 - waiting for thirdparty lock release [close project]
2025-10-10 20:53:16,131 [INFO] ThirdParty:873 - entering critical section [close project]
2025-10-10 20:53:16,131 [INFO] ThirdParty:883 - exiting critical section [close project]
2025-10-10 20:53:16,136 [INFO] PinOutPanel:1589 - setPackage(No Configuration,No Configuration)
2025-10-10 20:53:16,150 [INFO] UtilMem:75 - Begin LoadConfig() Used Memory: 613203008 Bytes (1073741824)
2025-10-10 20:53:16,151 [INFO] MicroXplorer:468 - Change Database Path : 
2025-10-10 20:53:16,152 [INFO] MicroXplorer:498 - Change Database Version : DB.6.0.150
2025-10-10 20:53:16,152 [INFO] OpenFileManager:355 - Change cursor
2025-10-10 20:53:16,162 [INFO] Mcu:2029 - Initializing MCU STM32G474R(B-C-E)Tx STM32G474RETx STM32G474RET6
2025-10-10 20:53:19,654 [INFO] MainUpdater:2872 - connection check result : 10
2025-10-10 20:53:19,655 [INFO] MainUpdater:2872 - connection check result : 10
2025-10-10 20:53:19,682 [INFO] MicroXplorer:468 - Change Database Path : 
2025-10-10 20:53:19,682 [INFO] MicroXplorer:498 - Change Database Version : DB.6.0.150
2025-10-10 20:53:19,753 [ERROR] ProjectManagerView:395 - 
java.lang.NullPointerException: Cannot invoke "javax.swing.JTextField.getText()" because the return value of "java.util.List.get(int)" is null
	at com.st.microxplorer.plugins.projectmanager.gui.ProjectChoiceTab$9.caretUpdate(ProjectChoiceTab.java:2706) ~[filemanager.jar:?]
	at javax.swing.text.JTextComponent.fireCaretUpdate(JTextComponent.java:408) ~[?:?]
	at javax.swing.text.JTextComponent$MutableCaretEvent.fire(JTextComponent.java:4484) ~[?:?]
	at javax.swing.text.JTextComponent$MutableCaretEvent.stateChanged(JTextComponent.java:4506) ~[?:?]
	at javax.swing.text.DefaultCaret.fireStateChanged(DefaultCaret.java:857) ~[?:?]
	at javax.swing.text.DefaultCaret.changeCaretPosition(DefaultCaret.java:1343) ~[?:?]
	at javax.swing.text.DefaultCaret.handleSetDot(DefaultCaret.java:1242) ~[?:?]
	at javax.swing.text.DefaultCaret.setDot(DefaultCaret.java:1223) ~[?:?]
	at javax.swing.text.DefaultCaret$Handler.insertUpdate(DefaultCaret.java:1819) ~[?:?]
	at javax.swing.text.AbstractDocument.fireInsertUpdate(AbstractDocument.java:227) ~[?:?]
	at javax.swing.text.AbstractDocument.handleInsertString(AbstractDocument.java:781) ~[?:?]
	at javax.swing.text.AbstractDocument.insertString(AbstractDocument.java:740) ~[?:?]
	at javax.swing.text.PlainDocument.insertString(PlainDocument.java:131) ~[?:?]
	at javax.swing.text.AbstractDocument.replace(AbstractDocument.java:699) ~[?:?]
	at javax.swing.text.JTextComponent.setText(JTextComponent.java:1725) ~[?:?]
	at com.st.microxplorer.plugins.projectmanager.gui.ProjectChoiceTab.createHeapStackFields(ProjectChoiceTab.java:993) ~[filemanager.jar:?]
	at com.st.microxplorer.plugins.projectmanager.gui.ProjectChoiceTab.buildLinkSettingsPanel(ProjectChoiceTab.java:3813) ~[filemanager.jar:?]
	at com.st.microxplorer.plugins.projectmanager.gui.ProjectChoiceTab.defineWindowsFields(ProjectChoiceTab.java:1987) ~[filemanager.jar:?]
	at com.st.microxplorer.plugins.projectmanager.gui.ProjectChoiceTab.updateSettings(ProjectChoiceTab.java:558) ~[filemanager.jar:?]
	at com.st.microxplorer.plugins.projectmanager.gui.ProjectSettingsPanel.UpdateDialog(ProjectSettingsPanel.java:247) ~[filemanager.jar:?]
	at com.st.microxplorer.plugins.projectmanager.ProjectManagerView.propertyChange(ProjectManagerView.java:392) ~[filemanager.jar:?]
	at java.beans.PropertyChangeSupport.fire(PropertyChangeSupport.java:343) ~[?:?]
	at java.beans.PropertyChangeSupport.firePropertyChange(PropertyChangeSupport.java:335) ~[?:?]
	at java.beans.PropertyChangeSupport.firePropertyChange(PropertyChangeSupport.java:268) ~[?:?]
	at com.st.microxplorer.util.MXPropertyChangeSupport.firePropertyChange(MXPropertyChangeSupport.java:54) ~[STM32CubeMX.jar:?]
	at com.st.microxplorer.mxsystem.MxSystem.closeConfig(MxSystem.java:899) ~[STM32CubeMX.jar:?]
	at com.st.microxplorer.maingui.MainPanel.closeConfig(MainPanel.java:792) ~[STM32CubeMX.jar:?]
	at com.st.microxplorer.plugins.filemanager.engine.OpenFileManager.loadConfigurationFile(OpenFileManager.java:288) ~[filemanager.jar:?]
	at com.st.microxplorer.plugins.filemanager.engine.MainFileManager.userLoadConfig(MainFileManager.java:364) ~[filemanager.jar:?]
	at com.st.microxplorer.plugins.filemanager.engine.MainFileManager.userLoadConfig(MainFileManager.java:342) ~[filemanager.jar:?]
	at com.st.microxplorer.plugins.filemanager.FileManagerView.getSpecificTask(FileManagerView.java:264) ~[filemanager.jar:?]
	at com.st.stm32cube.common.mx.editor.CubeMxEditor.getMxTabbedPaneInstance(CubeMxEditor.java:1198) ~[com.st.stm32cube.common.mx_6.15.0.202507011659/:?]
	at com.st.stm32cube.common.mx.editor.CubeMxEditor$12$1.createSwingComponent(CubeMxEditor.java:1068) ~[com.st.stm32cube.common.mx_6.15.0.202507011659/:?]
	at com.st.stm32cube.common.mx.oss.core.awtswtbridge.EmbeddedSwingComposite.doComponentCreation(EmbeddedSwingComposite.java:492) ~[com.st.stm32cube.common.mx.oss_6.15.0.202507011659/:?]
	at com.st.stm32cube.common.mx.oss.core.awtswtbridge.EmbeddedSwingComposite$4.run(EmbeddedSwingComposite.java:291) ~[com.st.stm32cube.common.mx.oss_6.15.0.202507011659/:?]
	at com.st.stm32cube.common.mx.oss.core.awtswtbridge.AwtEnvironment$2.run(AwtEnvironment.java:166) ~[com.st.stm32cube.common.mx.oss_6.15.0.202507011659/:?]
	at java.awt.event.InvocationEvent.dispatch(InvocationEvent.java:318) ~[?:?]
	at java.awt.EventQueue.dispatchEventImpl(EventQueue.java:773) ~[?:?]
	at java.awt.EventQueue$4.run(EventQueue.java:720) ~[?:?]
	at java.awt.EventQueue$4.run(EventQueue.java:714) ~[?:?]
	at java.security.AccessController.doPrivileged(AccessController.java:400) ~[?:?]
	at java.security.ProtectionDomain$JavaSecurityAccessImpl.doIntersectionPrivilege(ProtectionDomain.java:87) ~[?:?]
	at java.awt.EventQueue.dispatchEvent(EventQueue.java:742) ~[?:?]
	at java.awt.EventDispatchThread.pumpOneEventForFilters(EventDispatchThread.java:203) ~[?:?]
	at java.awt.EventDispatchThread.pumpEventsForFilter(EventDispatchThread.java:124) ~[?:?]
	at java.awt.EventDispatchThread.pumpEventsForFilter(EventDispatchThread.java:117) ~[?:?]
	at java.awt.WaitDispatchSupport$2.run(WaitDispatchSupport.java:191) ~[?:?]
	at java.awt.WaitDispatchSupport$4.run(WaitDispatchSupport.java:236) ~[?:?]
	at java.awt.WaitDispatchSupport$4.run(WaitDispatchSupport.java:234) ~[?:?]
	at java.security.AccessController.doPrivileged(AccessController.java:319) ~[?:?]
	at java.awt.WaitDispatchSupport.enter(WaitDispatchSupport.java:234) ~[?:?]
	at java.awt.Dialog.show(Dialog.java:1079) ~[?:?]
	at java.awt.Component.show(Component.java:1728) ~[?:?]
	at java.awt.Component.setVisible(Component.java:1675) ~[?:?]
	at java.awt.Window.setVisible(Window.java:1036) ~[?:?]
	at java.awt.Dialog.setVisible(Dialog.java:1015) ~[?:?]
	at com.st.microxplorer.util.ProcessBarDialog.doAction(ProcessBarDialog.java:173) ~[STM32CubeMX.jar:?]
	at com.st.microxplorer.mxsystem.ProjectFactory.load(ProjectFactory.java:235) ~[STM32CubeMX.jar:?]
	at com.st.microxplorer.mxsystem.ProjectFactory.startLoadConfig(ProjectFactory.java:184) ~[STM32CubeMX.jar:?]
	at com.st.microxplorer.mxsystem.MxSystem.startLoadConfig(MxSystem.java:782) ~[STM32CubeMX.jar:?]
	at com.st.microxplorer.plugins.filemanager.engine.OpenFileManager.LoadConfig(OpenFileManager.java:357) ~[filemanager.jar:?]
	at com.st.microxplorer.plugins.filemanager.engine.OpenFileManager.loadConfigurationFile(OpenFileManager.java:292) ~[filemanager.jar:?]
	at com.st.microxplorer.plugins.filemanager.engine.MainFileManager.userLoadConfig(MainFileManager.java:364) ~[filemanager.jar:?]
	at com.st.microxplorer.plugins.filemanager.engine.MainFileManager.userLoadConfig(MainFileManager.java:342) ~[filemanager.jar:?]
	at com.st.microxplorer.plugins.filemanager.FileManagerView.getSpecificTask(FileManagerView.java:264) ~[filemanager.jar:?]
	at com.st.stm32cube.common.mx.editor.CubeMxEditor.getMxTabbedPaneInstance(CubeMxEditor.java:1198) ~[com.st.stm32cube.common.mx_6.15.0.202507011659/:?]
	at com.st.stm32cube.common.mx.editor.CubeMxEditor$12$1.createSwingComponent(CubeMxEditor.java:1068) ~[com.st.stm32cube.common.mx_6.15.0.202507011659/:?]
	at com.st.stm32cube.common.mx.oss.core.awtswtbridge.EmbeddedSwingComposite.doComponentCreation(EmbeddedSwingComposite.java:492) ~[com.st.stm32cube.common.mx.oss_6.15.0.202507011659/:?]
	at com.st.stm32cube.common.mx.oss.core.awtswtbridge.EmbeddedSwingComposite$4.run(EmbeddedSwingComposite.java:291) ~[com.st.stm32cube.common.mx.oss_6.15.0.202507011659/:?]
	at com.st.stm32cube.common.mx.oss.core.awtswtbridge.AwtEnvironment$2.run(AwtEnvironment.java:166) ~[com.st.stm32cube.common.mx.oss_6.15.0.202507011659/:?]
	at java.awt.event.InvocationEvent.dispatch(InvocationEvent.java:318) ~[?:?]
	at java.awt.EventQueue.dispatchEventImpl(EventQueue.java:773) ~[?:?]
	at java.awt.EventQueue$4.run(EventQueue.java:720) ~[?:?]
	at java.awt.EventQueue$4.run(EventQueue.java:714) ~[?:?]
	at java.security.AccessController.doPrivileged(AccessController.java:400) ~[?:?]
	at java.security.ProtectionDomain$JavaSecurityAccessImpl.doIntersectionPrivilege(ProtectionDomain.java:87) ~[?:?]
	at java.awt.EventQueue.dispatchEvent(EventQueue.java:742) ~[?:?]
	at java.awt.EventDispatchThread.pumpOneEventForFilters(EventDispatchThread.java:203) ~[?:?]
	at java.awt.EventDispatchThread.pumpEventsForFilter(EventDispatchThread.java:124) ~[?:?]
	at java.awt.EventDispatchThread.pumpEventsForHierarchy(EventDispatchThread.java:113) ~[?:?]
	at java.awt.EventDispatchThread.pumpEvents(EventDispatchThread.java:109) ~[?:?]
	at java.awt.EventDispatchThread.pumpEvents(EventDispatchThread.java:101) ~[?:?]
	at java.awt.EventDispatchThread.run(EventDispatchThread.java:90) ~[?:?]
2025-10-10 20:53:19,758 [WARN] ThirdParty:871 - waiting for thirdparty lock release [close project]
2025-10-10 20:53:19,758 [INFO] ThirdParty:873 - entering critical section [close project]
2025-10-10 20:53:19,760 [INFO] ThirdParty:883 - exiting critical section [close project]
2025-10-10 20:53:19,762 [INFO] PinOutPanel:1589 - setPackage(No Configuration,No Configuration)
2025-10-10 20:53:19,765 [INFO] UtilMem:75 - Begin LoadConfig() Used Memory: 454909824 Bytes (1073741824)
2025-10-10 20:53:19,767 [INFO] MicroXplorer:468 - Change Database Path : 
2025-10-10 20:53:19,767 [INFO] MicroXplorer:498 - Change Database Version : DB.6.0.150
2025-10-10 20:53:19,767 [INFO] OpenFileManager:355 - Change cursor
2025-10-10 20:53:19,778 [INFO] Mcu:2029 - Initializing MCU STM32G474R(B-C-E)Tx STM32G474RETx STM32G474RET6
2025-10-10 20:53:20,704 [INFO] Context:786 - Trying to add GPIOservice into a context  which must be forbidden
2025-10-10 20:53:20,957 [FATAL] ProjectFactory:656 - Exception caught
java.util.ConcurrentModificationException: null
	at java.util.ArrayList$Itr.checkForComodification(ArrayList.java:1095) ~[?:?]
	at java.util.ArrayList$Itr.next(ArrayList.java:1049) ~[?:?]
	at com.st.microxplorer.mcu.Mcu.completeMcuConfiguration(Mcu.java:3282) ~[STM32CubeMX.jar:?]
	at com.st.microxplorer.mcu.Mcu.initializeNewMcu(Mcu.java:2086) ~[STM32CubeMX.jar:?]
	at com.st.microxplorer.mxsystem.ProjectFactory.swingWorkerLoad(ProjectFactory.java:521) ~[STM32CubeMX.jar:?]
	at com.st.microxplorer.util.ProcessBarDialog.performAction(ProcessBarDialog.java:86) ~[STM32CubeMX.jar:?]
	at com.st.microxplorer.util.ProcessBarDialog$1.doInBackground(ProcessBarDialog.java:157) ~[STM32CubeMX.jar:?]
	at com.st.microxplorer.util.ProcessBarDialog$1.doInBackground(ProcessBarDialog.java:154) ~[STM32CubeMX.jar:?]
	at javax.swing.SwingWorker$1.call(SwingWorker.java:305) ~[?:?]
	at java.util.concurrent.FutureTask.run(FutureTask.java:317) ~[?:?]
	at javax.swing.SwingWorker.run(SwingWorker.java:342) ~[?:?]
	at java.util.concurrent.ThreadPoolExecutor.runWorker(ThreadPoolExecutor.java:1144) ~[?:?]
	at java.util.concurrent.ThreadPoolExecutor$Worker.run(ThreadPoolExecutor.java:642) ~[?:?]
	at java.lang.Thread.run(Thread.java:1583) ~[?:?]
2025-10-10 20:53:23,638 [INFO] Context:786 - Trying to add GPIOservice into a context  which must be forbidden
2025-10-10 20:53:24,640 [INFO] ApiDbMcu:532 - Load IP Config File for NUCLEO-G474RE
2025-10-10 20:53:24,830 [INFO] ImportTextPane:234 - (OptionalMessage_ERROR) Pin15 (VP_RIF_VS_RIF1) cannot be retrieved for this MCU
2025-10-10 20:53:24,861 [WARN] ModelPack:524 - Component already loaded: STMicroelectronics:STM32G474RETx:0.0.0:STMicroelectronics:Peripheral::DMA:DMA:HAL:0.0.0:
2025-10-10 20:53:24,861 [WARN] ModelPack:524 - Component already loaded: STMicroelectronics:STM32G474RETx:0.0.0:STMicroelectronics:Peripheral::DMA:DMA:LL:0.0.0:
2025-10-10 20:53:24,861 [WARN] ModelPack:524 - Component already loaded: STMicroelectronics:STM32G474RETx:0.0.0:STMicroelectronics:Peripheral::GPIO:GPIO:HAL:0.0.0:
2025-10-10 20:53:24,861 [WARN] ModelPack:524 - Component already loaded: STMicroelectronics:STM32G474RETx:0.0.0:STMicroelectronics:Peripheral::GPIO:GPIO:LL:0.0.0:
2025-10-10 20:53:24,863 [WARN] ModelPack:524 - Component already loaded: STMicroelectronics:STM32G474RETx:0.0.0:STMicroelectronics:Peripheral::NVIC:NVIC:HAL:0.0.0:
2025-10-10 20:53:24,863 [WARN] ModelPack:524 - Component already loaded: STMicroelectronics:STM32G474RETx:0.0.0:STMicroelectronics:Peripheral::NVIC:NVIC:LL:0.0.0:
2025-10-10 20:53:24,864 [WARN] ModelPack:524 - Component already loaded: STMicroelectronics:STM32G474RETx:0.0.0:STMicroelectronics:Peripheral::TIM1_8G4:TIM15:HAL:0.0.0:
2025-10-10 20:53:24,864 [WARN] ModelPack:524 - Component already loaded: STMicroelectronics:STM32G474RETx:0.0.0:STMicroelectronics:Peripheral::TIM1_8G4:TIM15:LL:0.0.0:
2025-10-10 20:53:24,864 [WARN] ModelPack:524 - Component already loaded: STMicroelectronics:STM32G474RETx:0.0.0:STMicroelectronics:Peripheral::TIM1_8G4:TIM16:HAL:0.0.0:
2025-10-10 20:53:24,864 [WARN] ModelPack:524 - Component already loaded: STMicroelectronics:STM32G474RETx:0.0.0:STMicroelectronics:Peripheral::TIM1_8G4:TIM16:LL:0.0.0:
2025-10-10 20:53:24,864 [WARN] ModelPack:524 - Component already loaded: STMicroelectronics:STM32G474RETx:0.0.0:STMicroelectronics:Peripheral::TIM1_8G4:TIM17:HAL:0.0.0:
2025-10-10 20:53:24,864 [WARN] ModelPack:524 - Component already loaded: STMicroelectronics:STM32G474RETx:0.0.0:STMicroelectronics:Peripheral::TIM1_8G4:TIM17:LL:0.0.0:
2025-10-10 20:53:24,864 [WARN] ModelPack:524 - Component already loaded: STMicroelectronics:STM32G474RETx:0.0.0:STMicroelectronics:Peripheral::TIM1_8G4:TIM20:HAL:0.0.0:
2025-10-10 20:53:24,864 [WARN] ModelPack:524 - Component already loaded: STMicroelectronics:STM32G474RETx:0.0.0:STMicroelectronics:Peripheral::TIM1_8G4:TIM20:LL:0.0.0:
2025-10-10 20:53:24,864 [WARN] ModelPack:524 - Component already loaded: STMicroelectronics:STM32G474RETx:0.0.0:STMicroelectronics:Peripheral::TRACER_EMB:TRACER_EMB:HAL:0.0.0:
2025-10-10 20:53:24,864 [WARN] ModelPack:524 - Component already loaded: STMicroelectronics:STM32G474RETx:0.0.0:STMicroelectronics:Peripheral::TRACER_EMB:TRACER_EMB:LL:0.0.0:
2025-10-10 20:53:24,864 [WARN] ModelPack:524 - Component already loaded: STMicroelectronics:STM32G474RETx:0.0.0:STMicroelectronics:Peripheral::UART:UART4:HAL:0.0.0:
2025-10-10 20:53:24,864 [WARN] ModelPack:524 - Component already loaded: STMicroelectronics:STM32G474RETx:0.0.0:STMicroelectronics:Peripheral::UART:UART4:LL:0.0.0:
2025-10-10 20:53:24,864 [WARN] ModelPack:524 - Component already loaded: STMicroelectronics:STM32G474RETx:0.0.0:STMicroelectronics:Peripheral::UART:UART5:HAL:0.0.0:
2025-10-10 20:53:24,864 [WARN] ModelPack:524 - Component already loaded: STMicroelectronics:STM32G474RETx:0.0.0:STMicroelectronics:Peripheral::UART:UART5:LL:0.0.0:
2025-10-10 20:53:24,864 [WARN] ModelPack:524 - Component already loaded: STMicroelectronics:STM32G474RETx:0.0.0:STMicroelectronics:Peripheral::UCPD:UCPD1:HAL:0.0.0:
2025-10-10 20:53:24,864 [WARN] ModelPack:524 - Component already loaded: STMicroelectronics:STM32G474RETx:0.0.0:STMicroelectronics:Peripheral::UCPD:UCPD1:LL:0.0.0:
2025-10-10 20:53:24,864 [WARN] ModelPack:524 - Component already loaded: STMicroelectronics:STM32G474RETx:0.0.0:STMicroelectronics:Peripheral::USART:USART1:HAL:0.0.0:
2025-10-10 20:53:24,864 [WARN] ModelPack:524 - Component already loaded: STMicroelectronics:STM32G474RETx:0.0.0:STMicroelectronics:Peripheral::USART:USART1:LL:0.0.0:
2025-10-10 20:53:24,864 [WARN] ModelPack:524 - Component already loaded: STMicroelectronics:STM32G474RETx:0.0.0:STMicroelectronics:Peripheral::USART:USART2:HAL:0.0.0:
2025-10-10 20:53:24,864 [WARN] ModelPack:524 - Component already loaded: STMicroelectronics:STM32G474RETx:0.0.0:STMicroelectronics:Peripheral::USART:USART2:LL:0.0.0:
2025-10-10 20:53:24,864 [WARN] ModelPack:524 - Component already loaded: STMicroelectronics:STM32G474RETx:0.0.0:STMicroelectronics:Peripheral::USART:USART3:HAL:0.0.0:
2025-10-10 20:53:24,864 [WARN] ModelPack:524 - Component already loaded: STMicroelectronics:STM32G474RETx:0.0.0:STMicroelectronics:Peripheral::USART:USART3:LL:0.0.0:
2025-10-10 20:53:24,865 [WARN] ModelPack:524 - Component already loaded: STMicroelectronics:STM32G474RETx:0.0.0:STMicroelectronics:Peripheral::USB:USB:HAL:0.0.0:
2025-10-10 20:53:24,865 [WARN] ModelPack:524 - Component already loaded: STMicroelectronics:STM32G474RETx:0.0.0:STMicroelectronics:Peripheral::USB:USB:LL:0.0.0:
2025-10-10 20:53:24,865 [WARN] ModelPack:524 - Component already loaded: STMicroelectronics:STM32G474RETx:0.0.0:STMicroelectronics:Peripheral::WWDG:WWDG:HAL:0.0.0:
2025-10-10 20:53:24,865 [WARN] ModelPack:524 - Component already loaded: STMicroelectronics:STM32G474RETx:0.0.0:STMicroelectronics:Peripheral::WWDG:WWDG:LL:0.0.0:
2025-10-10 20:53:25,027 [INFO] RtosManager:558 - Registered RTOS mode: class=CMSIS, group=RTOS, mode=CMSIS_V1, owner=FREERTOS
2025-10-10 20:53:25,027 [INFO] RtosManager:558 - Registered RTOS mode: class=CMSIS, group=RTOS2, mode=CMSIS_V2, owner=FREERTOS
2025-10-10 20:53:25,027 [INFO] RtosManager:558 - Registered RTOS mode: class=RTOS, group=Core, mode=CMSIS_V1, owner=FREERTOS
2025-10-10 20:53:25,027 [INFO] RtosManager:558 - Registered RTOS mode: class=RTOS, group=Core, mode=CMSIS_V2, owner=FREERTOS
2025-10-10 20:53:25,027 [WARN] ModelIntegratedComponent:184 - Missing modes for component STMicroelectronics:FreeRTOS:0.0.1:STMicroelectronics:RTOS:FreeRTOS:Core:::10.2.0:
2025-10-10 20:53:25,031 [WARN] ModelIntegratedComponent:63 - No mode defined for component null
2025-10-10 20:53:25,031 [WARN] ModelIntegratedComponent:63 - No mode defined for component null
2025-10-10 20:53:25,031 [WARN] ModelIntegratedComponent:63 - No mode defined for component null
2025-10-10 20:53:25,031 [WARN] ModelIntegratedComponent:63 - No mode defined for component null
2025-10-10 20:53:25,031 [WARN] ModelIntegratedComponent:63 - No mode defined for component null
2025-10-10 20:53:25,031 [WARN] ModelIntegratedComponent:63 - No mode defined for component null
2025-10-10 20:53:25,031 [WARN] ModelIntegratedComponent:63 - No mode defined for component null
2025-10-10 20:53:25,031 [WARN] ModelIntegratedComponent:63 - No mode defined for component null
2025-10-10 20:53:25,031 [WARN] ModelIntegratedComponent:63 - No mode defined for component null
2025-10-10 20:53:25,031 [WARN] ModelIntegratedComponent:63 - No mode defined for component null
2025-10-10 20:53:25,031 [WARN] ModelIntegratedComponent:63 - No mode defined for component null
2025-10-10 20:53:25,031 [WARN] ModelIntegratedComponent:63 - No mode defined for component null
2025-10-10 20:53:25,031 [WARN] ModelIntegratedComponent:63 - No mode defined for component null
2025-10-10 20:53:25,031 [WARN] ModelIntegratedComponent:63 - No mode defined for component null
2025-10-10 20:53:25,031 [WARN] ModelIntegratedComponent:63 - No mode defined for component null
2025-10-10 20:53:25,031 [WARN] ModelIntegratedComponent:63 - No mode defined for component null
2025-10-10 20:53:25,031 [WARN] ModelIntegratedComponent:63 - No mode defined for component null
2025-10-10 20:53:25,031 [WARN] ModelIntegratedComponent:63 - No mode defined for component null
2025-10-10 20:53:25,031 [WARN] ModelIntegratedComponent:63 - No mode defined for component null
2025-10-10 20:53:25,031 [WARN] ModelIntegratedComponent:63 - No mode defined for component null
2025-10-10 20:53:25,031 [WARN] ModelIntegratedComponent:63 - No mode defined for component null
2025-10-10 20:53:25,031 [WARN] ModelIntegratedComponent:63 - No mode defined for component null
2025-10-10 20:53:25,031 [WARN] ModelIntegratedComponent:63 - No mode defined for component null
2025-10-10 20:53:25,031 [WARN] ModelIntegratedComponent:63 - No mode defined for component null
2025-10-10 20:53:25,031 [WARN] ModelIntegratedComponent:63 - No mode defined for component null
2025-10-10 20:53:25,031 [WARN] ModelIntegratedComponent:63 - No mode defined for component null
2025-10-10 20:53:25,031 [WARN] ModelIntegratedComponent:63 - No mode defined for component null
2025-10-10 20:53:25,031 [WARN] ModelIntegratedComponent:63 - No mode defined for component null
2025-10-10 20:53:25,031 [WARN] ModelIntegratedComponent:63 - No mode defined for component null
2025-10-10 20:53:25,031 [WARN] ModelIntegratedComponent:63 - No mode defined for component null
2025-10-10 20:53:25,031 [WARN] ModelIntegratedComponent:63 - No mode defined for component null
2025-10-10 20:53:25,031 [WARN] ModelIntegratedComponent:63 - No mode defined for component null
2025-10-10 20:53:25,031 [WARN] ModelIntegratedComponent:63 - No mode defined for component null
2025-10-10 20:53:25,031 [WARN] ModelIntegratedComponent:63 - No mode defined for component null
2025-10-10 20:53:25,032 [WARN] ModelIntegratedComponent:63 - No mode defined for component null
2025-10-10 20:53:25,032 [WARN] ModelPack:524 - Component already loaded: STMicroelectronics:HAL Drivers:0.0.0:STMicroelectronics:Device:STMicro_Driver:XSPI:HAL::0.0.1:HAL_XSPI
2025-10-10 20:53:25,253 [INFO] ThirdPartyModel:298 - Start build external matchings
2025-10-10 20:53:27,239 [INFO] ThirdPartyModel:316 - End build external matchings
2025-10-10 20:53:27,748 [FATAL] ProjectFactory:656 - Exception caught
java.lang.NullPointerException: Cannot read field "gpioCurrentParameterValues" because "this.pin" is null
	at com.st.microxplorer.mcu.PinoutRecombination$PinAndSignal.<init>(PinoutRecombination.java:93) ~[STM32CubeMX.jar:?]
	at com.st.microxplorer.mcu.PinoutRecombination.<init>(PinoutRecombination.java:801) ~[STM32CubeMX.jar:?]
	at com.st.microxplorer.mcu.Mode.checkOnlyAvailibility(Mode.java:417) ~[STM32CubeMX.jar:?]
	at com.st.microxplorer.mcu.Mode.checkAvailability(Mode.java:452) ~[STM32CubeMX.jar:?]
	at com.st.microxplorer.mcu.Mcu.checkAvailability(Mcu.java:3506) ~[STM32CubeMX.jar:?]
	at com.st.microxplorer.mcu.Mcu.loadConfProperties(Mcu.java:6780) ~[STM32CubeMX.jar:?]
	at com.st.microxplorer.mxsystem.ProjectFactory.swingWorkerLoad(ProjectFactory.java:572) ~[STM32CubeMX.jar:?]
	at com.st.microxplorer.util.ProcessBarDialog.performAction(ProcessBarDialog.java:86) ~[STM32CubeMX.jar:?]
	at com.st.microxplorer.util.ProcessBarDialog.doAction(ProcessBarDialog.java:142) ~[STM32CubeMX.jar:?]
	at com.st.microxplorer.mxsystem.ProjectFactory.load(ProjectFactory.java:235) ~[STM32CubeMX.jar:?]
	at com.st.microxplorer.mxsystem.ProjectFactory.startLoadConfig(ProjectFactory.java:184) ~[STM32CubeMX.jar:?]
	at com.st.microxplorer.mxsystem.MxSystem.startLoadConfig(MxSystem.java:782) ~[STM32CubeMX.jar:?]
	at com.st.microxplorer.plugins.filemanager.engine.OpenFileManager.LoadConfig(OpenFileManager.java:357) ~[filemanager.jar:?]
	at com.st.microxplorer.plugins.filemanager.engine.OpenFileManager.loadConfigurationFile(OpenFileManager.java:292) ~[filemanager.jar:?]
	at com.st.microxplorer.plugins.filemanager.engine.MainFileManager.userLoadConfig(MainFileManager.java:364) ~[filemanager.jar:?]
	at com.st.microxplorer.plugins.filemanager.engine.MainFileManager.userLoadConfig(MainFileManager.java:342) ~[filemanager.jar:?]
	at com.st.microxplorer.plugins.filemanager.FileManagerView.getSpecificTask(FileManagerView.java:264) ~[filemanager.jar:?]
	at com.st.stm32cube.common.mx.editor.CubeMxEditor.getMxTabbedPaneInstance(CubeMxEditor.java:1198) ~[com.st.stm32cube.common.mx_6.15.0.202507011659/:?]
	at com.st.stm32cube.common.mx.editor.CubeMxEditor$12$1.createSwingComponent(CubeMxEditor.java:1068) ~[com.st.stm32cube.common.mx_6.15.0.202507011659/:?]
	at com.st.stm32cube.common.mx.oss.core.awtswtbridge.EmbeddedSwingComposite.doComponentCreation(EmbeddedSwingComposite.java:492) ~[com.st.stm32cube.common.mx.oss_6.15.0.202507011659/:?]
	at com.st.stm32cube.common.mx.oss.core.awtswtbridge.EmbeddedSwingComposite$4.run(EmbeddedSwingComposite.java:291) ~[com.st.stm32cube.common.mx.oss_6.15.0.202507011659/:?]
	at com.st.stm32cube.common.mx.oss.core.awtswtbridge.AwtEnvironment$2.run(AwtEnvironment.java:166) ~[com.st.stm32cube.common.mx.oss_6.15.0.202507011659/:?]
	at java.awt.event.InvocationEvent.dispatch(InvocationEvent.java:318) ~[?:?]
	at java.awt.EventQueue.dispatchEventImpl(EventQueue.java:773) ~[?:?]
	at java.awt.EventQueue$4.run(EventQueue.java:720) ~[?:?]
	at java.awt.EventQueue$4.run(EventQueue.java:714) ~[?:?]
	at java.security.AccessController.doPrivileged(AccessController.java:400) ~[?:?]
	at java.security.ProtectionDomain$JavaSecurityAccessImpl.doIntersectionPrivilege(ProtectionDomain.java:87) ~[?:?]
	at java.awt.EventQueue.dispatchEvent(EventQueue.java:742) ~[?:?]
	at java.awt.EventDispatchThread.pumpOneEventForFilters(EventDispatchThread.java:203) ~[?:?]
	at java.awt.EventDispatchThread.pumpEventsForFilter(EventDispatchThread.java:124) ~[?:?]
	at java.awt.EventDispatchThread.pumpEventsForFilter(EventDispatchThread.java:117) ~[?:?]
	at java.awt.WaitDispatchSupport$2.run(WaitDispatchSupport.java:191) ~[?:?]
	at java.awt.WaitDispatchSupport$4.run(WaitDispatchSupport.java:236) ~[?:?]
	at java.awt.WaitDispatchSupport$4.run(WaitDispatchSupport.java:234) ~[?:?]
	at java.security.AccessController.doPrivileged(AccessController.java:319) ~[?:?]
	at java.awt.WaitDispatchSupport.enter(WaitDispatchSupport.java:234) ~[?:?]
	at java.awt.Dialog.show(Dialog.java:1079) ~[?:?]
	at java.awt.Component.show(Component.java:1728) ~[?:?]
	at java.awt.Component.setVisible(Component.java:1675) ~[?:?]
	at java.awt.Window.setVisible(Window.java:1036) ~[?:?]
	at java.awt.Dialog.setVisible(Dialog.java:1015) ~[?:?]
	at com.st.microxplorer.util.ProcessBarDialog.doAction(ProcessBarDialog.java:173) ~[STM32CubeMX.jar:?]
	at com.st.microxplorer.mxsystem.ProjectFactory.load(ProjectFactory.java:235) ~[STM32CubeMX.jar:?]
	at com.st.microxplorer.mxsystem.ProjectFactory.startLoadConfig(ProjectFactory.java:184) ~[STM32CubeMX.jar:?]
	at com.st.microxplorer.mxsystem.MxSystem.startLoadConfig(MxSystem.java:782) ~[STM32CubeMX.jar:?]
	at com.st.microxplorer.plugins.filemanager.engine.OpenFileManager.LoadConfig(OpenFileManager.java:357) ~[filemanager.jar:?]
	at com.st.microxplorer.plugins.filemanager.engine.OpenFileManager.loadConfigurationFile(OpenFileManager.java:292) ~[filemanager.jar:?]
	at com.st.microxplorer.plugins.filemanager.engine.MainFileManager.userLoadConfig(MainFileManager.java:364) ~[filemanager.jar:?]
	at com.st.microxplorer.plugins.filemanager.engine.MainFileManager.userLoadConfig(MainFileManager.java:342) ~[filemanager.jar:?]
	at com.st.microxplorer.plugins.filemanager.FileManagerView.getSpecificTask(FileManagerView.java:264) ~[filemanager.jar:?]
	at com.st.stm32cube.common.mx.editor.CubeMxEditor.getMxTabbedPaneInstance(CubeMxEditor.java:1198) ~[com.st.stm32cube.common.mx_6.15.0.202507011659/:?]
	at com.st.stm32cube.common.mx.editor.CubeMxEditor$12$1.createSwingComponent(CubeMxEditor.java:1068) ~[com.st.stm32cube.common.mx_6.15.0.202507011659/:?]
	at com.st.stm32cube.common.mx.oss.core.awtswtbridge.EmbeddedSwingComposite.doComponentCreation(EmbeddedSwingComposite.java:492) ~[com.st.stm32cube.common.mx.oss_6.15.0.202507011659/:?]
	at com.st.stm32cube.common.mx.oss.core.awtswtbridge.EmbeddedSwingComposite$4.run(EmbeddedSwingComposite.java:291) ~[com.st.stm32cube.common.mx.oss_6.15.0.202507011659/:?]
	at com.st.stm32cube.common.mx.oss.core.awtswtbridge.AwtEnvironment$2.run(AwtEnvironment.java:166) ~[com.st.stm32cube.common.mx.oss_6.15.0.202507011659/:?]
	at java.awt.event.InvocationEvent.dispatch(InvocationEvent.java:318) ~[?:?]
	at java.awt.EventQueue.dispatchEventImpl(EventQueue.java:773) ~[?:?]
	at java.awt.EventQueue$4.run(EventQueue.java:720) ~[?:?]
	at java.awt.EventQueue$4.run(EventQueue.java:714) ~[?:?]
	at java.security.AccessController.doPrivileged(AccessController.java:400) ~[?:?]
	at java.security.ProtectionDomain$JavaSecurityAccessImpl.doIntersectionPrivilege(ProtectionDomain.java:87) ~[?:?]
	at java.awt.EventQueue.dispatchEvent(EventQueue.java:742) ~[?:?]
	at java.awt.EventDispatchThread.pumpOneEventForFilters(EventDispatchThread.java:203) ~[?:?]
	at java.awt.EventDispatchThread.pumpEventsForFilter(EventDispatchThread.java:124) ~[?:?]
	at java.awt.EventDispatchThread.pumpEventsForHierarchy(EventDispatchThread.java:113) ~[?:?]
	at java.awt.EventDispatchThread.pumpEvents(EventDispatchThread.java:109) ~[?:?]
	at java.awt.EventDispatchThread.pumpEvents(EventDispatchThread.java:101) ~[?:?]
	at java.awt.EventDispatchThread.run(EventDispatchThread.java:90) ~[?:?]
2025-10-10 20:53:29,207 [INFO] OpenFileManager:386 - Restore cursor
2025-10-10 20:53:30,815 [INFO] OpenFileManager:386 - Restore cursor
