2025-11-15 15:16:22,469 [INFO] Activator:176 - 


2025-11-15 15:16:22,473 [INFO] Activator:177 - !SESSION log4j initialized
2025-11-15 15:16:28,101 [INFO] LogOutputStream:77 - [STDOUT_REDIRECT] 
2025-11-15 15:16:31,611 [INFO] ApplicationProperties:184 - Using Application install path: C:\ST\STM32CubeIDE_1.19.0\STM32CubeIDE\plugins\com.st.stm32cube.common.mx_6.15.0.202507011659
2025-11-15 15:16:31,628 [INFO] DbMcusXml:78 - Set database path to: C:\ST\STM32CubeIDE_1.19.0\STM32CubeIDE\plugins\com.st.stm32cube.common.mx_6.15.0.202507011659\\db\/mcu/
2025-11-15 15:16:31,628 [INFO] ApiDb:274 - Set plugin database path to: C:\ST\STM32CubeIDE_1.19.0\STM32CubeIDE\plugins\com.st.stm32cube.common.mx_6.15.0.202507011659\\db\/plugins/boardmanager/
2025-11-15 15:16:31,629 [WARN] ApiDb:259 - Overriding images path with different value:  => C:\ST\STM32CubeIDE_1.19.0\STM32CubeIDE\plugins\com.st.stm32cube.common.mx_6.15.0.202507011659\\db\/plugins/mcufinder/images/
2025-11-15 15:16:31,635 [INFO] ApiDb:250 - Set database path to: C:\Users\jvmen\.stmcufinder\plugins\mcufinder//mcu/
2025-11-15 15:16:31,636 [INFO] DbMcusAds:125 - Set database path to: C:\Users\jvmen\.stmcufinder\plugins\mcufinder//mcu/
2025-11-15 15:16:31,638 [INFO] CrossReferenceDbSqlite:203 - Set database path to: C:\Users\jvmen\.stmcufinder\plugins\mcufinder//mcu/cs/
2025-11-15 15:16:31,741 [INFO] RulesReader:64 - Compatibility file has been processed (317 Rules)
2025-11-15 15:16:31,820 [INFO] DbMcusXml:78 - Set database path to: C:\ST\STM32CubeIDE_1.19.0\STM32CubeIDE\plugins\com.st.stm32cube.common.mx_6.15.0.202507011659\\db\/mcu/
2025-11-15 15:16:31,820 [INFO] ApiDb:274 - Set plugin database path to: C:\ST\STM32CubeIDE_1.19.0\STM32CubeIDE\plugins\com.st.stm32cube.common.mx_6.15.0.202507011659\\db\/plugins/boardmanager/
2025-11-15 15:16:31,820 [INFO] ApiDb:261 - Set plugin images path to: C:\ST\STM32CubeIDE_1.19.0\STM32CubeIDE\plugins\com.st.stm32cube.common.mx_6.15.0.202507011659\\db\/plugins/mcufinder/images/
2025-11-15 15:16:31,821 [WARN] DbFile:41 - Overriding database path with different value: C:\Users\jvmen\.stmcufinder\plugins\mcufinder/ => C:\Users\jvmen\.stmcufinder\plugins\mcufinder
2025-11-15 15:16:31,821 [INFO] ApiDb:250 - Set database path to: C:\Users\jvmen\.stmcufinder\plugins\mcufinder//mcu/
2025-11-15 15:16:31,821 [WARN] DbFile:41 - Overriding database path with different value: C:\Users\jvmen\.stmcufinder\plugins\mcufinder/ => C:\Users\jvmen\.stmcufinder\plugins\mcufinder
2025-11-15 15:16:31,821 [INFO] DbMcusAds:125 - Set database path to: C:\Users\jvmen\.stmcufinder\plugins\mcufinder//mcu/
2025-11-15 15:16:31,821 [WARN] DbFile:41 - Overriding database path with different value: C:\Users\jvmen\.stmcufinder\plugins\mcufinder/ => C:\Users\jvmen\.stmcufinder\plugins\mcufinder
2025-11-15 15:16:31,821 [WARN] DbFile:41 - Overriding database path with different value: C:\Users\jvmen\.stmcufinder\plugins\mcufinder/ => C:\Users\jvmen\.stmcufinder\plugins\mcufinder
2025-11-15 15:16:31,821 [INFO] CrossReferenceDbSqlite:203 - Set database path to: C:\Users\jvmen\.stmcufinder\plugins\mcufinder//mcu/cs/
2025-11-15 15:16:31,883 [INFO] MainPanel:274 - HeapMemory: 268435456
2025-11-15 15:16:31,980 [INFO] DbMcusXml:78 - Set database path to: C:\ST\STM32CubeIDE_1.19.0\STM32CubeIDE\plugins\com.st.stm32cube.common.mx_6.15.0.202507011659\\db\/mcu/
2025-11-15 15:16:31,980 [INFO] ApiDb:274 - Set plugin database path to: C:\ST\STM32CubeIDE_1.19.0\STM32CubeIDE\plugins\com.st.stm32cube.common.mx_6.15.0.202507011659\\db\/plugins/boardmanager/
2025-11-15 15:16:31,980 [INFO] ApiDb:261 - Set plugin images path to: C:\ST\STM32CubeIDE_1.19.0\STM32CubeIDE\plugins\com.st.stm32cube.common.mx_6.15.0.202507011659\\db\/plugins/mcufinder/images/
2025-11-15 15:16:31,980 [WARN] DbFile:41 - Overriding database path with different value: C:\Users\jvmen\.stmcufinder\plugins\mcufinder/ => C:\Users\jvmen\.stmcufinder\plugins\mcufinder
2025-11-15 15:16:31,981 [INFO] ApiDb:250 - Set database path to: C:\Users\jvmen\.stmcufinder\plugins\mcufinder//mcu/
2025-11-15 15:16:31,981 [WARN] DbFile:41 - Overriding database path with different value: C:\Users\jvmen\.stmcufinder\plugins\mcufinder/ => C:\Users\jvmen\.stmcufinder\plugins\mcufinder
2025-11-15 15:16:31,981 [INFO] DbMcusAds:125 - Set database path to: C:\Users\jvmen\.stmcufinder\plugins\mcufinder//mcu/
2025-11-15 15:16:31,981 [WARN] DbFile:41 - Overriding database path with different value: C:\Users\jvmen\.stmcufinder\plugins\mcufinder/ => C:\Users\jvmen\.stmcufinder\plugins\mcufinder
2025-11-15 15:16:31,981 [WARN] DbFile:41 - Overriding database path with different value: C:\Users\jvmen\.stmcufinder\plugins\mcufinder/ => C:\Users\jvmen\.stmcufinder\plugins\mcufinder
2025-11-15 15:16:31,981 [INFO] CrossReferenceDbSqlite:203 - Set database path to: C:\Users\jvmen\.stmcufinder\plugins\mcufinder//mcu/cs/
2025-11-15 15:16:31,996 [INFO] ApplicationProperties:184 - Using Application install path: C:\ST\STM32CubeIDE_1.19.0\STM32CubeIDE\plugins\com.st.stm32cube.common.mx_6.15.0.202507011659
2025-11-15 15:16:31,997 [INFO] PluginManage:196 - Search for loadable plugins [exclusion list=, ]
2025-11-15 15:16:31,998 [INFO] PluginManage:310 - Check plugin analytics
2025-11-15 15:16:32,197 [INFO] AnalyticsPlugin:253 - Accepted Software Licenses: 
2025-11-15 15:16:32,197 [INFO] AnalyticsPlugin:255 - Accepted CMSIS Pack Licenses: 
2025-11-15 15:16:32,197 [INFO] AnalyticsPlugin:257 - Accepted Firmware Licenses: 
2025-11-15 15:16:32,202 [INFO] PluginManage:359 - Loaded plugin analytics (category:tool,tabindex:-1)
2025-11-15 15:16:32,203 [INFO] PluginManage:310 - Check plugin cadmodel
2025-11-15 15:16:32,220 [INFO] CADModel:105 - Init CAD model plugin
2025-11-15 15:16:32,221 [INFO] PluginManage:359 - Loaded plugin cadmodel (category:power,tabindex:5)
2025-11-15 15:16:32,221 [INFO] PluginManage:310 - Check plugin clock
2025-11-15 15:16:32,241 [INFO] PluginManage:359 - Loaded plugin clock (category:base,tabindex:2)
2025-11-15 15:16:32,241 [INFO] PluginManage:310 - Check plugin ddr
2025-11-15 15:16:32,243 [INFO] PluginManage:359 - Loaded plugin ddr (category:tool,tabindex:6)
2025-11-15 15:16:32,244 [INFO] PluginManage:310 - Check plugin filemanager
2025-11-15 15:16:32,395 [INFO] PluginManage:359 - Loaded plugin filemanager (category:base,tabindex:10)
2025-11-15 15:16:32,395 [INFO] PluginManage:310 - Check plugin ipmanager
2025-11-15 15:16:32,402 [INFO] PluginManage:359 - Loaded plugin ipmanager (category:base,tabindex:5)
2025-11-15 15:16:32,402 [INFO] PluginManage:310 - Check plugin lpbam
2025-11-15 15:16:32,423 [INFO] PluginManage:359 - Loaded plugin lpbam (category:base,tabindex:0)
2025-11-15 15:16:32,423 [INFO] PluginManage:310 - Check plugin memorymap
2025-11-15 15:16:32,453 [INFO] PluginManage:359 - Loaded plugin memorymap (category:base,tabindex:4)
2025-11-15 15:16:32,454 [INFO] PluginManage:310 - Check plugin pinoutandconfiguration
2025-11-15 15:16:32,483 [INFO] PluginManage:359 - Loaded plugin pinoutandconfiguration (category:base,tabindex:1)
2025-11-15 15:16:32,483 [INFO] PluginManage:310 - Check plugin pinoutconfig
2025-11-15 15:16:32,601 [WARN] SupportedApi:132 - Cannot load RTOS API schema: s4s-elt-must-match.1: The content of 'definitions' must match (annotation?, (simpleType | complexType)?, (unique | key | keyref)*)). A problem was found starting at: attribute.
2025-11-15 15:16:32,700 [INFO] PluginManage:359 - Loaded plugin pinoutconfig (category:base,tabindex:0)
2025-11-15 15:16:32,701 [INFO] PluginManage:310 - Check plugin power
2025-11-15 15:16:32,721 [INFO] PluginManage:359 - Loaded plugin power (category:power,tabindex:4)
2025-11-15 15:16:32,721 [INFO] PluginManage:310 - Check plugin projectmanager
2025-11-15 15:16:32,735 [INFO] PluginManage:359 - Loaded plugin projectmanager (category:projectmanager,tabindex:4)
2025-11-15 15:16:32,735 [INFO] PluginManage:310 - Check plugin rif
2025-11-15 15:16:32,756 [INFO] PluginManage:359 - Loaded plugin rif (category:base,tabindex:3)
2025-11-15 15:16:32,756 [INFO] PluginManage:310 - Check plugin thirdparty
2025-11-15 15:16:33,128 [INFO] PluginManage:359 - Loaded plugin thirdparty (category:base,tabindex:-1)
2025-11-15 15:16:33,128 [WARN] IntegrityCheckThread:84 - waiting for thirdparty lock release [integrity check]
2025-11-15 15:16:33,129 [INFO] PluginManage:310 - Check plugin tools
2025-11-15 15:16:33,129 [INFO] IntegrityCheckThread:86 - entering critical section [integrity check]
2025-11-15 15:16:33,129 [INFO] ThirdPartyUpdaterWithRetryManager:70 - Updater plugin not ready yet. [1/15]
2025-11-15 15:16:33,168 [INFO] PluginManage:359 - Loaded plugin tools (category:base,tabindex:7)
2025-11-15 15:16:33,168 [INFO] PluginManage:310 - Check plugin tutovideos
2025-11-15 15:16:33,385 [INFO] PluginManage:359 - Loaded plugin tutovideos (category:base,tabindex:-1)
2025-11-15 15:16:33,385 [INFO] PluginManage:310 - Check plugin updater
2025-11-15 15:16:33,403 [INFO] PluginManage:359 - Loaded plugin updater (category:base,tabindex:12)
2025-11-15 15:16:33,403 [INFO] PluginManage:310 - Check plugin userauth
2025-11-15 15:16:33,407 [INFO] UserAuth:118 - Init User Auth plugin
2025-11-15 15:16:33,408 [INFO] PluginManage:359 - Loaded plugin userauth (category:base,tabindex:14)
2025-11-15 15:16:33,408 [INFO] PluginManage:283 - PluginManage : Loaded plugins [18]
2025-11-15 15:16:33,594 [INFO] PinOutPanel:1589 - setPackage(No Configuration,No Configuration)
2025-11-15 15:16:33,662 [INFO] CADModel:165 - CPN selected for project level
2025-11-15 15:16:33,662 [INFO] CADModel:114 - Register for checkConnection events
2025-11-15 15:16:33,692 [INFO] IPUIPlugin:80 - create IPUIPlugin
2025-11-15 15:16:33,692 [INFO] PluginManager:220 - loadIPPluginJar : add adc
2025-11-15 15:16:33,736 [INFO] IPUIPlugin:80 - create IPUIPlugin
2025-11-15 15:16:33,736 [INFO] PluginManager:220 - loadIPPluginJar : add aes
2025-11-15 15:16:33,784 [INFO] IPUIPlugin:80 - create IPUIPlugin
2025-11-15 15:16:33,785 [INFO] PluginManager:220 - loadIPPluginJar : add can
2025-11-15 15:16:33,813 [INFO] IPUIPlugin:80 - create IPUIPlugin
2025-11-15 15:16:33,813 [INFO] PluginManager:220 - loadIPPluginJar : add comp
2025-11-15 15:16:33,847 [INFO] IPUIPlugin:80 - create IPUIPlugin
2025-11-15 15:16:33,847 [INFO] PluginManager:220 - loadIPPluginJar : add cryp
2025-11-15 15:16:33,861 [INFO] IPUIPlugin:80 - create IPUIPlugin
2025-11-15 15:16:33,862 [INFO] PluginManager:220 - loadIPPluginJar : add ddr_ctrl_phy
2025-11-15 15:16:33,904 [INFO] IPUIPlugin:80 - create IPUIPlugin
2025-11-15 15:16:33,905 [INFO] PluginManager:220 - loadIPPluginJar : add dfsdm
2025-11-15 15:16:33,923 [INFO] IPUIPlugin:80 - create IPUIPlugin
2025-11-15 15:16:33,924 [INFO] PluginManager:220 - loadIPPluginJar : add dma
2025-11-15 15:16:33,977 [INFO] IPUIPlugin:80 - create IPUIPlugin
2025-11-15 15:16:33,977 [INFO] PluginManager:220 - loadIPPluginJar : add dma3
2025-11-15 15:16:34,025 [INFO] IPUIPlugin:80 - create IPUIPlugin
2025-11-15 15:16:34,025 [INFO] PluginManager:220 - loadIPPluginJar : add extmemmanager
2025-11-15 15:16:34,049 [INFO] IPUIPlugin:80 - create IPUIPlugin
2025-11-15 15:16:34,049 [INFO] PluginManager:220 - loadIPPluginJar : add fatfs
2025-11-15 15:16:34,099 [INFO] IPUIPlugin:80 - create IPUIPlugin
2025-11-15 15:16:34,099 [INFO] PluginManager:220 - loadIPPluginJar : add fmc
2025-11-15 15:16:34,120 [INFO] IPUIPlugin:80 - create IPUIPlugin
2025-11-15 15:16:34,120 [INFO] PluginManager:220 - loadIPPluginJar : add freertos
2025-11-15 15:16:34,155 [INFO] IPUIPlugin:80 - create IPUIPlugin
2025-11-15 15:16:34,155 [INFO] PluginManager:220 - loadIPPluginJar : add genericplugin
2025-11-15 15:16:34,291 [INFO] IPUIPlugin:80 - create IPUIPlugin
2025-11-15 15:16:34,291 [INFO] PluginManager:220 - loadIPPluginJar : add gfxmmu
2025-11-15 15:16:34,413 [INFO] IPUIPlugin:80 - create IPUIPlugin
2025-11-15 15:16:34,413 [INFO] PluginManager:220 - loadIPPluginJar : add gic
2025-11-15 15:16:34,426 [INFO] IPUIPlugin:80 - create IPUIPlugin
2025-11-15 15:16:34,427 [INFO] PluginManager:220 - loadIPPluginJar : add gpio
2025-11-15 15:16:34,521 [INFO] IPUIPlugin:80 - create IPUIPlugin
2025-11-15 15:16:34,521 [INFO] PluginManager:220 - loadIPPluginJar : add gtzc
2025-11-15 15:16:34,562 [INFO] IPUIPlugin:80 - create IPUIPlugin
2025-11-15 15:16:34,562 [INFO] PluginManager:220 - loadIPPluginJar : add hash
2025-11-15 15:16:34,627 [INFO] IPUIPlugin:80 - create IPUIPlugin
2025-11-15 15:16:34,627 [INFO] PluginManager:220 - loadIPPluginJar : add i2c
2025-11-15 15:16:34,669 [INFO] IPUIPlugin:80 - create IPUIPlugin
2025-11-15 15:16:34,670 [INFO] PluginManager:220 - loadIPPluginJar : add i2s
2025-11-15 15:16:34,719 [INFO] IPUIPlugin:80 - create IPUIPlugin
2025-11-15 15:16:34,719 [INFO] PluginManager:220 - loadIPPluginJar : add i3c
2025-11-15 15:16:34,816 [INFO] IPUIPlugin:80 - create IPUIPlugin
2025-11-15 15:16:34,816 [INFO] PluginManager:220 - loadIPPluginJar : add ipddr
2025-11-15 15:16:34,900 [INFO] IPUIPlugin:80 - create IPUIPlugin
2025-11-15 15:16:34,900 [INFO] PluginManager:220 - loadIPPluginJar : add linkedlist
2025-11-15 15:16:34,940 [INFO] IPUIPlugin:80 - create IPUIPlugin
2025-11-15 15:16:34,941 [INFO] PluginManager:220 - loadIPPluginJar : add lorawan
2025-11-15 15:16:34,985 [INFO] IPUIPlugin:80 - create IPUIPlugin
2025-11-15 15:16:34,985 [INFO] PluginManager:220 - loadIPPluginJar : add ltdc
2025-11-15 15:16:35,000 [INFO] IPUIPlugin:80 - create IPUIPlugin
2025-11-15 15:16:35,000 [INFO] PluginManager:220 - loadIPPluginJar : add mdma
2025-11-15 15:16:35,014 [INFO] IPUIPlugin:80 - create IPUIPlugin
2025-11-15 15:16:35,014 [INFO] PluginManager:220 - loadIPPluginJar : add nvic
2025-11-15 15:16:35,061 [INFO] IPUIPlugin:80 - create IPUIPlugin
2025-11-15 15:16:35,061 [INFO] PluginManager:220 - loadIPPluginJar : add opamp
2025-11-15 15:16:35,132 [INFO] IPUIPlugin:80 - create IPUIPlugin
2025-11-15 15:16:35,132 [INFO] PluginManager:220 - loadIPPluginJar : add openamp
2025-11-15 15:16:35,180 [INFO] IPUIPlugin:80 - create IPUIPlugin
2025-11-15 15:16:35,180 [INFO] PluginManager:220 - loadIPPluginJar : add pdm2pcm
2025-11-15 15:16:35,197 [INFO] IPUIPlugin:80 - create IPUIPlugin
2025-11-15 15:16:35,199 [INFO] PluginManager:220 - loadIPPluginJar : add plateformsettings
2025-11-15 15:16:35,223 [INFO] IPUIPlugin:80 - create IPUIPlugin
2025-11-15 15:16:35,223 [INFO] PluginManager:220 - loadIPPluginJar : add quadspi
2025-11-15 15:16:35,252 [INFO] IPUIPlugin:80 - create IPUIPlugin
2025-11-15 15:16:35,252 [INFO] PluginManager:220 - loadIPPluginJar : add radio
2025-11-15 15:16:35,268 [INFO] IPUIPlugin:80 - create IPUIPlugin
2025-11-15 15:16:35,268 [INFO] PluginManager:220 - loadIPPluginJar : add resmgrutility
2025-11-15 15:16:35,323 [INFO] IPUIPlugin:80 - create IPUIPlugin
2025-11-15 15:16:35,323 [INFO] PluginManager:220 - loadIPPluginJar : add sai
2025-11-15 15:16:35,364 [INFO] IPUIPlugin:80 - create IPUIPlugin
2025-11-15 15:16:35,364 [INFO] PluginManager:220 - loadIPPluginJar : add spi
2025-11-15 15:16:35,439 [INFO] IPUIPlugin:80 - create IPUIPlugin
2025-11-15 15:16:35,439 [INFO] PluginManager:220 - loadIPPluginJar : add stm32_wpan
2025-11-15 15:16:35,474 [INFO] IPUIPlugin:80 - create IPUIPlugin
2025-11-15 15:16:35,474 [INFO] PluginManager:220 - loadIPPluginJar : add tim
2025-11-15 15:16:35,542 [INFO] IPUIPlugin:80 - create IPUIPlugin
2025-11-15 15:16:35,542 [INFO] PluginManager:220 - loadIPPluginJar : add touchsensing
2025-11-15 15:16:35,568 [INFO] IPUIPlugin:80 - create IPUIPlugin
2025-11-15 15:16:35,568 [INFO] PluginManager:220 - loadIPPluginJar : add tracer_emb
2025-11-15 15:16:35,610 [INFO] IPUIPlugin:80 - create IPUIPlugin
2025-11-15 15:16:35,611 [INFO] PluginManager:220 - loadIPPluginJar : add ts
2025-11-15 15:16:35,637 [INFO] IPUIPlugin:80 - create IPUIPlugin
2025-11-15 15:16:35,638 [INFO] PluginManager:220 - loadIPPluginJar : add tsc
2025-11-15 15:16:35,665 [INFO] IPUIPlugin:80 - create IPUIPlugin
2025-11-15 15:16:35,665 [INFO] PluginManager:220 - loadIPPluginJar : add ucpd
2025-11-15 15:16:35,724 [INFO] IPUIPlugin:80 - create IPUIPlugin
2025-11-15 15:16:35,724 [INFO] PluginManager:220 - loadIPPluginJar : add usart
2025-11-15 15:16:35,810 [INFO] IPUIPlugin:80 - create IPUIPlugin
2025-11-15 15:16:35,810 [INFO] PluginManager:220 - loadIPPluginJar : add usbx
2025-11-15 15:16:35,943 [FATAL] Updater:351 - Updater called before beeing initialized
2025-11-15 15:16:36,000 [INFO] RulesReader:64 - Compatibility file has been processed (317 Rules)
2025-11-15 15:16:36,019 [INFO] RulesReader:64 - Compatibility file has been processed (317 Rules)
2025-11-15 15:16:36,049 [INFO] CADModel:165 - CPN selected for project level
2025-11-15 15:16:36,049 [INFO] CADModel:114 - Register for checkConnection events
2025-11-15 15:16:36,050 [FATAL] Updater:351 - Updater called before beeing initialized
2025-11-15 15:16:36,050 [ERROR] CADModel:125 - Updater not yet initialized, retry later 
2025-11-15 15:16:36,130 [INFO] ThirdPartyUpdaterWithRetryManager:70 - Updater plugin not ready yet. [2/15]
2025-11-15 15:16:36,238 [FATAL] Updater:351 - Updater called before beeing initialized
2025-11-15 15:16:36,240 [INFO] CADModel:165 - CPN selected for project level
2025-11-15 15:16:36,240 [INFO] CADModel:114 - Register for checkConnection events
2025-11-15 15:16:36,240 [FATAL] Updater:351 - Updater called before beeing initialized
2025-11-15 15:16:36,241 [ERROR] CADModel:125 - Updater not yet initialized, retry later 
2025-11-15 15:16:36,245 [FATAL] Updater:351 - Updater called before beeing initialized
2025-11-15 15:16:36,360 [FATAL] Updater:351 - Updater called before beeing initialized
2025-11-15 15:16:36,370 [INFO] DbMcusAds:53 - JSON generation date=Thu Oct 02 06:36:05 BRT 2025 (1759397765645)
2025-11-15 15:16:36,370 [FATAL] Updater:351 - Updater called before beeing initialized
2025-11-15 15:16:36,402 [WARN] DetailPanel:346 - Failed to get advertising image, set to default
2025-11-15 15:16:36,464 [FATAL] Updater:351 - Updater called before beeing initialized
2025-11-15 15:16:36,466 [FATAL] Updater:351 - Updater called before beeing initialized
2025-11-15 15:16:36,466 [FATAL] Updater:351 - Updater called before beeing initialized
2025-11-15 15:16:36,466 [WARN] DetailPanel:346 - Failed to get advertising image, set to default
2025-11-15 15:16:36,467 [FATAL] Updater:351 - Updater called before beeing initialized
2025-11-15 15:16:36,524 [ERROR] Updater:1198 - MainUpdater not yet initialized. External WinMGr cannot be set.
2025-11-15 15:16:36,535 [INFO] Updater:1134 - Updater Version found : 6.15.0
2025-11-15 15:16:36,552 [INFO] ApplicationProperties:184 - Using Application install path: C:\ST\STM32CubeIDE_1.19.0\STM32CubeIDE\plugins\com.st.stm32cube.common.mx_6.15.0.202507011659
2025-11-15 15:16:38,137 [ERROR] LogOutputStream:75 - [STDERR_REDIRECT] Nov 15, 2025 3:16:38 PM java.util.prefs.WindowsPreferences <init>
2025-11-15 15:16:38,139 [ERROR] LogOutputStream:75 - [STDERR_REDIRECT] WARNING: Could not open/create prefs root node Software\JavaSoft\Prefs at root 0xffffffff80000002. Windows RegCreateKeyEx(...) returned error code 5.
2025-11-15 15:16:38,139 [ERROR] LogOutputStream:75 - [STDERR_REDIRECT] 
2025-11-15 15:16:38,727 [INFO] MainUpdater:2872 - connection check result : 10
2025-11-15 15:16:38,728 [INFO] MainUpdater:289 - Updater Check For Update Now.
2025-11-15 15:16:38,728 [INFO] MicroXplorer:498 - Change Database Version : DB.6.0.150
2025-11-15 15:16:38,798 [INFO] McuFinderGlobals:63 - Set McuFinder mode to 2 (CubeIDE integrated)
2025-11-15 15:16:38,810 [INFO] UserAuth:487 - Internet connection configuration mode: 1
2025-11-15 15:16:38,864 [INFO] JxBrowserEngine:152 - Initiate JxBrowser Engine with user profile folder
2025-11-15 15:16:38,972 [INFO] CheckServerUpdateThread:120 - End of CheckServer Thread
2025-11-15 15:16:39,367 [WARN] PackLoader:240 - Cannot read IP mode file for STMicroelectronics.FP-SNS-MOTENVWB1.1.4.0
2025-11-15 15:16:39,384 [WARN] PackLoader:240 - Cannot read IP mode file for STMicroelectronics.FP-ATR-ASTRA1.2.0.2
2025-11-15 15:16:39,397 [WARN] PackLoader:240 - Cannot read IP mode file for STMicroelectronics.FP-ATR-ASTRA1.2.0.1
2025-11-15 15:16:39,412 [WARN] PackLoader:240 - Cannot read IP mode file for STMicroelectronics.X-CUBE-SMBUS.2.1.0
2025-11-15 15:16:39,428 [WARN] PackLoader:240 - Cannot read IP mode file for STMicroelectronics.X-CUBE-WB05N.1.1.0
2025-11-15 15:16:39,443 [WARN] PackLoader:240 - Cannot read IP mode file for STMicroelectronics.X-CUBE-ST60.1.0.0
2025-11-15 15:16:39,458 [WARN] PackLoader:240 - Cannot read IP mode file for STMicroelectronics.X-CUBE-TOUCHGFX.4.23.1
2025-11-15 15:16:39,470 [WARN] PackLoader:240 - Cannot read IP mode file for STMicroelectronics.X-CUBE-TOUCHGFX.4.23.0
2025-11-15 15:16:39,486 [WARN] PackLoader:240 - Cannot read IP mode file for STMicroelectronics.X-CUBE-TOUCHGFX.4.23.2
2025-11-15 15:16:39,526 [WARN] PackLoader:240 - Cannot read IP mode file for STMicroelectronics.X-CUBE-AZRTOS-F7.1.1.0
2025-11-15 15:16:39,545 [WARN] PackLoader:240 - Cannot read IP mode file for STMicroelectronics.FP-SNS-MOTENV1.4.3.2
2025-11-15 15:16:39,612 [WARN] PackLoader:240 - Cannot read IP mode file for STMicroelectronics.X-CUBE-MEMS1.11.0.0
2025-11-15 15:16:39,735 [WARN] PackLoader:240 - Cannot read IP mode file for STMicroelectronics.FP-SNS-MOTENV1.5.1.0
2025-11-15 15:16:39,750 [WARN] PackLoader:240 - Cannot read IP mode file for STMicroelectronics.FP-SNS-FLIGHT1.5.0.2
2025-11-15 15:16:39,785 [WARN] PackLoader:240 - Cannot read IP mode file for STMicroelectronics.X-CUBE-AZRTOS-H7.3.4.0
2025-11-15 15:16:39,886 [WARN] PackLoader:240 - Cannot read IP mode file for STMicroelectronics.X-CUBE-DISPLAY.3.0.0
2025-11-15 15:16:39,935 [WARN] PackLoader:240 - Cannot read IP mode file for STMicroelectronics.X-CUBE-BLE1.7.0.0
2025-11-15 15:16:39,964 [WARN] PackLoader:240 - Cannot read IP mode file for STMicroelectronics.X-CUBE-NFC10.1.0.0
2025-11-15 15:16:39,985 [WARN] PackLoader:240 - Cannot read IP mode file for STMicroelectronics.X-CUBE-BLEMGR.4.0.0
2025-11-15 15:16:40,000 [WARN] PackLoader:240 - Cannot read IP mode file for STMicroelectronics.X-CUBE-ST60.1.1.0
2025-11-15 15:16:40,014 [WARN] PackLoader:240 - Cannot read IP mode file for emotas.I-CUBE-CANOPEN.1.3.0
2025-11-15 15:16:40,028 [WARN] PackLoader:240 - Cannot read IP mode file for STMicroelectronics.X-CUBE-GNSS1.7.1.0
2025-11-15 15:16:40,044 [WARN] PackLoader:240 - Cannot read IP mode file for STMicroelectronics.X-CUBE-BLEMGR.3.1.0
2025-11-15 15:16:40,058 [WARN] PackLoader:240 - Cannot read IP mode file for STMicroelectronics.X-CUBE-AI.10.0.0
2025-11-15 15:16:40,074 [WARN] PackLoader:240 - Cannot read IP mode file for STMicroelectronics.FP-SNS-STBOX1.2.1.0
2025-11-15 15:16:40,089 [WARN] PackLoader:240 - Cannot read IP mode file for STMicroelectronics.FP-SNS-SMARTAG2.1.2.0
2025-11-15 15:16:40,102 [WARN] PackLoader:240 - Cannot read IP mode file for STMicroelectronics.FP-SNS-FLIGHT1.5.1.0
2025-11-15 15:16:40,150 [WARN] PackLoader:240 - Cannot read IP mode file for STMicroelectronics.X-CUBE-MEMS1.11.1.0
2025-11-15 15:16:40,302 [INFO] LogOutputStream:77 - [STDOUT_REDIRECT] 1 : Invalid condition id : UX_CORESTACK_Condition cause : null
2025-11-15 15:16:40,304 [INFO] LogOutputStream:77 - [STDOUT_REDIRECT] 1 : Invalid condition id : UX_CORESTACK_Condition cause : null
2025-11-15 15:16:40,306 [INFO] LogOutputStream:77 - [STDOUT_REDIRECT] 1 : Invalid condition id : UX_CORESTACK_Condition cause : null
2025-11-15 15:16:40,309 [INFO] LogOutputStream:77 - [STDOUT_REDIRECT] 1 : Invalid condition id : UX_CORESTACK_Condition cause : null
2025-11-15 15:16:40,310 [INFO] LogOutputStream:77 - [STDOUT_REDIRECT] 1 : Invalid condition id : UX_CORESTACK_Condition cause : null
2025-11-15 15:16:40,313 [WARN] PackLoader:240 - Cannot read IP mode file for STMicroelectronics.X-CUBE-AZRTOS-WL.2.0.0
2025-11-15 15:16:40,338 [WARN] PackLoader:240 - Cannot read IP mode file for STMicroelectronics.FP-SNS-MOTENV1.5.0.0
2025-11-15 15:16:40,354 [WARN] PackLoader:240 - Cannot read IP mode file for wolfSSL.I-CUBE-wolfMQTT.1.19.0
2025-11-15 15:16:40,374 [WARN] PackLoader:240 - Cannot read IP mode file for WES.I-CUBE-Cesium.1.3.0
2025-11-15 15:16:40,387 [WARN] PackLoader:240 - Cannot read IP mode file for STMicroelectronics.X-CUBE-BLE2.3.3.0
2025-11-15 15:16:40,445 [WARN] PackLoader:240 - Cannot read IP mode file for STMicroelectronics.X-CUBE-NFC9.1.0.0
2025-11-15 15:16:40,463 [WARN] PackLoader:240 - Cannot read IP mode file for STMicroelectronics.X-CUBE-BLE1.7.1.0
2025-11-15 15:16:40,481 [WARN] PackLoader:240 - Cannot read IP mode file for STMicroelectronics.X-CUBE-TCPP.4.1.0
2025-11-15 15:16:40,498 [WARN] PackLoader:240 - Cannot read IP mode file for STMicroelectronics.X-CUBE-EEPRMA1.5.2.0
2025-11-15 15:16:40,514 [WARN] PackLoader:240 - Cannot read IP mode file for STMicroelectronics.X-CUBE-ST67W61.1.1.0
2025-11-15 15:16:40,530 [WARN] PackLoader:240 - Cannot read IP mode file for STMicroelectronics.X-CUBE-AI.10.1.0
2025-11-15 15:16:40,549 [WARN] PackLoader:240 - Cannot read IP mode file for STMicroelectronics.X-CUBE-ALGOBUILD.1.3.0
2025-11-15 15:16:40,579 [WARN] PackLoader:240 - Cannot read IP mode file for STMicroelectronics.X-CUBE-AZRTOS-G0.1.1.0
2025-11-15 15:16:40,598 [WARN] PackLoader:240 - Cannot read IP mode file for STMicroelectronics.X-CUBE-SAFEA1.1.2.2
2025-11-15 15:16:40,614 [WARN] PackLoader:240 - Cannot read IP mode file for STMicroelectronics.X-CUBE-NFC4.3.0.0
2025-11-15 15:16:40,632 [WARN] PackLoader:240 - Cannot read IP mode file for EmbeddedOffice.I-CUBE-FS-RTOS.1.0.1
2025-11-15 15:16:40,648 [WARN] PackLoader:240 - Cannot read IP mode file for STMicroelectronics.X-CUBE-WB05N.2.0.0
2025-11-15 15:16:40,661 [INFO] WebApp:169 - Instantiating new browser for Auth
2025-11-15 15:16:40,664 [WARN] PackLoader:240 - Cannot read IP mode file for STMicroelectronics.X-CUBE-TCPP.4.2.0
2025-11-15 15:16:40,680 [WARN] PackLoader:240 - Cannot read IP mode file for RealThread.X-CUBE-RT-Thread_Nano.4.1.1
2025-11-15 15:16:40,705 [WARN] PackLoader:240 - Cannot read IP mode file for STMicroelectronics.FP-ATR-SIGFOX1.3.2.0
2025-11-15 15:16:40,726 [WARN] ConditionMgr:438 - getConditionDescription Invalid condition id : Cortex-A Device cause : null
2025-11-15 15:16:40,748 [WARN] ConditionMgr:1044 - genDependencies : Invalid condition id : Cortex-A Device cause : null
2025-11-15 15:16:40,748 [WARN] ConditionMgr:1044 - genDependencies : Invalid condition id : Cortex-A Device cause : null
2025-11-15 15:16:40,748 [WARN] ConditionMgr:1044 - genDependencies : Invalid condition id : Cortex-A Device cause : null
2025-11-15 15:16:40,763 [WARN] PackLoader:240 - Cannot read IP mode file for STMicroelectronics.X-CUBE-EEPRMA1.5.1.0
2025-11-15 15:16:40,782 [WARN] PackLoader:240 - Cannot read IP mode file for STMicroelectronics.X-CUBE-ST67W61.1.0.0
2025-11-15 15:16:40,795 [WARN] PackLoader:240 - Cannot read IP mode file for STMicroelectronics.X-CUBE-AI.10.2.0
2025-11-15 15:16:40,821 [WARN] PackLoader:240 - Cannot read IP mode file for SEGGER.I-CUBE-embOS.1.3.1
2025-11-15 15:16:40,851 [WARN] PackLoader:240 - Cannot read IP mode file for STMicroelectronics.X-CUBE-ALGOBUILD.1.4.0
2025-11-15 15:16:40,891 [WARN] PackLoader:240 - Cannot read IP mode file for STMicroelectronics.X-CUBE-MEMS1.11.3.0
2025-11-15 15:16:40,972 [WARN] PackLoader:240 - Cannot read IP mode file for STMicroelectronics.X-CUBE-AI.9.1.0
2025-11-15 15:16:40,987 [WARN] PackLoader:240 - Cannot read IP mode file for STMicroelectronics.X-CUBE-PM33A1.1.0.0
2025-11-15 15:16:41,003 [WARN] PackLoader:240 - Cannot read IP mode file for STMicroelectronics.X-CUBE-GNSS1.6.0.0
2025-11-15 15:16:41,028 [WARN] PackLoader:240 - Cannot read IP mode file for STMicroelectronics.X-CUBE-AZRTOS-F4.1.1.0
2025-11-15 15:16:41,045 [WARN] PackLoader:240 - Cannot read IP mode file for Avnet-IotConnect.X-CUBE-IoTC-DA16k-PMOD.1.0.0
2025-11-15 15:16:41,059 [WARN] PackLoader:240 - Cannot read IP mode file for STMicroelectronics.X-CUBE-ISPU.2.1.0
2025-11-15 15:16:41,078 [WARN] PackLoader:240 - Cannot read IP mode file for STMicroelectronics.X-CUBE-IPS.3.2.0
2025-11-15 15:16:41,094 [WARN] PackLoader:240 - Cannot read IP mode file for STMicroelectronics.X-CUBE-FREERTOS.1.2.0
2025-11-15 15:16:41,106 [WARN] PackLoader:240 - Cannot read IP mode file for wolfSSL.I-CUBE-wolfSSL.5.6.6
2025-11-15 15:16:41,120 [WARN] PackLoader:240 - Cannot read IP mode file for STMicroelectronics.X-CUBE-NFC12.1.0.0
2025-11-15 15:16:41,142 [WARN] PackLoader:240 - Cannot read IP mode file for STMicroelectronics.X-CUBE-AZRTOS-L5.2.0.0
2025-11-15 15:16:41,160 [WARN] PackLoader:240 - Cannot read IP mode file for STMicroelectronics.X-CUBE-NFC6.3.1.0
2025-11-15 15:16:41,176 [WARN] PackLoader:240 - Cannot read IP mode file for ITTIA_DB.I-CUBE-ITTIADB.8.8.0
2025-11-15 15:16:41,191 [WARN] PackLoader:240 - Cannot read IP mode file for STMicroelectronics.X-CUBE-DPower.1.2.0
2025-11-15 15:16:41,204 [WARN] PackLoader:240 - Cannot read IP mode file for STMicroelectronics.X-CUBE-AI.9.0.0
2025-11-15 15:16:41,216 [WARN] PackLoader:240 - Cannot read IP mode file for STMicroelectronics.X-CUBE-FREERTOS.1.3.1
2025-11-15 15:16:41,228 [WARN] PackLoader:240 - Cannot read IP mode file for STMicroelectronics.X-CUBE-FREERTOS.1.3.0
2025-11-15 15:16:41,242 [WARN] PackLoader:240 - Cannot read IP mode file for STMicroelectronics.X-CUBE-NFC7.1.0.1
2025-11-15 15:16:41,255 [WARN] PackLoader:240 - Cannot read IP mode file for STMicroelectronics.X-CUBE-TOUCHGFX.4.26.0
2025-11-15 15:16:41,270 [WARN] PackLoader:240 - Cannot read IP mode file for STMicroelectronics.X-CUBE-NFC6.3.0.0
2025-11-15 15:16:41,286 [WARN] PackLoader:240 - Cannot read IP mode file for STMicroelectronics.FP-SNS-STAIOTCFT.1.0.0
2025-11-15 15:16:41,300 [WARN] PackLoader:240 - Cannot read IP mode file for STMicroelectronics.X-CUBE-DPower.1.3.0
2025-11-15 15:16:41,313 [WARN] PackLoader:240 - Cannot read IP mode file for STMicroelectronics.X-CUBE-AI.8.1.0
2025-11-15 15:16:41,336 [WARN] ConditionMgr:438 - getConditionDescription Invalid condition id : LAN8742 Phy interface Condition cause : null
2025-11-15 15:16:41,337 [WARN] PackLoader:240 - Cannot read IP mode file for STMicroelectronics.X-CUBE-AZRTOS-L4.2.0.0
2025-11-15 15:16:41,338 [WARN] ConditionMgr:1044 - genDependencies : Invalid condition id : LAN8742 Phy interface Condition cause : null
2025-11-15 15:16:41,338 [WARN] ConditionMgr:1044 - genDependencies : Invalid condition id : LAN8742 Phy interface Condition cause : null
2025-11-15 15:16:41,338 [WARN] ConditionMgr:1044 - genDependencies : Invalid condition id : LAN8742 Phy interface Condition cause : null
2025-11-15 15:16:41,354 [WARN] PackLoader:240 - Cannot read IP mode file for STMicroelectronics.X-CUBE-SFXS2LP1.4.0.0
2025-11-15 15:16:41,379 [WARN] PackLoader:240 - Cannot read IP mode file for STMicroelectronics.X-CUBE-AZRTOS-H7.3.3.0
2025-11-15 15:16:41,396 [WARN] PackLoader:240 - Cannot read IP mode file for STMicroelectronics.X-CUBE-BLEMGR.4.1.0
2025-11-15 15:16:41,411 [WARN] PackLoader:240 - Cannot read IP mode file for STMicroelectronics.X-CUBE-IPS.3.0.0
2025-11-15 15:16:41,432 [WARN] ConditionMgr:438 - getConditionDescription Invalid condition id : UX DEVICE CLASS RTOS Condition cause : null
2025-11-15 15:16:41,433 [WARN] ConditionMgr:438 - getConditionDescription Invalid condition id : UX DEVICE CLASS RTOS Condition cause : null
2025-11-15 15:16:41,433 [WARN] PackLoader:240 - Cannot read IP mode file for STMicroelectronics.X-CUBE-AZRTOS-WB.2.0.0
2025-11-15 15:16:41,434 [WARN] ConditionMgr:1044 - genDependencies : Invalid condition id : UX DEVICE CLASS RTOS Condition cause : null
2025-11-15 15:16:41,434 [WARN] ConditionMgr:1044 - genDependencies : Invalid condition id : UX DEVICE CLASS RTOS Condition cause : null
2025-11-15 15:16:41,434 [WARN] ConditionMgr:1044 - genDependencies : Invalid condition id : UX DEVICE CLASS RTOS Condition cause : null
2025-11-15 15:16:41,434 [WARN] ConditionMgr:1044 - genDependencies : Invalid condition id : UX DEVICE CLASS RTOS Condition cause : null
2025-11-15 15:16:41,434 [WARN] ConditionMgr:1044 - genDependencies : Invalid condition id : UX DEVICE CLASS RTOS Condition cause : null
2025-11-15 15:16:41,452 [WARN] PackLoader:240 - Cannot read IP mode file for STMicroelectronics.X-CUBE-GNSS1.7.0.0
2025-11-15 15:16:41,472 [WARN] PackLoader:240 - Cannot read IP mode file for STMicroelectronics.X-CUBE-GNSS1.7.0.1
2025-11-15 15:16:41,494 [WARN] PackLoader:240 - Cannot read IP mode file for STMicroelectronics.X-CUBE-TOUCHGFX.4.25.0
2025-11-15 15:16:41,511 [WARN] PackLoader:240 - Cannot read IP mode file for STMicroelectronics.FP-SNS-STBOX1.2.0.0
2025-11-15 15:16:41,531 [WARN] PackLoader:240 - Cannot read IP mode file for STMicroelectronics.X-CUBE-SUBG2.5.0.0
2025-11-15 15:16:41,556 [WARN] PackLoader:240 - Cannot read IP mode file for STMicroelectronics.X-CUBE-AZRTOS-H7RS.1.1.0
2025-11-15 15:16:41,583 [WARN] PackLoader:240 - Cannot read IP mode file for STMicroelectronics.X-CUBE-AZRTOS-G4.2.0.0
2025-11-15 15:16:41,606 [WARN] PackLoader:240 - Cannot read IP mode file for Infineon.AIROC-Wi-Fi-Bluetooth-STM32.1.5.1
2025-11-15 15:16:41,626 [WARN] PackLoader:240 - Cannot read IP mode file for STMicroelectronics.X-CUBE-NFC7.2.0.0
2025-11-15 15:16:41,641 [WARN] PackLoader:240 - Cannot read IP mode file for STMicroelectronics.FP-SNS-MOTENVWB1.1.3.1
2025-11-15 15:16:41,655 [WARN] PackLoader:240 - Cannot read IP mode file for STMicroelectronics.X-CUBE-ISPU.2.0.0
2025-11-15 15:16:41,670 [WARN] PackLoader:240 - Cannot read IP mode file for STMicroelectronics.X-CUBE-IPS.3.1.0
2025-11-15 15:16:41,686 [WARN] PackLoader:240 - Cannot read IP mode file for STMicroelectronics.X-CUBE-ALS.1.0.2
2025-11-15 15:16:41,714 [WARN] PackLoader:240 - Cannot read IP mode file for STMicroelectronics.X-CUBE-MEMS1.10.0.0
2025-11-15 15:16:41,765 [WARN] PackLoader:240 - Cannot read IP mode file for STMicroelectronics.X-CUBE-FREERTOS.1.1.0
2025-11-15 15:16:41,779 [WARN] PackLoader:240 - Cannot read IP mode file for STMicroelectronics.X-CUBE-TOUCHGFX.4.24.0
2025-11-15 15:16:41,793 [WARN] PackLoader:240 - Cannot read IP mode file for STMicroelectronics.X-CUBE-TOUCHGFX.4.24.1
2025-11-15 15:16:41,811 [WARN] PackLoader:240 - Cannot read IP mode file for STMicroelectronics.X-CUBE-STSE01.1.0.0
2025-11-15 15:16:41,828 [WARN] PackLoader:240 - Cannot read IP mode file for wolfSSL.I-CUBE-wolfTPM.3.4.0
2025-11-15 15:16:41,848 [WARN] PackLoader:240 - Cannot read IP mode file for portGmbH.I-Cube-SoM-uGOAL.1.1.0
2025-11-15 15:16:41,864 [WARN] PackLoader:240 - Cannot read IP mode file for STMicroelectronics.X-CUBE-ALS.1.0.1
2025-11-15 15:16:41,890 [WARN] PackLoader:240 - Cannot read IP mode file for STMicroelectronics.X-CUBE-AZRTOS-H7RS.1.0.0
2025-11-15 15:16:41,907 [WARN] PackLoader:240 - Cannot read IP mode file for STMicroelectronics.FP-ATR-ASTRA1.2.0.0
2025-11-15 15:16:41,919 [INFO] WebApp:463 - Apply proxy settings
2025-11-15 15:16:41,919 [INFO] WebApp:548 - Chromium requires no authentication
2025-11-15 15:16:41,926 [WARN] PackLoader:240 - Cannot read IP mode file for STMicroelectronics.X-CUBE-TOF1.3.4.2
2025-11-15 15:16:41,930 [INFO] WebApp:491 - Direct internet connection detected
2025-11-15 15:16:41,946 [WARN] PackLoader:240 - Cannot read IP mode file for STMicroelectronics.X-CUBE-TOF1.3.4.3
2025-11-15 15:16:41,949 [INFO] WebApp:900 - Register for checkConnection events
2025-11-15 15:16:41,950 [INFO] WebApp:463 - Apply proxy settings
2025-11-15 15:16:41,950 [INFO] WebApp:548 - Chromium requires no authentication
2025-11-15 15:16:41,950 [INFO] WebApp:491 - Direct internet connection detected
2025-11-15 15:16:41,967 [WARN] PackLoader:240 - Cannot read IP mode file for STMicroelectronics.X-CUBE-TOF1.3.4.1
2025-11-15 15:16:41,995 [WARN] PackLoader:240 - Cannot read IP mode file for STMicroelectronics.X-CUBE-AZRTOS-H7.3.2.0
2025-11-15 15:16:42,009 [WARN] PackLoader:240 - Cannot read IP mode file for wolfSSL.I-CUBE-wolfSSH.1.4.17
2025-11-15 15:16:42,009 [INFO] ThirdParty:978 - Integrity check success = true
2025-11-15 15:16:42,009 [INFO] IntegrityCheckThread:100 - exiting critical section [integrity check]
2025-11-15 15:16:42,009 [INFO] IntegrityCheckThread:103 - End integrity checks thread
2025-11-15 15:16:42,104 [INFO] WebApp:225 - Starting web application
2025-11-15 15:16:42,104 [INFO] WebApp:593 - Web application path used C:\ST\STM32CubeIDE_1.19.0\STM32CubeIDE\plugins\com.st.stm32cube.common.mx_6.15.0.202507011659\db\plugins\mcufinder\reactClient1\index.html
2025-11-15 15:16:42,243 [INFO] WebApp:191 - Connection restablished
2025-11-15 15:16:42,260 [INFO] UserAuth:487 - Internet connection configuration mode: 1
