2025-11-06 12:12:09,280 [INFO] WebApp:194 - Connection lost
2025-11-06 12:29:15,799 [INFO] MainUpdater:2872 - connection check result : 22
2025-11-06 12:29:15,822 [INFO] MainUpdater:2872 - connection check result : 22
2025-11-06 12:29:47,612 [INFO] MainUpdater:2872 - connection check result : 22
2025-11-06 12:29:59,720 [INFO] I2cTimingTraitement:330 - 0x40B285C2
2025-11-06 12:29:59,754 [INFO] MicroXplorer:468 - Change Database Path : 
2025-11-06 12:29:59,754 [INFO] MicroXplorer:498 - Change Database Version : DB.6.0.150
2025-11-06 12:29:59,893 [ERROR] ProjectManagerView:395 - 
java.lang.NullPointerException: Cannot invoke "javax.swing.JTextField.getText()" because the return value of "java.util.List.get(int)" is null
	at com.st.microxplorer.plugins.projectmanager.gui.ProjectChoiceTab$9.caretUpdate(ProjectChoiceTab.java:2706) ~[filemanager.jar:?]
	at javax.swing.text.JTextComponent.fireCaretUpdate(JTextComponent.java:408) ~[?:?]
	at javax.swing.text.JTextComponent$MutableCaretEvent.fire(JTextComponent.java:4484) ~[?:?]
	at javax.swing.text.JTextComponent$MutableCaretEvent.stateChanged(JTextComponent.java:4506) ~[?:?]
	at javax.swing.text.DefaultCaret.fireStateChanged(DefaultCaret.java:857) ~[?:?]
	at javax.swing.text.DefaultCaret.changeCaretPosition(DefaultCaret.java:1343) ~[?:?]
	at javax.swing.text.DefaultCaret.handleSetDot(DefaultCaret.java:1242) ~[?:?]
	at javax.swing.text.DefaultCaret.setDot(DefaultCaret.java:1223) ~[?:?]
	at javax.swing.text.DefaultCaret$Handler.insertUpdate(DefaultCaret.java:1819) ~[?:?]
	at javax.swing.text.AbstractDocument.fireInsertUpdate(AbstractDocument.java:227) ~[?:?]
	at javax.swing.text.AbstractDocument.handleInsertString(AbstractDocument.java:781) ~[?:?]
	at javax.swing.text.AbstractDocument.insertString(AbstractDocument.java:740) ~[?:?]
	at javax.swing.text.PlainDocument.insertString(PlainDocument.java:131) ~[?:?]
	at javax.swing.text.AbstractDocument.replace(AbstractDocument.java:699) ~[?:?]
	at javax.swing.text.JTextComponent.setText(JTextComponent.java:1725) ~[?:?]
	at com.st.microxplorer.plugins.projectmanager.gui.ProjectChoiceTab.createHeapStackFields(ProjectChoiceTab.java:993) ~[filemanager.jar:?]
	at com.st.microxplorer.plugins.projectmanager.gui.ProjectChoiceTab.buildLinkSettingsPanel(ProjectChoiceTab.java:3813) ~[filemanager.jar:?]
	at com.st.microxplorer.plugins.projectmanager.gui.ProjectChoiceTab.defineWindowsFields(ProjectChoiceTab.java:1987) ~[filemanager.jar:?]
	at com.st.microxplorer.plugins.projectmanager.gui.ProjectChoiceTab.updateSettings(ProjectChoiceTab.java:558) ~[filemanager.jar:?]
	at com.st.microxplorer.plugins.projectmanager.gui.ProjectSettingsPanel.UpdateDialog(ProjectSettingsPanel.java:247) ~[filemanager.jar:?]
	at com.st.microxplorer.plugins.projectmanager.ProjectManagerView.propertyChange(ProjectManagerView.java:392) ~[filemanager.jar:?]
	at java.beans.PropertyChangeSupport.fire(PropertyChangeSupport.java:343) ~[?:?]
	at java.beans.PropertyChangeSupport.firePropertyChange(PropertyChangeSupport.java:335) ~[?:?]
	at java.beans.PropertyChangeSupport.firePropertyChange(PropertyChangeSupport.java:268) ~[?:?]
	at com.st.microxplorer.util.MXPropertyChangeSupport.firePropertyChange(MXPropertyChangeSupport.java:54) ~[STM32CubeMX.jar:?]
	at com.st.microxplorer.mxsystem.MxSystem.closeConfig(MxSystem.java:899) ~[STM32CubeMX.jar:?]
	at com.st.microxplorer.maingui.MainPanel.closeConfig(MainPanel.java:792) ~[STM32CubeMX.jar:?]
	at com.st.microxplorer.plugins.filemanager.engine.OpenFileManager.loadConfigurationFile(OpenFileManager.java:288) ~[filemanager.jar:?]
	at com.st.microxplorer.plugins.filemanager.engine.MainFileManager.userLoadConfig(MainFileManager.java:364) ~[filemanager.jar:?]
	at com.st.microxplorer.plugins.filemanager.engine.MainFileManager.userLoadConfig(MainFileManager.java:342) ~[filemanager.jar:?]
	at com.st.microxplorer.plugins.filemanager.FileManagerView.getSpecificTask(FileManagerView.java:264) ~[filemanager.jar:?]
	at com.st.stm32cube.common.mx.editor.CubeMxEditor.getMxTabbedPaneInstance(CubeMxEditor.java:1198) ~[com.st.stm32cube.common.mx_6.15.0.202507011659/:?]
	at com.st.stm32cube.common.mx.editor.CubeMxEditor$12$1.createSwingComponent(CubeMxEditor.java:1068) ~[com.st.stm32cube.common.mx_6.15.0.202507011659/:?]
	at com.st.stm32cube.common.mx.oss.core.awtswtbridge.EmbeddedSwingComposite.doComponentCreation(EmbeddedSwingComposite.java:492) ~[com.st.stm32cube.common.mx.oss_6.15.0.202507011659/:?]
	at com.st.stm32cube.common.mx.oss.core.awtswtbridge.EmbeddedSwingComposite$4.run(EmbeddedSwingComposite.java:291) ~[com.st.stm32cube.common.mx.oss_6.15.0.202507011659/:?]
	at com.st.stm32cube.common.mx.oss.core.awtswtbridge.AwtEnvironment$2.run(AwtEnvironment.java:166) ~[com.st.stm32cube.common.mx.oss_6.15.0.202507011659/:?]
	at java.awt.event.InvocationEvent.dispatch(InvocationEvent.java:318) ~[?:?]
	at java.awt.EventQueue.dispatchEventImpl(EventQueue.java:773) ~[?:?]
	at java.awt.EventQueue$4.run(EventQueue.java:720) ~[?:?]
	at java.awt.EventQueue$4.run(EventQueue.java:714) ~[?:?]
	at java.security.AccessController.doPrivileged(AccessController.java:400) ~[?:?]
	at java.security.ProtectionDomain$JavaSecurityAccessImpl.doIntersectionPrivilege(ProtectionDomain.java:87) ~[?:?]
	at java.awt.EventQueue.dispatchEvent(EventQueue.java:742) ~[?:?]
	at java.awt.EventDispatchThread.pumpOneEventForFilters(EventDispatchThread.java:203) ~[?:?]
	at java.awt.EventDispatchThread.pumpEventsForFilter(EventDispatchThread.java:124) ~[?:?]
	at java.awt.EventDispatchThread.pumpEventsForHierarchy(EventDispatchThread.java:113) ~[?:?]
	at java.awt.EventDispatchThread.pumpEvents(EventDispatchThread.java:109) ~[?:?]
	at java.awt.EventDispatchThread.pumpEvents(EventDispatchThread.java:101) ~[?:?]
	at java.awt.EventDispatchThread.run(EventDispatchThread.java:90) ~[?:?]
2025-11-06 12:29:59,934 [WARN] ThirdParty:871 - waiting for thirdparty lock release [close project]
2025-11-06 12:29:59,934 [INFO] ThirdParty:873 - entering critical section [close project]
2025-11-06 12:29:59,935 [INFO] ThirdParty:883 - exiting critical section [close project]
2025-11-06 12:29:59,941 [INFO] PinOutPanel:1589 - setPackage(No Configuration,No Configuration)
2025-11-06 12:29:59,972 [INFO] UtilMem:75 - Begin LoadConfig() Used Memory: 669123048 Bytes (1073741824)
2025-11-06 12:29:59,973 [INFO] MicroXplorer:468 - Change Database Path : 
2025-11-06 12:29:59,973 [INFO] MicroXplorer:498 - Change Database Version : DB.6.0.150
2025-11-06 12:29:59,974 [INFO] OpenFileManager:355 - Change cursor
2025-11-06 12:30:00,065 [INFO] RulesReader:64 - Compatibility file has been processed (317 Rules)
2025-11-06 12:30:00,095 [INFO] Mcu:2029 - Initializing MCU STM32G474R(B-C-E)Tx STM32G474RETx STM32G474RET6
2025-11-06 12:30:07,149 [INFO] Context:786 - Trying to add GPIOservice into a context  which must be forbidden
2025-11-06 12:30:09,154 [INFO] ApiDbMcu:532 - Load IP Config File for NUCLEO-G474RE
2025-11-06 12:30:09,468 [INFO] ImportTextPane:234 - (OptionalMessage_ERROR) Pin21 (VP_RIF_VS_RIF1) cannot be retrieved for this MCU
2025-11-06 12:30:09,495 [INFO] ImportTextPane:234 - (OptionalMessage_ERROR) Unable to find key (Mcu.IP8) in loaded IOC file
2025-11-06 12:30:09,496 [INFO] ImportTextPane:234 - (OptionalMessage_ERROR) Unknown IP (dummy)
2025-11-06 12:30:09,737 [INFO] RtosManager:558 - Registered RTOS mode: class=CMSIS, group=RTOS, mode=CMSIS_V1, owner=FREERTOS
2025-11-06 12:30:09,737 [INFO] RtosManager:558 - Registered RTOS mode: class=CMSIS, group=RTOS2, mode=CMSIS_V2, owner=FREERTOS
2025-11-06 12:30:09,737 [INFO] RtosManager:558 - Registered RTOS mode: class=RTOS, group=Core, mode=CMSIS_V1, owner=FREERTOS
2025-11-06 12:30:09,737 [INFO] RtosManager:558 - Registered RTOS mode: class=RTOS, group=Core, mode=CMSIS_V2, owner=FREERTOS
2025-11-06 12:30:09,737 [WARN] ModelIntegratedComponent:184 - Missing modes for component STMicroelectronics:FreeRTOS:0.0.1:STMicroelectronics:RTOS:FreeRTOS:Core:::10.2.0:
2025-11-06 12:30:09,744 [WARN] ModelIntegratedComponent:63 - No mode defined for component null
2025-11-06 12:30:09,744 [WARN] ModelIntegratedComponent:63 - No mode defined for component null
2025-11-06 12:30:09,744 [WARN] ModelIntegratedComponent:63 - No mode defined for component null
2025-11-06 12:30:09,744 [WARN] ModelIntegratedComponent:63 - No mode defined for component null
2025-11-06 12:30:09,744 [WARN] ModelIntegratedComponent:63 - No mode defined for component null
2025-11-06 12:30:09,744 [WARN] ModelIntegratedComponent:63 - No mode defined for component null
2025-11-06 12:30:09,744 [WARN] ModelIntegratedComponent:63 - No mode defined for component null
2025-11-06 12:30:09,744 [WARN] ModelIntegratedComponent:63 - No mode defined for component null
2025-11-06 12:30:09,744 [WARN] ModelIntegratedComponent:63 - No mode defined for component null
2025-11-06 12:30:09,744 [WARN] ModelIntegratedComponent:63 - No mode defined for component null
2025-11-06 12:30:09,744 [WARN] ModelIntegratedComponent:63 - No mode defined for component null
2025-11-06 12:30:09,745 [WARN] ModelIntegratedComponent:63 - No mode defined for component null
2025-11-06 12:30:09,745 [WARN] ModelIntegratedComponent:63 - No mode defined for component null
2025-11-06 12:30:09,745 [WARN] ModelIntegratedComponent:63 - No mode defined for component null
2025-11-06 12:30:09,745 [WARN] ModelIntegratedComponent:63 - No mode defined for component null
2025-11-06 12:30:09,745 [WARN] ModelIntegratedComponent:63 - No mode defined for component null
2025-11-06 12:30:09,745 [WARN] ModelIntegratedComponent:63 - No mode defined for component null
2025-11-06 12:30:09,745 [WARN] ModelIntegratedComponent:63 - No mode defined for component null
2025-11-06 12:30:09,745 [WARN] ModelIntegratedComponent:63 - No mode defined for component null
2025-11-06 12:30:09,745 [WARN] ModelIntegratedComponent:63 - No mode defined for component null
2025-11-06 12:30:09,745 [WARN] ModelIntegratedComponent:63 - No mode defined for component null
2025-11-06 12:30:09,746 [WARN] ModelIntegratedComponent:63 - No mode defined for component null
2025-11-06 12:30:09,746 [WARN] ModelIntegratedComponent:63 - No mode defined for component null
2025-11-06 12:30:09,746 [WARN] ModelIntegratedComponent:63 - No mode defined for component null
2025-11-06 12:30:09,746 [WARN] ModelIntegratedComponent:63 - No mode defined for component null
2025-11-06 12:30:09,746 [WARN] ModelIntegratedComponent:63 - No mode defined for component null
2025-11-06 12:30:09,746 [WARN] ModelIntegratedComponent:63 - No mode defined for component null
2025-11-06 12:30:09,746 [WARN] ModelIntegratedComponent:63 - No mode defined for component null
2025-11-06 12:30:09,746 [WARN] ModelIntegratedComponent:63 - No mode defined for component null
2025-11-06 12:30:09,746 [WARN] ModelIntegratedComponent:63 - No mode defined for component null
2025-11-06 12:30:09,746 [WARN] ModelIntegratedComponent:63 - No mode defined for component null
2025-11-06 12:30:09,746 [WARN] ModelIntegratedComponent:63 - No mode defined for component null
2025-11-06 12:30:09,746 [WARN] ModelIntegratedComponent:63 - No mode defined for component null
2025-11-06 12:30:09,746 [WARN] ModelIntegratedComponent:63 - No mode defined for component null
2025-11-06 12:30:09,746 [WARN] ModelIntegratedComponent:63 - No mode defined for component null
2025-11-06 12:30:09,746 [WARN] ModelPack:524 - Component already loaded: STMicroelectronics:HAL Drivers:0.0.0:STMicroelectronics:Device:STMicro_Driver:XSPI:HAL::0.0.1:HAL_XSPI
2025-11-06 12:30:09,947 [INFO] ThirdPartyModel:298 - Start build external matchings
2025-11-06 12:30:11,755 [INFO] ThirdPartyModel:316 - End build external matchings
2025-11-06 12:30:12,700 [INFO] UtilMem:75 - End LoadConfig() Used Memory: 693788664 Bytes (1073741824)
2025-11-06 12:30:12,844 [WARN] ThirdParty:833 - waiting for thirdparty lock release [change project]
2025-11-06 12:30:12,844 [INFO] ThirdParty:835 - entering critical section [change project]
2025-11-06 12:30:12,845 [INFO] ThirdParty:1030 - CMSIS Pack Vendor :STMicroelectronics X-CUBE-PM33A1 1.0.0
2025-11-06 12:30:12,845 [INFO] ThirdParty:1030 - CMSIS Pack Vendor :STMicroelectronics USBPD 4.1
2025-11-06 12:30:12,845 [INFO] ThirdParty:1030 - CMSIS Pack Vendor :STMicroelectronics X-CUBE-GNSS1 6.0.0
2025-11-06 12:30:12,845 [INFO] ThirdParty:1030 - CMSIS Pack Vendor :STMicroelectronics USB_HOST 2.0.0
2025-11-06 12:30:12,845 [INFO] ThirdParty:1030 - CMSIS Pack Vendor :STMicroelectronics FP-SNS-MOTENVWB1 1.4.0
2025-11-06 12:30:12,845 [INFO] ThirdParty:1030 - CMSIS Pack Vendor :STMicroelectronics X-CUBE-AZRTOS-F4 1.1.0
2025-11-06 12:30:12,845 [INFO] ThirdParty:1030 - CMSIS Pack Vendor :STMicroelectronics LIBJPEG 8.0.0
2025-11-06 12:30:12,845 [INFO] ThirdParty:1030 - CMSIS Pack Vendor :STMicroelectronics FP-ATR-ASTRA1 2.0.2
2025-11-06 12:30:12,845 [INFO] ThirdParty:1030 - CMSIS Pack Vendor :STMicroelectronics FP-ATR-ASTRA1 2.0.1
2025-11-06 12:30:12,845 [INFO] ThirdParty:1030 - CMSIS Pack Vendor :Avnet-IotConnect X-CUBE-IoTC-DA16k-PMOD 1.0.0
2025-11-06 12:30:12,845 [INFO] ThirdParty:1030 - CMSIS Pack Vendor :STMicroelectronics X-CUBE-SMBUS 2.1.0
2025-11-06 12:30:12,845 [INFO] ThirdParty:1030 - CMSIS Pack Vendor :STMicroelectronics X-CUBE-WB05N 1.1.0
2025-11-06 12:30:12,845 [INFO] ThirdParty:1030 - CMSIS Pack Vendor :STMicroelectronics X-CUBE-ISPU 2.1.0
2025-11-06 12:30:12,845 [INFO] ThirdParty:1030 - CMSIS Pack Vendor :STMicroelectronics X-CUBE-IPS 3.2.0
2025-11-06 12:30:12,845 [INFO] ThirdParty:1030 - CMSIS Pack Vendor :STMicroelectronics X-CUBE-FREERTOS 1.2.0
2025-11-06 12:30:12,845 [INFO] ThirdParty:1030 - CMSIS Pack Vendor :wolfSSL I-CUBE-wolfSSL 5.6.6
2025-11-06 12:30:12,845 [INFO] ThirdParty:1030 - CMSIS Pack Vendor :STMicroelectronics X-CUBE-ST60 1.0.0
2025-11-06 12:30:12,845 [INFO] ThirdParty:1030 - CMSIS Pack Vendor :STMicroelectronics X-CUBE-TOUCHGFX 4.23.1
2025-11-06 12:30:12,845 [INFO] ThirdParty:1030 - CMSIS Pack Vendor :STMicroelectronics X-CUBE-TOUCHGFX 4.23.0
2025-11-06 12:30:12,845 [INFO] ThirdParty:1030 - CMSIS Pack Vendor :STMicroelectronics X-CUBE-NFC12 1.0.0
2025-11-06 12:30:12,846 [INFO] ThirdParty:1030 - CMSIS Pack Vendor :STMicroelectronics X-CUBE-TOUCHGFX 4.23.2
2025-11-06 12:30:12,846 [INFO] ThirdParty:1030 - CMSIS Pack Vendor :STMicroelectronics X-CUBE-AZRTOS-F7 1.1.0
2025-11-06 12:30:12,846 [INFO] ThirdParty:1030 - CMSIS Pack Vendor :STMicroelectronics X-CUBE-AZRTOS-L5 2.0.0
2025-11-06 12:30:12,846 [INFO] ThirdParty:1030 - CMSIS Pack Vendor :STMicroelectronics USB_DEVICE 2.0.0
2025-11-06 12:30:12,846 [INFO] ThirdParty:1030 - CMSIS Pack Vendor :STMicroelectronics X-CUBE-NFC6 3.1.0
2025-11-06 12:30:12,846 [INFO] ThirdParty:1030 - CMSIS Pack Vendor :ITTIA_DB I-CUBE-ITTIADB 8.8.0
2025-11-06 12:30:12,846 [INFO] ThirdParty:1030 - CMSIS Pack Vendor :STMicroelectronics FP-SNS-MOTENV1 4.3.2
2025-11-06 12:30:12,846 [INFO] ThirdParty:1030 - CMSIS Pack Vendor :STMicroelectronics X-CUBE-MEMS1 11.0.0
2025-11-06 12:30:12,847 [INFO] ThirdParty:1030 - CMSIS Pack Vendor :STMicroelectronics FP-SNS-MOTENV1 5.1.0
2025-11-06 12:30:12,847 [INFO] ThirdParty:1030 - CMSIS Pack Vendor :STMicroelectronics FreeRTOS 0.0.1
2025-11-06 12:30:12,847 [INFO] ThirdParty:1030 - CMSIS Pack Vendor :STMicroelectronics X-CUBE-DPower 1.2.0
2025-11-06 12:30:12,847 [INFO] ThirdParty:1030 - CMSIS Pack Vendor :STMicroelectronics FP-SNS-FLIGHT1 5.0.2
2025-11-06 12:30:12,848 [INFO] ThirdParty:1030 - CMSIS Pack Vendor :STMicroelectronics X-CUBE-AI 9.0.0
2025-11-06 12:30:12,848 [INFO] ThirdParty:1030 - CMSIS Pack Vendor :STMicroelectronics PDM2PCM 3.3.0
2025-11-06 12:30:12,848 [INFO] ThirdParty:1030 - CMSIS Pack Vendor :STMicroelectronics X-CUBE-AZRTOS-H7 3.4.0
2025-11-06 12:30:12,848 [INFO] ThirdParty:1030 - CMSIS Pack Vendor :STMicroelectronics X-CUBE-DISPLAY 3.0.0
2025-11-06 12:30:12,848 [INFO] ThirdParty:1030 - CMSIS Pack Vendor :STMicroelectronics X-CUBE-BLE1 7.0.0
2025-11-06 12:30:12,848 [INFO] ThirdParty:1030 - CMSIS Pack Vendor :STMicroelectronics X-CUBE-NFC10 1.0.0
2025-11-06 12:30:12,848 [INFO] ThirdParty:1030 - CMSIS Pack Vendor :STMicroelectronics X-CUBE-BLEMGR 4.0.0
2025-11-06 12:30:12,848 [INFO] ThirdParty:1030 - CMSIS Pack Vendor :STMicroelectronics X-CUBE-FREERTOS 1.3.1
2025-11-06 12:30:12,848 [INFO] ThirdParty:1030 - CMSIS Pack Vendor :STMicroelectronics HAL Drivers 0.0.0
2025-11-06 12:30:12,848 [INFO] ThirdParty:1030 - CMSIS Pack Vendor :STMicroelectronics X-CUBE-ST60 1.1.0
2025-11-06 12:30:12,848 [INFO] ThirdParty:1030 - CMSIS Pack Vendor :emotas I-CUBE-CANOPEN 1.3.0
2025-11-06 12:30:12,848 [INFO] ThirdParty:1030 - CMSIS Pack Vendor :STMicroelectronics X-CUBE-FREERTOS 1.3.0
2025-11-06 12:30:12,849 [INFO] ThirdParty:1030 - CMSIS Pack Vendor :STMicroelectronics X-CUBE-NFC7 1.0.1
2025-11-06 12:30:12,849 [INFO] ThirdParty:1030 - CMSIS Pack Vendor :STMicroelectronics MBEDTLS 2.14.1
2025-11-06 12:30:12,849 [INFO] ThirdParty:1030 - CMSIS Pack Vendor :STMicroelectronics X-CUBE-GNSS1 7.1.0
2025-11-06 12:30:12,849 [INFO] ThirdParty:1030 - CMSIS Pack Vendor :STMicroelectronics X-CUBE-TOUCHGFX 4.26.0
2025-11-06 12:30:12,849 [INFO] ThirdParty:1030 - CMSIS Pack Vendor :STMicroelectronics X-CUBE-NFC6 3.0.0
2025-11-06 12:30:12,849 [INFO] ThirdParty:1030 - CMSIS Pack Vendor :STMicroelectronics X-CUBE-BLEMGR 3.1.0
2025-11-06 12:30:12,849 [INFO] ThirdParty:1030 - CMSIS Pack Vendor :STMicroelectronics X-CUBE-AI 10.0.0
2025-11-06 12:30:12,850 [INFO] ThirdParty:1030 - CMSIS Pack Vendor :STMicroelectronics FP-SNS-STBOX1 2.1.0
2025-11-06 12:30:12,850 [INFO] ThirdParty:1030 - CMSIS Pack Vendor :STMicroelectronics FP-SNS-STAIOTCFT 1.0.0
2025-11-06 12:30:12,850 [INFO] ThirdParty:1030 - CMSIS Pack Vendor :STMicroelectronics FP-SNS-SMARTAG2 1.2.0
2025-11-06 12:30:12,850 [INFO] ThirdParty:1030 - CMSIS Pack Vendor :STMicroelectronics FP-SNS-FLIGHT1 5.1.0
2025-11-06 12:30:12,850 [INFO] ThirdParty:1030 - CMSIS Pack Vendor :STMicroelectronics X-CUBE-MEMS1 11.1.0
2025-11-06 12:30:12,850 [INFO] ThirdParty:1030 - CMSIS Pack Vendor :STMicroelectronics X-CUBE-AZRTOS-WL 2.0.0
2025-11-06 12:30:12,850 [INFO] ThirdParty:1030 - CMSIS Pack Vendor :STMicroelectronics X-CUBE-DPower 1.3.0
2025-11-06 12:30:12,850 [INFO] ThirdParty:1030 - CMSIS Pack Vendor :STMicroelectronics FP-SNS-MOTENV1 5.0.0
2025-11-06 12:30:12,850 [INFO] ThirdParty:1030 - CMSIS Pack Vendor :STMicroelectronics USB_DEVICE 1.0.0
2025-11-06 12:30:12,850 [INFO] ThirdParty:1030 - CMSIS Pack Vendor :STMicroelectronics X-CUBE-AI 8.1.0
2025-11-06 12:30:12,850 [INFO] ThirdParty:1030 - CMSIS Pack Vendor :wolfSSL I-CUBE-wolfMQTT 1.19.0
2025-11-06 12:30:12,851 [INFO] ThirdParty:1030 - CMSIS Pack Vendor :STMicroelectronics X-CUBE-AZRTOS-L4 2.0.0
2025-11-06 12:30:12,851 [INFO] ThirdParty:1030 - CMSIS Pack Vendor :STMicroelectronics ThreadX 0.0.2
2025-11-06 12:30:12,851 [INFO] ThirdParty:1030 - CMSIS Pack Vendor :WES I-CUBE-Cesium 1.3.0
2025-11-06 12:30:12,851 [INFO] ThirdParty:1030 - CMSIS Pack Vendor :STMicroelectronics lwIP 2.1.2
2025-11-06 12:30:12,851 [INFO] ThirdParty:1030 - CMSIS Pack Vendor :STMicroelectronics X-CUBE-SFXS2LP1 4.0.0
2025-11-06 12:30:12,851 [INFO] ThirdParty:1030 - CMSIS Pack Vendor :STMicroelectronics X-CUBE-BLE2 3.3.0
2025-11-06 12:30:12,851 [INFO] ThirdParty:1030 - CMSIS Pack Vendor :STMicroelectronics PDM2PCM 3.2.0
2025-11-06 12:30:12,851 [INFO] ThirdParty:1030 - CMSIS Pack Vendor :STMicroelectronics X-CUBE-AZRTOS-H7 3.3.0
2025-11-06 12:30:12,851 [INFO] ThirdParty:1030 - CMSIS Pack Vendor :STMicroelectronics X-CUBE-NFC9 1.0.0
2025-11-06 12:30:12,851 [INFO] ThirdParty:1030 - CMSIS Pack Vendor :STMicroelectronics X-CUBE-BLE1 7.1.0
2025-11-06 12:30:12,851 [INFO] ThirdParty:1030 - CMSIS Pack Vendor :STMicroelectronics USB_DEVICE 3.0.0
2025-11-06 12:30:12,851 [INFO] ThirdParty:1030 - CMSIS Pack Vendor :STMicroelectronics X-CUBE-TCPP 4.1.0
2025-11-06 12:30:12,851 [INFO] ThirdParty:1030 - CMSIS Pack Vendor :STMicroelectronics X-CUBE-EEPRMA1 5.2.0
2025-11-06 12:30:12,851 [INFO] ThirdParty:1030 - CMSIS Pack Vendor :STMicroelectronics X-CUBE-BLEMGR 4.1.0
2025-11-06 12:30:12,851 [INFO] ThirdParty:1030 - CMSIS Pack Vendor :STMicroelectronics X-CUBE-IPS 3.0.0
2025-11-06 12:30:12,851 [INFO] ThirdParty:1030 - CMSIS Pack Vendor :STMicroelectronics X-CUBE-AZRTOS-WB 2.0.0
2025-11-06 12:30:12,851 [INFO] ThirdParty:1030 - CMSIS Pack Vendor :STMicroelectronics X-CUBE-GNSS1 7.0.0
2025-11-06 12:30:12,851 [INFO] ThirdParty:1030 - CMSIS Pack Vendor :STMicroelectronics X-CUBE-GNSS1 7.0.1
2025-11-06 12:30:12,851 [INFO] ThirdParty:1030 - CMSIS Pack Vendor :STMicroelectronics X-CUBE-TOUCHGFX 4.25.0
2025-11-06 12:30:12,851 [INFO] ThirdParty:1030 - CMSIS Pack Vendor :STMicroelectronics X-CUBE-ST67W61 1.1.0
2025-11-06 12:30:12,851 [INFO] ThirdParty:1030 - CMSIS Pack Vendor :STMicroelectronics X-CUBE-AI 10.1.0
2025-11-06 12:30:12,851 [INFO] ThirdParty:1030 - CMSIS Pack Vendor :STMicroelectronics FP-SNS-STBOX1 2.0.0
2025-11-06 12:30:12,851 [INFO] ThirdParty:1030 - CMSIS Pack Vendor :STMicroelectronics X-CUBE-ALGOBUILD 1.3.0
2025-11-06 12:30:12,851 [INFO] ThirdParty:1030 - CMSIS Pack Vendor :STMicroelectronics X-CUBE-AZRTOS-G0 1.1.0
2025-11-06 12:30:12,851 [INFO] ThirdParty:1030 - CMSIS Pack Vendor :STMicroelectronics X-CUBE-SAFEA1 1.2.2
2025-11-06 12:30:12,851 [INFO] ThirdParty:1030 - CMSIS Pack Vendor :STMicroelectronics X-CUBE-NFC4 3.0.0
2025-11-06 12:30:12,851 [INFO] ThirdParty:1030 - CMSIS Pack Vendor :STMicroelectronics X-CUBE-SUBG2 5.0.0
2025-11-06 12:30:12,851 [INFO] ThirdParty:1030 - CMSIS Pack Vendor :STMicroelectronics X-CUBE-AZRTOS-H7RS 1.1.0
2025-11-06 12:30:12,852 [INFO] ThirdParty:1030 - CMSIS Pack Vendor :STMicroelectronics STM32_WPAN 1.0.0
2025-11-06 12:30:12,852 [INFO] ThirdParty:1030 - CMSIS Pack Vendor :EmbeddedOffice I-CUBE-FS-RTOS 1.0.1
2025-11-06 12:30:12,852 [INFO] ThirdParty:1030 - CMSIS Pack Vendor :STMicroelectronics lwIP 2.0.3
2025-11-06 12:30:12,852 [INFO] ThirdParty:1030 - CMSIS Pack Vendor :STMicroelectronics USB_HOST 1.0.0
2025-11-06 12:30:12,852 [INFO] ThirdParty:1030 - CMSIS Pack Vendor :STMicroelectronics X-CUBE-AZRTOS-G4 2.0.0
2025-11-06 12:30:12,852 [INFO] ThirdParty:1030 - CMSIS Pack Vendor :STMicroelectronics X-CUBE-WB05N 2.0.0
2025-11-06 12:30:12,852 [INFO] ThirdParty:1030 - CMSIS Pack Vendor :STMicroelectronics PDM2PCM 3.1.0
2025-11-06 12:30:12,852 [INFO] ThirdParty:1030 - CMSIS Pack Vendor :Infineon AIROC-Wi-Fi-Bluetooth-STM32 1.5.1
2025-11-06 12:30:12,853 [INFO] ThirdParty:1030 - CMSIS Pack Vendor :STMicroelectronics X-CUBE-NFC7 2.0.0
2025-11-06 12:30:12,853 [INFO] ThirdParty:1030 - CMSIS Pack Vendor :STMicroelectronics X-CUBE-TCPP 4.2.0
2025-11-06 12:30:12,853 [INFO] ThirdParty:1030 - CMSIS Pack Vendor :RealThread X-CUBE-RT-Thread_Nano 4.1.1
2025-11-06 12:30:12,853 [INFO] ThirdParty:1030 - CMSIS Pack Vendor :STMicroelectronics FP-SNS-MOTENVWB1 1.3.1
2025-11-06 12:30:12,853 [INFO] ThirdParty:1030 - CMSIS Pack Vendor :STMicroelectronics FP-ATR-SIGFOX1 3.2.0
2025-11-06 12:30:12,853 [INFO] ThirdParty:1030 - CMSIS Pack Vendor :quantropi X-CUBE-qispace-sdk-base 1.9.3
2025-11-06 12:30:12,853 [INFO] ThirdParty:1030 - CMSIS Pack Vendor :STMicroelectronics X-CUBE-ISPU 2.0.0
2025-11-06 12:30:12,853 [INFO] ThirdParty:1030 - CMSIS Pack Vendor :STMicroelectronics X-CUBE-EEPRMA1 5.1.0
2025-11-06 12:30:12,853 [INFO] ThirdParty:1030 - CMSIS Pack Vendor :STMicroelectronics MBEDTLS 2.16.2
2025-11-06 12:30:12,853 [INFO] ThirdParty:1030 - CMSIS Pack Vendor :STMicroelectronics X-CUBE-IPS 3.1.0
2025-11-06 12:30:12,853 [INFO] ThirdParty:1030 - CMSIS Pack Vendor :STMicroelectronics X-CUBE-ALS 1.0.2
2025-11-06 12:30:12,853 [INFO] ThirdParty:1030 - CMSIS Pack Vendor :STMicroelectronics X-CUBE-MEMS1 10.0.0
2025-11-06 12:30:12,853 [INFO] ThirdParty:1030 - CMSIS Pack Vendor :STMicroelectronics X-CUBE-FREERTOS 1.1.0
2025-11-06 12:30:12,853 [INFO] ThirdParty:1030 - CMSIS Pack Vendor :STMicroelectronics X-CUBE-TOUCHGFX 4.24.0
2025-11-06 12:30:12,853 [INFO] ThirdParty:1030 - CMSIS Pack Vendor :STMicroelectronics X-CUBE-TOUCHGFX 4.24.1
2025-11-06 12:30:12,853 [INFO] ThirdParty:1030 - CMSIS Pack Vendor :STMicroelectronics X-CUBE-STSE01 1.0.0
2025-11-06 12:30:12,854 [INFO] ThirdParty:1030 - CMSIS Pack Vendor :wolfSSL I-CUBE-wolfTPM 3.4.0
2025-11-06 12:30:12,854 [INFO] ThirdParty:1030 - CMSIS Pack Vendor :portGmbH I-Cube-SoM-uGOAL 1.1.0
2025-11-06 12:30:12,854 [INFO] ThirdParty:1030 - CMSIS Pack Vendor :STMicroelectronics X-CUBE-ALS 1.0.1
2025-11-06 12:30:12,854 [INFO] ThirdParty:1030 - CMSIS Pack Vendor :STMicroelectronics X-CUBE-ST67W61 1.0.0
2025-11-06 12:30:12,854 [INFO] ThirdParty:1030 - CMSIS Pack Vendor :STMicroelectronics X-CUBE-AI 10.2.0
2025-11-06 12:30:12,854 [INFO] ThirdParty:1030 - CMSIS Pack Vendor :STMicroelectronics ThreadX 1.0.0
2025-11-06 12:30:12,854 [INFO] ThirdParty:1030 - CMSIS Pack Vendor :SEGGER I-CUBE-embOS 1.3.1
2025-11-06 12:30:12,854 [INFO] ThirdParty:1030 - CMSIS Pack Vendor :STMicroelectronics X-CUBE-ALGOBUILD 1.4.0
2025-11-06 12:30:12,854 [INFO] ThirdParty:1030 - CMSIS Pack Vendor :STMicroelectronics X-CUBE-MEMS1 11.3.0
2025-11-06 12:30:12,854 [INFO] ThirdParty:1030 - CMSIS Pack Vendor :STMicroelectronics X-CUBE-AZRTOS-H7RS 1.0.0
2025-11-06 12:30:12,854 [INFO] ThirdParty:1030 - CMSIS Pack Vendor :STMicroelectronics FP-ATR-ASTRA1 2.0.0
2025-11-06 12:30:12,855 [INFO] ThirdParty:1030 - CMSIS Pack Vendor :STMicroelectronics X-CUBE-TOF1 3.4.2
2025-11-06 12:30:12,855 [INFO] ThirdParty:1030 - CMSIS Pack Vendor :STMicroelectronics X-CUBE-TOF1 3.4.3
2025-11-06 12:30:12,855 [INFO] ThirdParty:1030 - CMSIS Pack Vendor :STMicroelectronics X-CUBE-AI 9.1.0
2025-11-06 12:30:12,856 [INFO] ThirdParty:1030 - CMSIS Pack Vendor :STMicroelectronics X-CUBE-TOF1 3.4.1
2025-11-06 12:30:12,856 [INFO] ThirdParty:1030 - CMSIS Pack Vendor :STMicroelectronics X-CUBE-AZRTOS-H7 3.2.0
2025-11-06 12:30:12,856 [INFO] ThirdParty:1030 - CMSIS Pack Vendor :wolfSSL I-CUBE-wolfSSH 1.4.17
2025-11-06 12:30:12,857 [INFO] ThirdParty:841 - exiting critical section [change project]
2025-11-06 12:30:13,459 [INFO] PinOutPanel:1589 - setPackage(No Configuration,No Configuration)
2025-11-06 12:30:13,461 [INFO] PinOutPanel:1589 - setPackage(STM32G474RETx,LQFP64)
2025-11-06 12:30:14,186 [INFO] UtilMem:75 - Before build in PCC Used Memory: 468367008 Bytes (1073741824)
2025-11-06 12:30:15,035 [INFO] UtilMem:75 - After build in PCC Used Memory: 575321760 Bytes (1073741824)
2025-11-06 12:30:15,084 [INFO] IPUIPlugin:80 - create IPUIPlugin
2025-11-06 12:30:15,085 [INFO] IPUIPlugin:80 - create IPUIPlugin
2025-11-06 12:30:15,085 [INFO] IPUIPlugin:80 - create IPUIPlugin
2025-11-06 12:30:15,085 [INFO] IPUIPlugin:80 - create IPUIPlugin
2025-11-06 12:30:15,085 [INFO] IPUIPlugin:80 - create IPUIPlugin
2025-11-06 12:30:15,085 [INFO] IPUIPlugin:80 - create IPUIPlugin
2025-11-06 12:30:15,085 [INFO] IPUIPlugin:80 - create IPUIPlugin
2025-11-06 12:30:15,085 [INFO] IPUIPlugin:80 - create IPUIPlugin
2025-11-06 12:30:15,085 [INFO] IPUIPlugin:80 - create IPUIPlugin
2025-11-06 12:30:15,085 [INFO] IPUIPlugin:80 - create IPUIPlugin
2025-11-06 12:30:15,085 [INFO] IPUIPlugin:80 - create IPUIPlugin
2025-11-06 12:30:15,085 [INFO] IPUIPlugin:80 - create IPUIPlugin
2025-11-06 12:30:15,085 [INFO] IPUIPlugin:80 - create IPUIPlugin
2025-11-06 12:30:15,086 [INFO] IPUIPlugin:80 - create IPUIPlugin
2025-11-06 12:30:15,086 [INFO] IPUIPlugin:80 - create IPUIPlugin
2025-11-06 12:30:15,086 [INFO] IPUIPlugin:80 - create IPUIPlugin
2025-11-06 12:30:15,086 [INFO] IPUIPlugin:80 - create IPUIPlugin
2025-11-06 12:30:15,086 [INFO] IPUIPlugin:80 - create IPUIPlugin
2025-11-06 12:30:15,086 [INFO] IPUIPlugin:80 - create IPUIPlugin
2025-11-06 12:30:15,087 [INFO] IPUIPlugin:80 - create IPUIPlugin
2025-11-06 12:30:15,087 [INFO] IPUIPlugin:80 - create IPUIPlugin
2025-11-06 12:30:15,087 [INFO] IPUIPlugin:80 - create IPUIPlugin
2025-11-06 12:30:15,087 [INFO] IPUIPlugin:80 - create IPUIPlugin
2025-11-06 12:30:15,088 [INFO] IPUIPlugin:80 - create IPUIPlugin
2025-11-06 12:30:15,088 [INFO] IPUIPlugin:80 - create IPUIPlugin
2025-11-06 12:30:15,089 [INFO] IPUIPlugin:80 - create IPUIPlugin
2025-11-06 12:30:15,089 [INFO] IPUIPlugin:80 - create IPUIPlugin
2025-11-06 12:30:15,089 [INFO] IPUIPlugin:80 - create IPUIPlugin
2025-11-06 12:30:15,089 [INFO] IPUIPlugin:80 - create IPUIPlugin
2025-11-06 12:30:15,089 [INFO] IPUIPlugin:80 - create IPUIPlugin
2025-11-06 12:30:15,089 [INFO] IPUIPlugin:80 - create IPUIPlugin
2025-11-06 12:30:15,089 [INFO] IPUIPlugin:80 - create IPUIPlugin
2025-11-06 12:30:15,089 [INFO] IPUIPlugin:80 - create IPUIPlugin
2025-11-06 12:30:15,089 [INFO] IPUIPlugin:80 - create IPUIPlugin
2025-11-06 12:30:15,091 [INFO] IPUIPlugin:80 - create IPUIPlugin
2025-11-06 12:30:15,091 [INFO] IPUIPlugin:80 - create IPUIPlugin
2025-11-06 12:30:15,091 [INFO] IPUIPlugin:80 - create IPUIPlugin
2025-11-06 12:30:15,091 [INFO] IPUIPlugin:80 - create IPUIPlugin
2025-11-06 12:30:15,092 [INFO] IPUIPlugin:80 - create IPUIPlugin
2025-11-06 12:30:15,092 [INFO] IPUIPlugin:80 - create IPUIPlugin
2025-11-06 12:30:15,092 [INFO] IPUIPlugin:80 - create IPUIPlugin
2025-11-06 12:30:15,093 [INFO] IPUIPlugin:80 - create IPUIPlugin
2025-11-06 12:30:15,093 [INFO] IPUIPlugin:80 - create IPUIPlugin
2025-11-06 12:30:15,094 [INFO] IPUIPlugin:80 - create IPUIPlugin
2025-11-06 12:30:15,094 [INFO] IPUIPlugin:80 - create IPUIPlugin
2025-11-06 12:30:15,095 [INFO] IPUIPlugin:80 - create IPUIPlugin
2025-11-06 12:30:15,095 [INFO] IPUIPlugin:80 - create IPUIPlugin
2025-11-06 12:30:15,096 [INFO] IPUIPlugin:80 - create IPUIPlugin
2025-11-06 12:30:15,096 [INFO] IPUIPlugin:80 - create IPUIPlugin
2025-11-06 12:30:15,097 [INFO] IPUIPlugin:80 - create IPUIPlugin
2025-11-06 12:30:15,097 [INFO] IPUIPlugin:80 - create IPUIPlugin
2025-11-06 12:30:15,097 [INFO] IPUIPlugin:80 - create IPUIPlugin
2025-11-06 12:30:15,097 [INFO] IPUIPlugin:80 - create IPUIPlugin
2025-11-06 12:30:15,098 [INFO] IPUIPlugin:80 - create IPUIPlugin
2025-11-06 12:30:15,098 [INFO] IPUIPlugin:80 - create IPUIPlugin
2025-11-06 12:30:15,098 [INFO] IPUIPlugin:80 - create IPUIPlugin
2025-11-06 12:30:15,099 [INFO] IPUIPlugin:80 - create IPUIPlugin
2025-11-06 12:30:15,099 [INFO] IPUIPlugin:80 - create IPUIPlugin
2025-11-06 12:30:15,099 [INFO] IPUIPlugin:80 - create IPUIPlugin
2025-11-06 12:30:15,099 [INFO] IPUIPlugin:80 - create IPUIPlugin
2025-11-06 12:30:15,099 [INFO] IPUIPlugin:80 - create IPUIPlugin
2025-11-06 12:30:15,100 [INFO] IPUIPlugin:80 - create IPUIPlugin
2025-11-06 12:30:15,100 [INFO] IPUIPlugin:80 - create IPUIPlugin
2025-11-06 12:30:15,100 [INFO] IPUIPlugin:80 - create IPUIPlugin
2025-11-06 12:30:15,100 [INFO] IPUIPlugin:80 - create IPUIPlugin
2025-11-06 12:30:15,101 [INFO] IPUIPlugin:80 - create IPUIPlugin
2025-11-06 12:30:15,101 [INFO] IPUIPlugin:80 - create IPUIPlugin
2025-11-06 12:30:15,101 [INFO] IPUIPlugin:80 - create IPUIPlugin
2025-11-06 12:30:15,102 [INFO] IPUIPlugin:80 - create IPUIPlugin
2025-11-06 12:30:15,103 [INFO] IPUIPlugin:80 - create IPUIPlugin
2025-11-06 12:30:15,103 [INFO] IPUIPlugin:80 - create IPUIPlugin
2025-11-06 12:30:15,104 [INFO] IPUIPlugin:80 - create IPUIPlugin
2025-11-06 12:30:15,104 [INFO] IPUIPlugin:80 - create IPUIPlugin
2025-11-06 12:30:15,105 [INFO] IPUIPlugin:80 - create IPUIPlugin
2025-11-06 12:30:15,105 [INFO] IPUIPlugin:80 - create IPUIPlugin
2025-11-06 12:30:15,105 [INFO] IPUIPlugin:80 - create IPUIPlugin
2025-11-06 12:30:15,106 [INFO] IPUIPlugin:80 - create IPUIPlugin
2025-11-06 12:30:15,106 [INFO] IPUIPlugin:80 - create IPUIPlugin
2025-11-06 12:30:15,244 [INFO] CADModel:165 - CPN selected for project levelSTM32G474RET6
2025-11-06 12:30:15,244 [INFO] CADModel:114 - Register for checkConnection events
2025-11-06 12:30:15,497 [INFO] OpenFileManager:386 - Restore cursor
2025-11-06 12:30:35,400 [INFO] NvicIntPanel:101 - NVIC parent = com.st.microxplorer.plugins.ip.nvic.MultiNvicIntPanel[,0,0,558x219,layout=javax.swing.BoxLayout,alignmentX=0.0,alignmentY=0.0,border=,flags=9,maximumSize=,minimumSize=,preferredSize=]
2025-11-06 12:30:50,744 [INFO] MainUpdater:2872 - connection check result : 22
2025-11-06 12:30:50,753 [INFO] MainUpdater:2872 - connection check result : 22
2025-11-06 12:31:52,778 [INFO] I2cTimingTraitement:330 - 0x40B285C2
2025-11-06 12:31:52,788 [INFO] MicroXplorer:468 - Change Database Path : 
2025-11-06 12:31:52,788 [INFO] MicroXplorer:498 - Change Database Version : DB.6.0.150
2025-11-06 12:31:52,840 [ERROR] ProjectManagerView:395 - 
java.lang.NullPointerException: Cannot invoke "javax.swing.JTextField.getText()" because the return value of "java.util.List.get(int)" is null
	at com.st.microxplorer.plugins.projectmanager.gui.ProjectChoiceTab$9.caretUpdate(ProjectChoiceTab.java:2706) ~[filemanager.jar:?]
	at javax.swing.text.JTextComponent.fireCaretUpdate(JTextComponent.java:408) ~[?:?]
	at javax.swing.text.JTextComponent$MutableCaretEvent.fire(JTextComponent.java:4484) ~[?:?]
	at javax.swing.text.JTextComponent$MutableCaretEvent.stateChanged(JTextComponent.java:4506) ~[?:?]
	at javax.swing.text.DefaultCaret.fireStateChanged(DefaultCaret.java:857) ~[?:?]
	at javax.swing.text.DefaultCaret.changeCaretPosition(DefaultCaret.java:1343) ~[?:?]
	at javax.swing.text.DefaultCaret.handleSetDot(DefaultCaret.java:1242) ~[?:?]
	at javax.swing.text.DefaultCaret.setDot(DefaultCaret.java:1223) ~[?:?]
	at javax.swing.text.DefaultCaret$Handler.insertUpdate(DefaultCaret.java:1819) ~[?:?]
	at javax.swing.text.AbstractDocument.fireInsertUpdate(AbstractDocument.java:227) ~[?:?]
	at javax.swing.text.AbstractDocument.handleInsertString(AbstractDocument.java:781) ~[?:?]
	at javax.swing.text.AbstractDocument.insertString(AbstractDocument.java:740) ~[?:?]
	at javax.swing.text.PlainDocument.insertString(PlainDocument.java:131) ~[?:?]
	at javax.swing.text.AbstractDocument.replace(AbstractDocument.java:699) ~[?:?]
	at javax.swing.text.JTextComponent.setText(JTextComponent.java:1725) ~[?:?]
	at com.st.microxplorer.plugins.projectmanager.gui.ProjectChoiceTab.createHeapStackFields(ProjectChoiceTab.java:993) ~[filemanager.jar:?]
	at com.st.microxplorer.plugins.projectmanager.gui.ProjectChoiceTab.buildLinkSettingsPanel(ProjectChoiceTab.java:3813) ~[filemanager.jar:?]
	at com.st.microxplorer.plugins.projectmanager.gui.ProjectChoiceTab.defineWindowsFields(ProjectChoiceTab.java:1987) ~[filemanager.jar:?]
	at com.st.microxplorer.plugins.projectmanager.gui.ProjectChoiceTab.updateSettings(ProjectChoiceTab.java:558) ~[filemanager.jar:?]
	at com.st.microxplorer.plugins.projectmanager.gui.ProjectSettingsPanel.UpdateDialog(ProjectSettingsPanel.java:247) ~[filemanager.jar:?]
	at com.st.microxplorer.plugins.projectmanager.ProjectManagerView.propertyChange(ProjectManagerView.java:392) ~[filemanager.jar:?]
	at java.beans.PropertyChangeSupport.fire(PropertyChangeSupport.java:343) ~[?:?]
	at java.beans.PropertyChangeSupport.firePropertyChange(PropertyChangeSupport.java:335) ~[?:?]
	at java.beans.PropertyChangeSupport.firePropertyChange(PropertyChangeSupport.java:268) ~[?:?]
	at com.st.microxplorer.util.MXPropertyChangeSupport.firePropertyChange(MXPropertyChangeSupport.java:54) ~[STM32CubeMX.jar:?]
	at com.st.microxplorer.mxsystem.MxSystem.closeConfig(MxSystem.java:899) ~[STM32CubeMX.jar:?]
	at com.st.microxplorer.maingui.MainPanel.closeConfig(MainPanel.java:792) ~[STM32CubeMX.jar:?]
	at com.st.microxplorer.plugins.filemanager.engine.OpenFileManager.loadConfigurationFile(OpenFileManager.java:288) ~[filemanager.jar:?]
	at com.st.microxplorer.plugins.filemanager.engine.MainFileManager.userLoadConfig(MainFileManager.java:364) ~[filemanager.jar:?]
	at com.st.microxplorer.plugins.filemanager.engine.MainFileManager.userLoadConfig(MainFileManager.java:342) ~[filemanager.jar:?]
	at com.st.microxplorer.plugins.filemanager.FileManagerView.getSpecificTask(FileManagerView.java:264) ~[filemanager.jar:?]
	at com.st.stm32cube.common.mx.editor.CubeMxEditor.getMxTabbedPaneInstance(CubeMxEditor.java:1198) ~[com.st.stm32cube.common.mx_6.15.0.202507011659/:?]
	at com.st.stm32cube.common.mx.editor.CubeMxEditor$12$1.createSwingComponent(CubeMxEditor.java:1068) ~[com.st.stm32cube.common.mx_6.15.0.202507011659/:?]
	at com.st.stm32cube.common.mx.oss.core.awtswtbridge.EmbeddedSwingComposite.doComponentCreation(EmbeddedSwingComposite.java:492) ~[com.st.stm32cube.common.mx.oss_6.15.0.202507011659/:?]
	at com.st.stm32cube.common.mx.oss.core.awtswtbridge.EmbeddedSwingComposite$4.run(EmbeddedSwingComposite.java:291) ~[com.st.stm32cube.common.mx.oss_6.15.0.202507011659/:?]
	at com.st.stm32cube.common.mx.oss.core.awtswtbridge.AwtEnvironment$2.run(AwtEnvironment.java:166) ~[com.st.stm32cube.common.mx.oss_6.15.0.202507011659/:?]
	at java.awt.event.InvocationEvent.dispatch(InvocationEvent.java:318) ~[?:?]
	at java.awt.EventQueue.dispatchEventImpl(EventQueue.java:773) ~[?:?]
	at java.awt.EventQueue$4.run(EventQueue.java:720) ~[?:?]
	at java.awt.EventQueue$4.run(EventQueue.java:714) ~[?:?]
	at java.security.AccessController.doPrivileged(AccessController.java:400) ~[?:?]
	at java.security.ProtectionDomain$JavaSecurityAccessImpl.doIntersectionPrivilege(ProtectionDomain.java:87) ~[?:?]
	at java.awt.EventQueue.dispatchEvent(EventQueue.java:742) ~[?:?]
	at java.awt.EventDispatchThread.pumpOneEventForFilters(EventDispatchThread.java:203) ~[?:?]
	at java.awt.EventDispatchThread.pumpEventsForFilter(EventDispatchThread.java:124) ~[?:?]
	at java.awt.EventDispatchThread.pumpEventsForHierarchy(EventDispatchThread.java:113) ~[?:?]
	at java.awt.EventDispatchThread.pumpEvents(EventDispatchThread.java:109) ~[?:?]
	at java.awt.EventDispatchThread.pumpEvents(EventDispatchThread.java:101) ~[?:?]
	at java.awt.EventDispatchThread.run(EventDispatchThread.java:90) ~[?:?]
2025-11-06 12:31:52,844 [WARN] ThirdParty:871 - waiting for thirdparty lock release [close project]
2025-11-06 12:31:52,844 [INFO] ThirdParty:873 - entering critical section [close project]
2025-11-06 12:31:52,846 [INFO] ThirdParty:883 - exiting critical section [close project]
2025-11-06 12:31:52,852 [INFO] PinOutPanel:1589 - setPackage(No Configuration,No Configuration)
2025-11-06 12:31:52,874 [INFO] UtilMem:75 - Begin LoadConfig() Used Memory: 550155936 Bytes (1073741824)
2025-11-06 12:31:52,876 [INFO] MicroXplorer:468 - Change Database Path : 
2025-11-06 12:31:52,876 [INFO] MicroXplorer:498 - Change Database Version : DB.6.0.150
2025-11-06 12:31:52,876 [INFO] OpenFileManager:355 - Change cursor
2025-11-06 12:31:52,896 [INFO] Mcu:2029 - Initializing MCU STM32G474R(B-C-E)Tx STM32G474RETx STM32G474RET6
2025-11-06 12:31:58,152 [INFO] Context:786 - Trying to add GPIOservice into a context  which must be forbidden
2025-11-06 12:31:59,422 [INFO] ApiDbMcu:532 - Load IP Config File for NUCLEO-G474RE
2025-11-06 12:31:59,639 [INFO] ImportTextPane:234 - (OptionalMessage_ERROR) Pin21 (VP_RIF_VS_RIF1) cannot be retrieved for this MCU
2025-11-06 12:31:59,730 [INFO] RtosManager:558 - Registered RTOS mode: class=CMSIS, group=RTOS, mode=CMSIS_V1, owner=FREERTOS
2025-11-06 12:31:59,730 [INFO] RtosManager:558 - Registered RTOS mode: class=CMSIS, group=RTOS2, mode=CMSIS_V2, owner=FREERTOS
2025-11-06 12:31:59,730 [INFO] RtosManager:558 - Registered RTOS mode: class=RTOS, group=Core, mode=CMSIS_V1, owner=FREERTOS
2025-11-06 12:31:59,730 [INFO] RtosManager:558 - Registered RTOS mode: class=RTOS, group=Core, mode=CMSIS_V2, owner=FREERTOS
2025-11-06 12:31:59,730 [WARN] ModelIntegratedComponent:184 - Missing modes for component STMicroelectronics:FreeRTOS:0.0.1:STMicroelectronics:RTOS:FreeRTOS:Core:::10.2.0:
2025-11-06 12:31:59,733 [WARN] ModelIntegratedComponent:63 - No mode defined for component null
2025-11-06 12:31:59,733 [WARN] ModelIntegratedComponent:63 - No mode defined for component null
2025-11-06 12:31:59,733 [WARN] ModelIntegratedComponent:63 - No mode defined for component null
2025-11-06 12:31:59,733 [WARN] ModelIntegratedComponent:63 - No mode defined for component null
2025-11-06 12:31:59,733 [WARN] ModelIntegratedComponent:63 - No mode defined for component null
2025-11-06 12:31:59,733 [WARN] ModelIntegratedComponent:63 - No mode defined for component null
2025-11-06 12:31:59,733 [WARN] ModelIntegratedComponent:63 - No mode defined for component null
2025-11-06 12:31:59,733 [WARN] ModelIntegratedComponent:63 - No mode defined for component null
2025-11-06 12:31:59,733 [WARN] ModelIntegratedComponent:63 - No mode defined for component null
2025-11-06 12:31:59,733 [WARN] ModelIntegratedComponent:63 - No mode defined for component null
2025-11-06 12:31:59,733 [WARN] ModelIntegratedComponent:63 - No mode defined for component null
2025-11-06 12:31:59,733 [WARN] ModelIntegratedComponent:63 - No mode defined for component null
2025-11-06 12:31:59,733 [WARN] ModelIntegratedComponent:63 - No mode defined for component null
2025-11-06 12:31:59,733 [WARN] ModelIntegratedComponent:63 - No mode defined for component null
2025-11-06 12:31:59,733 [WARN] ModelIntegratedComponent:63 - No mode defined for component null
2025-11-06 12:31:59,733 [WARN] ModelIntegratedComponent:63 - No mode defined for component null
2025-11-06 12:31:59,733 [WARN] ModelIntegratedComponent:63 - No mode defined for component null
2025-11-06 12:31:59,733 [WARN] ModelIntegratedComponent:63 - No mode defined for component null
2025-11-06 12:31:59,733 [WARN] ModelIntegratedComponent:63 - No mode defined for component null
2025-11-06 12:31:59,733 [WARN] ModelIntegratedComponent:63 - No mode defined for component null
2025-11-06 12:31:59,733 [WARN] ModelIntegratedComponent:63 - No mode defined for component null
2025-11-06 12:31:59,733 [WARN] ModelIntegratedComponent:63 - No mode defined for component null
2025-11-06 12:31:59,733 [WARN] ModelIntegratedComponent:63 - No mode defined for component null
2025-11-06 12:31:59,733 [WARN] ModelIntegratedComponent:63 - No mode defined for component null
2025-11-06 12:31:59,733 [WARN] ModelIntegratedComponent:63 - No mode defined for component null
2025-11-06 12:31:59,733 [WARN] ModelIntegratedComponent:63 - No mode defined for component null
2025-11-06 12:31:59,733 [WARN] ModelIntegratedComponent:63 - No mode defined for component null
2025-11-06 12:31:59,733 [WARN] ModelIntegratedComponent:63 - No mode defined for component null
2025-11-06 12:31:59,733 [WARN] ModelIntegratedComponent:63 - No mode defined for component null
2025-11-06 12:31:59,733 [WARN] ModelIntegratedComponent:63 - No mode defined for component null
2025-11-06 12:31:59,733 [WARN] ModelIntegratedComponent:63 - No mode defined for component null
2025-11-06 12:31:59,733 [WARN] ModelIntegratedComponent:63 - No mode defined for component null
2025-11-06 12:31:59,733 [WARN] ModelIntegratedComponent:63 - No mode defined for component null
2025-11-06 12:31:59,734 [WARN] ModelIntegratedComponent:63 - No mode defined for component null
2025-11-06 12:31:59,734 [WARN] ModelIntegratedComponent:63 - No mode defined for component null
2025-11-06 12:31:59,734 [WARN] ModelPack:524 - Component already loaded: STMicroelectronics:HAL Drivers:0.0.0:STMicroelectronics:Device:STMicro_Driver:XSPI:HAL::0.0.1:HAL_XSPI
2025-11-06 12:31:59,903 [INFO] ThirdPartyModel:298 - Start build external matchings
2025-11-06 12:32:01,582 [INFO] ThirdPartyModel:316 - End build external matchings
2025-11-06 12:32:01,626 [INFO] ImportTextPane:234 - (OptionalMessage_ERROR) IP (RCC) : Invalid parameter (FamilyName)
2025-11-06 12:32:01,627 [INFO] ImportTextPane:234 - (OptionalMessage_ERROR) IP (RCC) : Parameter (RNGFreq_Value) has invalid value (170000000)
2025-11-06 12:32:01,628 [INFO] ImportTextPane:234 - (OptionalMessage_ERROR) IP (RCC) : Parameter (USBFreq_Value) has invalid value (170000000)
2025-11-06 12:32:02,202 [INFO] UtilMem:75 - End LoadConfig() Used Memory: 504462544 Bytes (1073741824)
2025-11-06 12:32:02,411 [WARN] ThirdParty:833 - waiting for thirdparty lock release [change project]
2025-11-06 12:32:02,412 [INFO] ThirdParty:835 - entering critical section [change project]
2025-11-06 12:32:02,413 [INFO] ThirdParty:1030 - CMSIS Pack Vendor :STMicroelectronics X-CUBE-PM33A1 1.0.0
2025-11-06 12:32:02,413 [INFO] ThirdParty:1030 - CMSIS Pack Vendor :STMicroelectronics USBPD 4.1
2025-11-06 12:32:02,413 [INFO] ThirdParty:1030 - CMSIS Pack Vendor :STMicroelectronics X-CUBE-GNSS1 6.0.0
2025-11-06 12:32:02,413 [INFO] ThirdParty:1030 - CMSIS Pack Vendor :STMicroelectronics USB_HOST 2.0.0
2025-11-06 12:32:02,413 [INFO] ThirdParty:1030 - CMSIS Pack Vendor :STMicroelectronics FP-SNS-MOTENVWB1 1.4.0
2025-11-06 12:32:02,413 [INFO] ThirdParty:1030 - CMSIS Pack Vendor :STMicroelectronics X-CUBE-AZRTOS-F4 1.1.0
2025-11-06 12:32:02,413 [INFO] ThirdParty:1030 - CMSIS Pack Vendor :STMicroelectronics LIBJPEG 8.0.0
2025-11-06 12:32:02,413 [INFO] ThirdParty:1030 - CMSIS Pack Vendor :STMicroelectronics FP-ATR-ASTRA1 2.0.2
2025-11-06 12:32:02,413 [INFO] ThirdParty:1030 - CMSIS Pack Vendor :STMicroelectronics FP-ATR-ASTRA1 2.0.1
2025-11-06 12:32:02,413 [INFO] ThirdParty:1030 - CMSIS Pack Vendor :Avnet-IotConnect X-CUBE-IoTC-DA16k-PMOD 1.0.0
2025-11-06 12:32:02,413 [INFO] ThirdParty:1030 - CMSIS Pack Vendor :STMicroelectronics X-CUBE-SMBUS 2.1.0
2025-11-06 12:32:02,413 [INFO] ThirdParty:1030 - CMSIS Pack Vendor :STMicroelectronics X-CUBE-WB05N 1.1.0
2025-11-06 12:32:02,413 [INFO] ThirdParty:1030 - CMSIS Pack Vendor :STMicroelectronics X-CUBE-ISPU 2.1.0
2025-11-06 12:32:02,413 [INFO] ThirdParty:1030 - CMSIS Pack Vendor :STMicroelectronics X-CUBE-IPS 3.2.0
2025-11-06 12:32:02,413 [INFO] ThirdParty:1030 - CMSIS Pack Vendor :STMicroelectronics X-CUBE-FREERTOS 1.2.0
2025-11-06 12:32:02,413 [INFO] ThirdParty:1030 - CMSIS Pack Vendor :wolfSSL I-CUBE-wolfSSL 5.6.6
2025-11-06 12:32:02,413 [INFO] ThirdParty:1030 - CMSIS Pack Vendor :STMicroelectronics X-CUBE-ST60 1.0.0
2025-11-06 12:32:02,413 [INFO] ThirdParty:1030 - CMSIS Pack Vendor :STMicroelectronics X-CUBE-TOUCHGFX 4.23.1
2025-11-06 12:32:02,413 [INFO] ThirdParty:1030 - CMSIS Pack Vendor :STMicroelectronics X-CUBE-TOUCHGFX 4.23.0
2025-11-06 12:32:02,413 [INFO] ThirdParty:1030 - CMSIS Pack Vendor :STMicroelectronics X-CUBE-NFC12 1.0.0
2025-11-06 12:32:02,413 [INFO] ThirdParty:1030 - CMSIS Pack Vendor :STMicroelectronics X-CUBE-TOUCHGFX 4.23.2
2025-11-06 12:32:02,413 [INFO] ThirdParty:1030 - CMSIS Pack Vendor :STMicroelectronics X-CUBE-AZRTOS-F7 1.1.0
2025-11-06 12:32:02,413 [INFO] ThirdParty:1030 - CMSIS Pack Vendor :STMicroelectronics X-CUBE-AZRTOS-L5 2.0.0
2025-11-06 12:32:02,413 [INFO] ThirdParty:1030 - CMSIS Pack Vendor :STMicroelectronics USB_DEVICE 2.0.0
2025-11-06 12:32:02,413 [INFO] ThirdParty:1030 - CMSIS Pack Vendor :STMicroelectronics X-CUBE-NFC6 3.1.0
2025-11-06 12:32:02,413 [INFO] ThirdParty:1030 - CMSIS Pack Vendor :ITTIA_DB I-CUBE-ITTIADB 8.8.0
2025-11-06 12:32:02,414 [INFO] ThirdParty:1030 - CMSIS Pack Vendor :STMicroelectronics FP-SNS-MOTENV1 4.3.2
2025-11-06 12:32:02,414 [INFO] ThirdParty:1030 - CMSIS Pack Vendor :STMicroelectronics X-CUBE-MEMS1 11.0.0
2025-11-06 12:32:02,414 [INFO] ThirdParty:1030 - CMSIS Pack Vendor :STMicroelectronics FP-SNS-MOTENV1 5.1.0
2025-11-06 12:32:02,414 [INFO] ThirdParty:1030 - CMSIS Pack Vendor :STMicroelectronics FreeRTOS 0.0.1
2025-11-06 12:32:02,414 [INFO] ThirdParty:1030 - CMSIS Pack Vendor :STMicroelectronics X-CUBE-DPower 1.2.0
2025-11-06 12:32:02,414 [INFO] ThirdParty:1030 - CMSIS Pack Vendor :STMicroelectronics FP-SNS-FLIGHT1 5.0.2
2025-11-06 12:32:02,414 [INFO] ThirdParty:1030 - CMSIS Pack Vendor :STMicroelectronics X-CUBE-AI 9.0.0
2025-11-06 12:32:02,414 [INFO] ThirdParty:1030 - CMSIS Pack Vendor :STMicroelectronics PDM2PCM 3.3.0
2025-11-06 12:32:02,414 [INFO] ThirdParty:1030 - CMSIS Pack Vendor :STMicroelectronics X-CUBE-AZRTOS-H7 3.4.0
2025-11-06 12:32:02,414 [INFO] ThirdParty:1030 - CMSIS Pack Vendor :STMicroelectronics X-CUBE-DISPLAY 3.0.0
2025-11-06 12:32:02,414 [INFO] ThirdParty:1030 - CMSIS Pack Vendor :STMicroelectronics X-CUBE-BLE1 7.0.0
2025-11-06 12:32:02,414 [INFO] ThirdParty:1030 - CMSIS Pack Vendor :STMicroelectronics X-CUBE-NFC10 1.0.0
2025-11-06 12:32:02,414 [INFO] ThirdParty:1030 - CMSIS Pack Vendor :STMicroelectronics X-CUBE-BLEMGR 4.0.0
2025-11-06 12:32:02,414 [INFO] ThirdParty:1030 - CMSIS Pack Vendor :STMicroelectronics X-CUBE-FREERTOS 1.3.1
2025-11-06 12:32:02,414 [INFO] ThirdParty:1030 - CMSIS Pack Vendor :STMicroelectronics HAL Drivers 0.0.0
2025-11-06 12:32:02,414 [INFO] ThirdParty:1030 - CMSIS Pack Vendor :STMicroelectronics X-CUBE-ST60 1.1.0
2025-11-06 12:32:02,414 [INFO] ThirdParty:1030 - CMSIS Pack Vendor :emotas I-CUBE-CANOPEN 1.3.0
2025-11-06 12:32:02,414 [INFO] ThirdParty:1030 - CMSIS Pack Vendor :STMicroelectronics X-CUBE-FREERTOS 1.3.0
2025-11-06 12:32:02,414 [INFO] ThirdParty:1030 - CMSIS Pack Vendor :STMicroelectronics X-CUBE-NFC7 1.0.1
2025-11-06 12:32:02,414 [INFO] ThirdParty:1030 - CMSIS Pack Vendor :STMicroelectronics MBEDTLS 2.14.1
2025-11-06 12:32:02,414 [INFO] ThirdParty:1030 - CMSIS Pack Vendor :STMicroelectronics X-CUBE-GNSS1 7.1.0
2025-11-06 12:32:02,414 [INFO] ThirdParty:1030 - CMSIS Pack Vendor :STMicroelectronics X-CUBE-TOUCHGFX 4.26.0
2025-11-06 12:32:02,414 [INFO] ThirdParty:1030 - CMSIS Pack Vendor :STMicroelectronics X-CUBE-NFC6 3.0.0
2025-11-06 12:32:02,414 [INFO] ThirdParty:1030 - CMSIS Pack Vendor :STMicroelectronics X-CUBE-BLEMGR 3.1.0
2025-11-06 12:32:02,414 [INFO] ThirdParty:1030 - CMSIS Pack Vendor :STMicroelectronics X-CUBE-AI 10.0.0
2025-11-06 12:32:02,414 [INFO] ThirdParty:1030 - CMSIS Pack Vendor :STMicroelectronics FP-SNS-STBOX1 2.1.0
2025-11-06 12:32:02,414 [INFO] ThirdParty:1030 - CMSIS Pack Vendor :STMicroelectronics FP-SNS-STAIOTCFT 1.0.0
2025-11-06 12:32:02,414 [INFO] ThirdParty:1030 - CMSIS Pack Vendor :STMicroelectronics FP-SNS-SMARTAG2 1.2.0
2025-11-06 12:32:02,414 [INFO] ThirdParty:1030 - CMSIS Pack Vendor :STMicroelectronics FP-SNS-FLIGHT1 5.1.0
2025-11-06 12:32:02,414 [INFO] ThirdParty:1030 - CMSIS Pack Vendor :STMicroelectronics X-CUBE-MEMS1 11.1.0
2025-11-06 12:32:02,414 [INFO] ThirdParty:1030 - CMSIS Pack Vendor :STMicroelectronics X-CUBE-AZRTOS-WL 2.0.0
2025-11-06 12:32:02,414 [INFO] ThirdParty:1030 - CMSIS Pack Vendor :STMicroelectronics X-CUBE-DPower 1.3.0
2025-11-06 12:32:02,414 [INFO] ThirdParty:1030 - CMSIS Pack Vendor :STMicroelectronics FP-SNS-MOTENV1 5.0.0
2025-11-06 12:32:02,414 [INFO] ThirdParty:1030 - CMSIS Pack Vendor :STMicroelectronics USB_DEVICE 1.0.0
2025-11-06 12:32:02,414 [INFO] ThirdParty:1030 - CMSIS Pack Vendor :STMicroelectronics X-CUBE-AI 8.1.0
2025-11-06 12:32:02,414 [INFO] ThirdParty:1030 - CMSIS Pack Vendor :wolfSSL I-CUBE-wolfMQTT 1.19.0
2025-11-06 12:32:02,414 [INFO] ThirdParty:1030 - CMSIS Pack Vendor :STMicroelectronics X-CUBE-AZRTOS-L4 2.0.0
2025-11-06 12:32:02,414 [INFO] ThirdParty:1030 - CMSIS Pack Vendor :STMicroelectronics ThreadX 0.0.2
2025-11-06 12:32:02,414 [INFO] ThirdParty:1030 - CMSIS Pack Vendor :WES I-CUBE-Cesium 1.3.0
2025-11-06 12:32:02,414 [INFO] ThirdParty:1030 - CMSIS Pack Vendor :STMicroelectronics lwIP 2.1.2
2025-11-06 12:32:02,414 [INFO] ThirdParty:1030 - CMSIS Pack Vendor :STMicroelectronics X-CUBE-SFXS2LP1 4.0.0
2025-11-06 12:32:02,414 [INFO] ThirdParty:1030 - CMSIS Pack Vendor :STMicroelectronics X-CUBE-BLE2 3.3.0
2025-11-06 12:32:02,415 [INFO] ThirdParty:1030 - CMSIS Pack Vendor :STMicroelectronics PDM2PCM 3.2.0
2025-11-06 12:32:02,415 [INFO] ThirdParty:1030 - CMSIS Pack Vendor :STMicroelectronics X-CUBE-AZRTOS-H7 3.3.0
2025-11-06 12:32:02,415 [INFO] ThirdParty:1030 - CMSIS Pack Vendor :STMicroelectronics X-CUBE-NFC9 1.0.0
2025-11-06 12:32:02,415 [INFO] ThirdParty:1030 - CMSIS Pack Vendor :STMicroelectronics X-CUBE-BLE1 7.1.0
2025-11-06 12:32:02,415 [INFO] ThirdParty:1030 - CMSIS Pack Vendor :STMicroelectronics USB_DEVICE 3.0.0
2025-11-06 12:32:02,415 [INFO] ThirdParty:1030 - CMSIS Pack Vendor :STMicroelectronics X-CUBE-TCPP 4.1.0
2025-11-06 12:32:02,415 [INFO] ThirdParty:1030 - CMSIS Pack Vendor :STMicroelectronics X-CUBE-EEPRMA1 5.2.0
2025-11-06 12:32:02,415 [INFO] ThirdParty:1030 - CMSIS Pack Vendor :STMicroelectronics X-CUBE-BLEMGR 4.1.0
2025-11-06 12:32:02,415 [INFO] ThirdParty:1030 - CMSIS Pack Vendor :STMicroelectronics X-CUBE-IPS 3.0.0
2025-11-06 12:32:02,415 [INFO] ThirdParty:1030 - CMSIS Pack Vendor :STMicroelectronics X-CUBE-AZRTOS-WB 2.0.0
2025-11-06 12:32:02,415 [INFO] ThirdParty:1030 - CMSIS Pack Vendor :STMicroelectronics X-CUBE-GNSS1 7.0.0
2025-11-06 12:32:02,415 [INFO] ThirdParty:1030 - CMSIS Pack Vendor :STMicroelectronics X-CUBE-GNSS1 7.0.1
2025-11-06 12:32:02,415 [INFO] ThirdParty:1030 - CMSIS Pack Vendor :STMicroelectronics X-CUBE-TOUCHGFX 4.25.0
2025-11-06 12:32:02,415 [INFO] ThirdParty:1030 - CMSIS Pack Vendor :STMicroelectronics X-CUBE-ST67W61 1.1.0
2025-11-06 12:32:02,415 [INFO] ThirdParty:1030 - CMSIS Pack Vendor :STMicroelectronics X-CUBE-AI 10.1.0
2025-11-06 12:32:02,415 [INFO] ThirdParty:1030 - CMSIS Pack Vendor :STMicroelectronics FP-SNS-STBOX1 2.0.0
2025-11-06 12:32:02,415 [INFO] ThirdParty:1030 - CMSIS Pack Vendor :STMicroelectronics X-CUBE-ALGOBUILD 1.3.0
2025-11-06 12:32:02,415 [INFO] ThirdParty:1030 - CMSIS Pack Vendor :STMicroelectronics X-CUBE-AZRTOS-G0 1.1.0
2025-11-06 12:32:02,415 [INFO] ThirdParty:1030 - CMSIS Pack Vendor :STMicroelectronics X-CUBE-SAFEA1 1.2.2
2025-11-06 12:32:02,415 [INFO] ThirdParty:1030 - CMSIS Pack Vendor :STMicroelectronics X-CUBE-NFC4 3.0.0
2025-11-06 12:32:02,415 [INFO] ThirdParty:1030 - CMSIS Pack Vendor :STMicroelectronics X-CUBE-SUBG2 5.0.0
2025-11-06 12:32:02,415 [INFO] ThirdParty:1030 - CMSIS Pack Vendor :STMicroelectronics X-CUBE-AZRTOS-H7RS 1.1.0
2025-11-06 12:32:02,415 [INFO] ThirdParty:1030 - CMSIS Pack Vendor :STMicroelectronics STM32_WPAN 1.0.0
2025-11-06 12:32:02,415 [INFO] ThirdParty:1030 - CMSIS Pack Vendor :EmbeddedOffice I-CUBE-FS-RTOS 1.0.1
2025-11-06 12:32:02,415 [INFO] ThirdParty:1030 - CMSIS Pack Vendor :STMicroelectronics lwIP 2.0.3
2025-11-06 12:32:02,415 [INFO] ThirdParty:1030 - CMSIS Pack Vendor :STMicroelectronics USB_HOST 1.0.0
2025-11-06 12:32:02,415 [INFO] ThirdParty:1030 - CMSIS Pack Vendor :STMicroelectronics X-CUBE-AZRTOS-G4 2.0.0
2025-11-06 12:32:02,415 [INFO] ThirdParty:1030 - CMSIS Pack Vendor :STMicroelectronics X-CUBE-WB05N 2.0.0
2025-11-06 12:32:02,415 [INFO] ThirdParty:1030 - CMSIS Pack Vendor :STMicroelectronics PDM2PCM 3.1.0
2025-11-06 12:32:02,415 [INFO] ThirdParty:1030 - CMSIS Pack Vendor :Infineon AIROC-Wi-Fi-Bluetooth-STM32 1.5.1
2025-11-06 12:32:02,415 [INFO] ThirdParty:1030 - CMSIS Pack Vendor :STMicroelectronics X-CUBE-NFC7 2.0.0
2025-11-06 12:32:02,415 [INFO] ThirdParty:1030 - CMSIS Pack Vendor :STMicroelectronics X-CUBE-TCPP 4.2.0
2025-11-06 12:32:02,415 [INFO] ThirdParty:1030 - CMSIS Pack Vendor :RealThread X-CUBE-RT-Thread_Nano 4.1.1
2025-11-06 12:32:02,415 [INFO] ThirdParty:1030 - CMSIS Pack Vendor :STMicroelectronics FP-SNS-MOTENVWB1 1.3.1
2025-11-06 12:32:02,415 [INFO] ThirdParty:1030 - CMSIS Pack Vendor :STMicroelectronics FP-ATR-SIGFOX1 3.2.0
2025-11-06 12:32:02,415 [INFO] ThirdParty:1030 - CMSIS Pack Vendor :quantropi X-CUBE-qispace-sdk-base 1.9.3
2025-11-06 12:32:02,415 [INFO] ThirdParty:1030 - CMSIS Pack Vendor :STMicroelectronics X-CUBE-ISPU 2.0.0
2025-11-06 12:32:02,415 [INFO] ThirdParty:1030 - CMSIS Pack Vendor :STMicroelectronics X-CUBE-EEPRMA1 5.1.0
2025-11-06 12:32:02,415 [INFO] ThirdParty:1030 - CMSIS Pack Vendor :STMicroelectronics MBEDTLS 2.16.2
2025-11-06 12:32:02,415 [INFO] ThirdParty:1030 - CMSIS Pack Vendor :STMicroelectronics X-CUBE-IPS 3.1.0
2025-11-06 12:32:02,415 [INFO] ThirdParty:1030 - CMSIS Pack Vendor :STMicroelectronics X-CUBE-ALS 1.0.2
2025-11-06 12:32:02,416 [INFO] ThirdParty:1030 - CMSIS Pack Vendor :STMicroelectronics X-CUBE-MEMS1 10.0.0
2025-11-06 12:32:02,416 [INFO] ThirdParty:1030 - CMSIS Pack Vendor :STMicroelectronics X-CUBE-FREERTOS 1.1.0
2025-11-06 12:32:02,416 [INFO] ThirdParty:1030 - CMSIS Pack Vendor :STMicroelectronics X-CUBE-TOUCHGFX 4.24.0
2025-11-06 12:32:02,416 [INFO] ThirdParty:1030 - CMSIS Pack Vendor :STMicroelectronics X-CUBE-TOUCHGFX 4.24.1
2025-11-06 12:32:02,416 [INFO] ThirdParty:1030 - CMSIS Pack Vendor :STMicroelectronics X-CUBE-STSE01 1.0.0
2025-11-06 12:32:02,416 [INFO] ThirdParty:1030 - CMSIS Pack Vendor :wolfSSL I-CUBE-wolfTPM 3.4.0
2025-11-06 12:32:02,416 [INFO] ThirdParty:1030 - CMSIS Pack Vendor :portGmbH I-Cube-SoM-uGOAL 1.1.0
2025-11-06 12:32:02,416 [INFO] ThirdParty:1030 - CMSIS Pack Vendor :STMicroelectronics X-CUBE-ALS 1.0.1
2025-11-06 12:32:02,416 [INFO] ThirdParty:1030 - CMSIS Pack Vendor :STMicroelectronics X-CUBE-ST67W61 1.0.0
2025-11-06 12:32:02,416 [INFO] ThirdParty:1030 - CMSIS Pack Vendor :STMicroelectronics X-CUBE-AI 10.2.0
2025-11-06 12:32:02,416 [INFO] ThirdParty:1030 - CMSIS Pack Vendor :STMicroelectronics ThreadX 1.0.0
2025-11-06 12:32:02,416 [INFO] ThirdParty:1030 - CMSIS Pack Vendor :SEGGER I-CUBE-embOS 1.3.1
2025-11-06 12:32:02,416 [INFO] ThirdParty:1030 - CMSIS Pack Vendor :STMicroelectronics X-CUBE-ALGOBUILD 1.4.0
2025-11-06 12:32:02,416 [INFO] ThirdParty:1030 - CMSIS Pack Vendor :STMicroelectronics X-CUBE-MEMS1 11.3.0
2025-11-06 12:32:02,416 [INFO] ThirdParty:1030 - CMSIS Pack Vendor :STMicroelectronics X-CUBE-AZRTOS-H7RS 1.0.0
2025-11-06 12:32:02,416 [INFO] ThirdParty:1030 - CMSIS Pack Vendor :STMicroelectronics FP-ATR-ASTRA1 2.0.0
2025-11-06 12:32:02,416 [INFO] ThirdParty:1030 - CMSIS Pack Vendor :STMicroelectronics X-CUBE-TOF1 3.4.2
2025-11-06 12:32:02,416 [INFO] ThirdParty:1030 - CMSIS Pack Vendor :STMicroelectronics X-CUBE-TOF1 3.4.3
2025-11-06 12:32:02,416 [INFO] ThirdParty:1030 - CMSIS Pack Vendor :STMicroelectronics X-CUBE-AI 9.1.0
2025-11-06 12:32:02,417 [INFO] ThirdParty:1030 - CMSIS Pack Vendor :STMicroelectronics X-CUBE-TOF1 3.4.1
2025-11-06 12:32:02,417 [INFO] ThirdParty:1030 - CMSIS Pack Vendor :STMicroelectronics X-CUBE-AZRTOS-H7 3.2.0
2025-11-06 12:32:02,417 [INFO] ThirdParty:1030 - CMSIS Pack Vendor :wolfSSL I-CUBE-wolfSSH 1.4.17
2025-11-06 12:32:02,417 [INFO] ThirdParty:841 - exiting critical section [change project]
2025-11-06 12:32:03,083 [INFO] PinOutPanel:1589 - setPackage(No Configuration,No Configuration)
2025-11-06 12:32:03,084 [INFO] PinOutPanel:1589 - setPackage(STM32G474RETx,LQFP64)
2025-11-06 12:32:03,597 [INFO] UtilMem:75 - Before build in PCC Used Memory: 735671320 Bytes (1073741824)
2025-11-06 12:32:04,558 [INFO] UtilMem:75 - After build in PCC Used Memory: 845249560 Bytes (1073741824)
2025-11-06 12:32:04,591 [INFO] ApiDbMcu:532 - Load IP Config File for FATFS
2025-11-06 12:32:04,633 [INFO] IPUIPlugin:80 - create IPUIPlugin
2025-11-06 12:32:04,633 [INFO] IPUIPlugin:80 - create IPUIPlugin
2025-11-06 12:32:04,633 [INFO] IPUIPlugin:80 - create IPUIPlugin
2025-11-06 12:32:04,633 [INFO] IPUIPlugin:80 - create IPUIPlugin
2025-11-06 12:32:04,633 [INFO] IPUIPlugin:80 - create IPUIPlugin
2025-11-06 12:32:04,633 [INFO] IPUIPlugin:80 - create IPUIPlugin
2025-11-06 12:32:04,633 [INFO] IPUIPlugin:80 - create IPUIPlugin
2025-11-06 12:32:04,633 [INFO] IPUIPlugin:80 - create IPUIPlugin
2025-11-06 12:32:04,634 [INFO] IPUIPlugin:80 - create IPUIPlugin
2025-11-06 12:32:04,634 [INFO] IPUIPlugin:80 - create IPUIPlugin
2025-11-06 12:32:04,634 [INFO] IPUIPlugin:80 - create IPUIPlugin
2025-11-06 12:32:04,634 [INFO] IPUIPlugin:80 - create IPUIPlugin
2025-11-06 12:32:04,634 [INFO] IPUIPlugin:80 - create IPUIPlugin
2025-11-06 12:32:04,634 [INFO] IPUIPlugin:80 - create IPUIPlugin
2025-11-06 12:32:04,634 [INFO] IPUIPlugin:80 - create IPUIPlugin
2025-11-06 12:32:04,634 [INFO] IPUIPlugin:80 - create IPUIPlugin
2025-11-06 12:32:04,634 [INFO] IPUIPlugin:80 - create IPUIPlugin
2025-11-06 12:32:04,634 [INFO] IPUIPlugin:80 - create IPUIPlugin
2025-11-06 12:32:04,634 [INFO] IPUIPlugin:80 - create IPUIPlugin
2025-11-06 12:32:04,635 [INFO] IPUIPlugin:80 - create IPUIPlugin
2025-11-06 12:32:04,635 [INFO] IPUIPlugin:80 - create IPUIPlugin
2025-11-06 12:32:04,635 [INFO] IPUIPlugin:80 - create IPUIPlugin
2025-11-06 12:32:04,635 [INFO] IPUIPlugin:80 - create IPUIPlugin
2025-11-06 12:32:04,635 [INFO] IPUIPlugin:80 - create IPUIPlugin
2025-11-06 12:32:04,635 [INFO] IPUIPlugin:80 - create IPUIPlugin
2025-11-06 12:32:04,635 [INFO] IPUIPlugin:80 - create IPUIPlugin
2025-11-06 12:32:04,635 [INFO] IPUIPlugin:80 - create IPUIPlugin
2025-11-06 12:32:04,635 [INFO] IPUIPlugin:80 - create IPUIPlugin
2025-11-06 12:32:04,635 [INFO] IPUIPlugin:80 - create IPUIPlugin
2025-11-06 12:32:04,635 [INFO] IPUIPlugin:80 - create IPUIPlugin
2025-11-06 12:32:04,635 [INFO] IPUIPlugin:80 - create IPUIPlugin
2025-11-06 12:32:04,636 [INFO] IPUIPlugin:80 - create IPUIPlugin
2025-11-06 12:32:04,636 [INFO] IPUIPlugin:80 - create IPUIPlugin
2025-11-06 12:32:04,636 [INFO] IPUIPlugin:80 - create IPUIPlugin
2025-11-06 12:32:04,636 [INFO] IPUIPlugin:80 - create IPUIPlugin
2025-11-06 12:32:04,636 [INFO] IPUIPlugin:80 - create IPUIPlugin
2025-11-06 12:32:04,636 [INFO] IPUIPlugin:80 - create IPUIPlugin
2025-11-06 12:32:04,637 [INFO] IPUIPlugin:80 - create IPUIPlugin
2025-11-06 12:32:04,637 [INFO] IPUIPlugin:80 - create IPUIPlugin
2025-11-06 12:32:04,637 [INFO] IPUIPlugin:80 - create IPUIPlugin
2025-11-06 12:32:04,637 [INFO] IPUIPlugin:80 - create IPUIPlugin
2025-11-06 12:32:04,637 [INFO] IPUIPlugin:80 - create IPUIPlugin
2025-11-06 12:32:04,637 [INFO] IPUIPlugin:80 - create IPUIPlugin
2025-11-06 12:32:04,638 [INFO] IPUIPlugin:80 - create IPUIPlugin
2025-11-06 12:32:04,638 [INFO] IPUIPlugin:80 - create IPUIPlugin
2025-11-06 12:32:04,638 [INFO] IPUIPlugin:80 - create IPUIPlugin
2025-11-06 12:32:04,638 [INFO] IPUIPlugin:80 - create IPUIPlugin
2025-11-06 12:32:04,638 [INFO] IPUIPlugin:80 - create IPUIPlugin
2025-11-06 12:32:04,640 [INFO] IPUIPlugin:80 - create IPUIPlugin
2025-11-06 12:32:04,640 [INFO] IPUIPlugin:80 - create IPUIPlugin
2025-11-06 12:32:04,640 [INFO] IPUIPlugin:80 - create IPUIPlugin
2025-11-06 12:32:04,640 [INFO] IPUIPlugin:80 - create IPUIPlugin
2025-11-06 12:32:04,640 [INFO] IPUIPlugin:80 - create IPUIPlugin
2025-11-06 12:32:04,640 [INFO] IPUIPlugin:80 - create IPUIPlugin
2025-11-06 12:32:04,640 [INFO] IPUIPlugin:80 - create IPUIPlugin
2025-11-06 12:32:04,640 [INFO] IPUIPlugin:80 - create IPUIPlugin
2025-11-06 12:32:04,641 [INFO] IPUIPlugin:80 - create IPUIPlugin
2025-11-06 12:32:04,641 [INFO] IPUIPlugin:80 - create IPUIPlugin
2025-11-06 12:32:04,641 [INFO] IPUIPlugin:80 - create IPUIPlugin
2025-11-06 12:32:04,641 [INFO] IPUIPlugin:80 - create IPUIPlugin
2025-11-06 12:32:04,641 [INFO] IPUIPlugin:80 - create IPUIPlugin
2025-11-06 12:32:04,643 [INFO] IPUIPlugin:80 - create IPUIPlugin
2025-11-06 12:32:04,643 [INFO] IPUIPlugin:80 - create IPUIPlugin
2025-11-06 12:32:04,643 [INFO] IPUIPlugin:80 - create IPUIPlugin
2025-11-06 12:32:04,643 [INFO] IPUIPlugin:80 - create IPUIPlugin
2025-11-06 12:32:04,643 [INFO] IPUIPlugin:80 - create IPUIPlugin
2025-11-06 12:32:04,643 [INFO] IPUIPlugin:80 - create IPUIPlugin
2025-11-06 12:32:04,643 [INFO] IPUIPlugin:80 - create IPUIPlugin
2025-11-06 12:32:04,643 [INFO] IPUIPlugin:80 - create IPUIPlugin
2025-11-06 12:32:04,644 [INFO] IPUIPlugin:80 - create IPUIPlugin
2025-11-06 12:32:04,644 [INFO] IPUIPlugin:80 - create IPUIPlugin
2025-11-06 12:32:04,644 [INFO] IPUIPlugin:80 - create IPUIPlugin
2025-11-06 12:32:04,644 [INFO] IPUIPlugin:80 - create IPUIPlugin
2025-11-06 12:32:04,645 [INFO] IPUIPlugin:80 - create IPUIPlugin
2025-11-06 12:32:04,645 [INFO] IPUIPlugin:80 - create IPUIPlugin
2025-11-06 12:32:04,645 [INFO] IPUIPlugin:80 - create IPUIPlugin
2025-11-06 12:32:04,646 [INFO] IPUIPlugin:80 - create IPUIPlugin
2025-11-06 12:32:04,646 [INFO] IPUIPlugin:80 - create IPUIPlugin
2025-11-06 12:32:04,799 [INFO] CADModel:165 - CPN selected for project levelSTM32G474RET6
2025-11-06 12:32:04,800 [INFO] CADModel:114 - Register for checkConnection events
2025-11-06 12:32:05,056 [INFO] OpenFileManager:386 - Restore cursor
2025-11-06 12:34:06,353 [INFO] NvicIntPanel:101 - NVIC parent = com.st.microxplorer.plugins.ip.nvic.MultiNvicIntPanel[,0,0,450x180,layout=javax.swing.BoxLayout,alignmentX=0.0,alignmentY=0.0,border=,flags=9,maximumSize=,minimumSize=,preferredSize=]
2025-11-06 12:34:07,982 [INFO] NvicIntPanel:101 - NVIC parent = com.st.microxplorer.plugins.ip.nvic.MultiNvicIntPanel[,0,0,0x0,invalid,layout=javax.swing.BoxLayout,alignmentX=0.0,alignmentY=0.0,border=,flags=9,maximumSize=,minimumSize=,preferredSize=]
2025-11-06 12:34:12,989 [INFO] NvicIntPanel:101 - NVIC parent = com.st.microxplorer.plugins.ip.nvic.MultiNvicIntPanel[,0,0,0x0,invalid,layout=javax.swing.BoxLayout,alignmentX=0.0,alignmentY=0.0,border=,flags=9,maximumSize=,minimumSize=,preferredSize=]
2025-11-06 12:34:15,288 [INFO] UtilMem:75 - End SaveConfig() Used Memory: 722980456 Bytes (1073741824)
2025-11-06 12:34:15,578 [INFO] UtilMem:75 - End SaveConfig() Used Memory: 746049128 Bytes (1073741824)
2025-11-06 12:34:16,784 [INFO] UtilMem:75 - End SaveConfig() Used Memory: 853525744 Bytes (1073741824)
2025-11-06 12:34:17,149 [INFO] BlockDiagram:2775 - set Specific Code input for plugin: SPI
2025-11-06 12:34:17,149 [INFO] BlockDiagram:2775 - set Specific Code input for plugin: TIM6_7G4
2025-11-06 12:34:17,149 [INFO] BlockDiagram:2775 - set Specific Code input for plugin: SYS
2025-11-06 12:34:17,149 [INFO] BlockDiagram:2775 - set Specific Code input for plugin: RCC
2025-11-06 12:34:17,149 [INFO] BlockDiagram:2775 - set Specific Code input for plugin: I2C
2025-11-06 12:34:17,149 [INFO] BlockDiagram:2775 - set Specific Code input for plugin: LPUART
2025-11-06 12:34:17,149 [INFO] BlockDiagram:2775 - set Specific Code input for plugin: NVIC
2025-11-06 12:34:17,149 [INFO] BlockDiagram:2775 - set Specific Code input for plugin: USART
2025-11-06 12:34:17,150 [INFO] BlockDiagram:2775 - set Specific Code input for plugin: GPIO
2025-11-06 12:34:17,150 [INFO] BlockDiagram:2775 - set Specific Code input for plugin: FATFS
2025-11-06 12:34:17,151 [INFO] CodeGenerator:892 - code generatio: config db path: C:\ST\STM32CubeIDE_1.19.0\STM32CubeIDE\plugins\com.st.stm32cube.common.mx_6.15.0.202507011659\\db\
2025-11-06 12:34:17,308 [INFO] CodeEngine:265 - oldGeneratedFile, C:\Users\jvmen\Documents\TG\code\AutoLogger\autoLoggerSDCard\MXTmpFiles\license.tmp_save
2025-11-06 12:34:17,846 [INFO] CodeEngine:289 - Generated code: C:\Users\jvmen\Documents\TG\code\AutoLogger\autoLoggerSDCard\MXTmpFiles\license.tmp
2025-11-06 12:34:17,989 [INFO] CodeEngine:265 - oldGeneratedFile, C:\Users\jvmen\Documents\TG\code\AutoLogger\autoLoggerSDCard\Core\Src\gpio.c_save
2025-11-06 12:34:18,284 [INFO] CodeEngine:289 - Generated code: C:\Users\jvmen\Documents\TG\code\AutoLogger\autoLoggerSDCard\Core\Src\gpio.c
2025-11-06 12:34:18,295 [INFO] CodeEngine:265 - oldGeneratedFile, C:\Users\jvmen\Documents\TG\code\AutoLogger\autoLoggerSDCard\Core\Inc\gpio.h_save
2025-11-06 12:34:18,452 [INFO] CodeEngine:289 - Generated code: C:\Users\jvmen\Documents\TG\code\AutoLogger\autoLoggerSDCard\Core\Inc\gpio.h
2025-11-06 12:34:19,011 [INFO] Middleware:1452 - No code input for Bsp Dependency
2025-11-06 12:34:19,017 [INFO] Middleware:1452 - No code input for Bsp Dependency
2025-11-06 12:34:19,032 [INFO] CodeEngine:265 - oldGeneratedFile, C:\Users\jvmen\Documents\TG\code\AutoLogger\autoLoggerSDCard\FATFS\Target\ffconf.h_save
2025-11-06 12:34:19,266 [INFO] CodeEngine:289 - Generated code: C:\Users\jvmen\Documents\TG\code\AutoLogger\autoLoggerSDCard\FATFS\Target\ffconf.h
2025-11-06 12:34:19,285 [INFO] CodeEngine:265 - oldGeneratedFile, C:\Users\jvmen\Documents\TG\code\AutoLogger\autoLoggerSDCard\FATFS\Target\user_diskio.c_save
2025-11-06 12:34:19,395 [INFO] CodeEngine:289 - Generated code: C:\Users\jvmen\Documents\TG\code\AutoLogger\autoLoggerSDCard\FATFS\Target\user_diskio.c
2025-11-06 12:34:19,410 [INFO] CodeEngine:265 - oldGeneratedFile, C:\Users\jvmen\Documents\TG\code\AutoLogger\autoLoggerSDCard\FATFS\Target\user_diskio.h_save
2025-11-06 12:34:19,513 [INFO] CodeEngine:289 - Generated code: C:\Users\jvmen\Documents\TG\code\AutoLogger\autoLoggerSDCard\FATFS\Target\user_diskio.h
2025-11-06 12:34:19,525 [INFO] CodeEngine:265 - oldGeneratedFile, C:\Users\jvmen\Documents\TG\code\AutoLogger\autoLoggerSDCard\FATFS\App\app_fatfs.c_save
2025-11-06 12:34:19,613 [INFO] CodeEngine:289 - Generated code: C:\Users\jvmen\Documents\TG\code\AutoLogger\autoLoggerSDCard\FATFS\App\app_fatfs.c
2025-11-06 12:34:19,624 [INFO] CodeEngine:265 - oldGeneratedFile, C:\Users\jvmen\Documents\TG\code\AutoLogger\autoLoggerSDCard\FATFS\App\app_fatfs.h_save
2025-11-06 12:34:19,740 [INFO] CodeEngine:289 - Generated code: C:\Users\jvmen\Documents\TG\code\AutoLogger\autoLoggerSDCard\FATFS\App\app_fatfs.h
2025-11-06 12:34:19,762 [INFO] CodeEngine:265 - oldGeneratedFile, C:\Users\jvmen\Documents\TG\code\AutoLogger\autoLoggerSDCard\Core\Src\i2c.c_save
2025-11-06 12:34:20,015 [INFO] CodeEngine:289 - Generated code: C:\Users\jvmen\Documents\TG\code\AutoLogger\autoLoggerSDCard\Core\Src\i2c.c
2025-11-06 12:34:20,030 [INFO] CodeEngine:265 - oldGeneratedFile, C:\Users\jvmen\Documents\TG\code\AutoLogger\autoLoggerSDCard\Core\Inc\i2c.h_save
2025-11-06 12:34:20,185 [INFO] CodeEngine:289 - Generated code: C:\Users\jvmen\Documents\TG\code\AutoLogger\autoLoggerSDCard\Core\Inc\i2c.h
2025-11-06 12:34:20,214 [INFO] CodeEngine:265 - oldGeneratedFile, C:\Users\jvmen\Documents\TG\code\AutoLogger\autoLoggerSDCard\Core\Src\usart.c_save
2025-11-06 12:34:20,516 [INFO] CodeEngine:289 - Generated code: C:\Users\jvmen\Documents\TG\code\AutoLogger\autoLoggerSDCard\Core\Src\usart.c
2025-11-06 12:34:20,528 [INFO] CodeEngine:265 - oldGeneratedFile, C:\Users\jvmen\Documents\TG\code\AutoLogger\autoLoggerSDCard\Core\Inc\usart.h_save
2025-11-06 12:34:20,655 [INFO] CodeEngine:289 - Generated code: C:\Users\jvmen\Documents\TG\code\AutoLogger\autoLoggerSDCard\Core\Inc\usart.h
2025-11-06 12:34:20,672 [INFO] CodeEngine:265 - oldGeneratedFile, C:\Users\jvmen\Documents\TG\code\AutoLogger\autoLoggerSDCard\Core\Src\spi.c_save
2025-11-06 12:34:20,873 [INFO] CodeEngine:289 - Generated code: C:\Users\jvmen\Documents\TG\code\AutoLogger\autoLoggerSDCard\Core\Src\spi.c
2025-11-06 12:34:20,890 [INFO] CodeEngine:265 - oldGeneratedFile, C:\Users\jvmen\Documents\TG\code\AutoLogger\autoLoggerSDCard\Core\Inc\spi.h_save
2025-11-06 12:34:21,007 [INFO] CodeEngine:289 - Generated code: C:\Users\jvmen\Documents\TG\code\AutoLogger\autoLoggerSDCard\Core\Inc\spi.h
2025-11-06 12:34:21,028 [INFO] CodeEngine:265 - oldGeneratedFile, C:\Users\jvmen\Documents\TG\code\AutoLogger\autoLoggerSDCard\Core\Src\tim.c_save
2025-11-06 12:34:21,269 [INFO] CodeEngine:289 - Generated code: C:\Users\jvmen\Documents\TG\code\AutoLogger\autoLoggerSDCard\Core\Src\tim.c
2025-11-06 12:34:21,288 [INFO] CodeEngine:265 - oldGeneratedFile, C:\Users\jvmen\Documents\TG\code\AutoLogger\autoLoggerSDCard\Core\Inc\tim.h_save
2025-11-06 12:34:21,422 [INFO] CodeEngine:289 - Generated code: C:\Users\jvmen\Documents\TG\code\AutoLogger\autoLoggerSDCard\Core\Inc\tim.h
2025-11-06 12:34:21,450 [INFO] CodeEngine:265 - oldGeneratedFile, C:\Users\jvmen\Documents\TG\code\AutoLogger\autoLoggerSDCard\Core\Src\stm32g4xx_it.c_save
2025-11-06 12:34:21,831 [INFO] CodeEngine:289 - Generated code: C:\Users\jvmen\Documents\TG\code\AutoLogger\autoLoggerSDCard\Core\Src\stm32g4xx_it.c
2025-11-06 12:34:21,844 [INFO] CodeEngine:265 - oldGeneratedFile, C:\Users\jvmen\Documents\TG\code\AutoLogger\autoLoggerSDCard\Core\Inc\stm32g4xx_it.h_save
2025-11-06 12:34:21,975 [INFO] CodeEngine:289 - Generated code: C:\Users\jvmen\Documents\TG\code\AutoLogger\autoLoggerSDCard\Core\Inc\stm32g4xx_it.h
2025-11-06 12:34:22,011 [INFO] CodeEngine:265 - oldGeneratedFile, C:\Users\jvmen\Documents\TG\code\AutoLogger\autoLoggerSDCard\Core\Src\stm32g4xx_hal_msp.c_save
2025-11-06 12:34:22,195 [INFO] CodeEngine:289 - Generated code: C:\Users\jvmen\Documents\TG\code\AutoLogger\autoLoggerSDCard\Core\Src\stm32g4xx_hal_msp.c
2025-11-06 12:34:22,210 [INFO] CodeEngine:265 - oldGeneratedFile, C:\Users\jvmen\Documents\TG\code\AutoLogger\autoLoggerSDCard\MXTmpFiles\system.tmp_save
2025-11-06 12:34:22,319 [INFO] CodeEngine:289 - Generated code: C:\Users\jvmen\Documents\TG\code\AutoLogger\autoLoggerSDCard\MXTmpFiles\system.tmp
2025-11-06 12:34:22,355 [INFO] CodeEngine:321 - oldGeneratedFile, C:\Users\jvmen\Documents\TG\code\AutoLogger\autoLoggerSDCard\Core\Inc\stm32g4xx_hal_conf.h_save
2025-11-06 12:34:22,583 [INFO] CodeEngine:345 - Generated code: C:\Users\jvmen\Documents\TG\code\AutoLogger\autoLoggerSDCard\Core\Inc\stm32g4xx_hal_conf.h
2025-11-06 12:34:22,633 [WARN] IPConfigManager:3238 - Warning: the RefConfig RCC_CommonPeriphClockConfig is not available in your config.xml file
2025-11-06 12:34:22,642 [INFO] ApiDbMcu:532 - Load IP Config File for I2C1
2025-11-06 12:34:22,653 [INFO] ApiDbMcu:532 - Load IP Config File for LPUART1
2025-11-06 12:34:22,666 [INFO] ApiDbMcu:532 - Load IP Config File for USART3
2025-11-06 12:34:22,670 [INFO] ApiDbMcu:532 - Load IP Config File for SPI2
2025-11-06 12:34:22,689 [INFO] ApiDbMcu:532 - Load IP Config File for TIM6
2025-11-06 12:34:22,695 [INFO] ApiDbMcu:532 - Load IP Config File for RCC
2025-11-06 12:34:22,723 [INFO] CodeEngine:265 - oldGeneratedFile, C:\Users\jvmen\Documents\TG\code\AutoLogger\autoLoggerSDCard\Core\Inc\main.h_save
2025-11-06 12:34:22,938 [INFO] CodeEngine:289 - Generated code: C:\Users\jvmen\Documents\TG\code\AutoLogger\autoLoggerSDCard\Core\Inc\main.h
2025-11-06 12:34:22,952 [INFO] CodeEngine:265 - oldGeneratedFile, C:\Users\jvmen\Documents\TG\code\AutoLogger\autoLoggerSDCard\Core\Src\main.c_save
2025-11-06 12:34:23,124 [INFO] CodeEngine:289 - Generated code: C:\Users\jvmen\Documents\TG\code\AutoLogger\autoLoggerSDCard\Core\Src\main.c
2025-11-06 12:34:23,747 [INFO] ProjectBuilder:3606 - Time for Copy HAL[1] : 401mS.
2025-11-06 12:34:23,763 [INFO] ProjectBuilder:5216 - Project Generator version: 4.7.0-B52
2025-11-06 12:34:23,864 [INFO] ConfigFileManager:1595 - The Die is : DIE469
2025-11-06 12:34:23,886 [INFO] ApiDbMcu:532 - Load IP Config File for FREERTOS
2025-11-06 12:34:23,908 [INFO] ApiDbMcu:532 - Load IP Config File for USBPD
2025-11-06 12:34:23,927 [INFO] ApiDbMcu:532 - Load IP Config File for USB_DEVICE
2025-11-06 12:34:27,493 [INFO] ProjectBuilder:5496 - Time for Generating toolchain IDE Files: 3730mS.
2025-11-06 12:34:27,494 [INFO] ProjectBuilder:3463 - Time for Copy CMSIS : 1mS.
2025-11-06 12:34:27,501 [INFO] ProjectBuilder:3463 - Time for Copy CMSIS : 0mS.
